<testsuites id="" name="" tests="119" failures="119" skipped="0" errors="0" time="178.37747099999999">
<testsuite name="billing-flows.spec.js" timestamp="2025-09-01T16:56:12.359Z" hostname="chromium" tests="17" failures="17" skipped="0" time="255.729" errors="0">
<testcase name="Billing Flows E2E Tests › should complete full user registration and credit balance check" classname="billing-flows.spec.js" time="20.502">
<failure message="billing-flows.spec.js:32:3 should complete full user registration and credit balance check" type="FAILURE">
<![CDATA[  [chromium] › billing-flows.spec.js:32:3 › Billing Flows E2E Tests › should complete full user registration and credit balance check 

    TimeoutError: page.waitForURL: Timeout 10000ms exceeded.
    =========================== logs ===========================
    waiting for navigation to "/" until "load"
    ============================================================

      40 |     await page.click('button[type="submit"]');
      41 |     
    > 42 |     await page.waitForURL('/', { timeout: 10000 });
         |                ^
      43 |     await expect(page.locator('#authentication')).toContainText(testUser.email);
      44 |
      45 |     // Check initial credit balance
        at C:\wamp64\www\image-harvest\tests\e2e\billing-flows.spec.js:42:16

    Error: JavaScript errors detected: 2 total (0 console, 2 uncaught)
    Details: {
      "consoleErrors": [],
      "uncaughtExceptions": [
        {
          "type": "uncaught_exception",
          "name": "SyntaxError",
          "message": "Identifier 'UserSystem' has already been declared",
          "stack": "",
          "timestamp": "2025-09-01T16:56:19.713Z",
          "url": "http://localhost:3200/register.html"
        },
        {
          "type": "uncaught_exception",
          "name": "SyntaxError",
          "message": "Identifier 'UserSystem' has already been declared",
          "stack": "",
          "timestamp": "2025-09-01T16:56:25.100Z",
          "url": "http://localhost:3200/register.html?email=billing-test-1756745774260%40example.com&password=TestPassword123%21&confirmPassword=TestPassword123%21"
        }
      ],
      "networkErrors": []
    }

       at utils\error-monitor.js:147

      145 |     if (summary.total > 0) {
      146 |       const errorDetails = JSON.stringify(this.getAllErrors(), null, 2);
    > 147 |       throw new Error(`JavaScript errors detected: ${summary.total} total (${summary.consoleErrors} console, ${summary.uncaughtExceptions} uncaught)\nDetails: ${errorDetails}`);
          |             ^
      148 |     }
      149 |   }
      150 |
        at ErrorMonitor.assertNoJavaScriptErrors (C:\wamp64\www\image-harvest\tests\e2e\utils\error-monitor.js:147:13)
        at C:\wamp64\www\image-harvest\tests\e2e\billing-flows.spec.js:25:26

    attachment #1: screenshot (image/png) ──────────────────────────────────────────────────────────
    ..\..\test-results\billing-flows-Billing-Flow-28bcf-on-and-credit-balance-check-chromium\test-failed-1.png
    ────────────────────────────────────────────────────────────────────────────────────────────────

    attachment #2: video (video/webm) ──────────────────────────────────────────────────────────────
    ..\..\test-results\billing-flows-Billing-Flow-28bcf-on-and-credit-balance-check-chromium\video.webm
    ────────────────────────────────────────────────────────────────────────────────────────────────

    Error Context: ..\..\test-results\billing-flows-Billing-Flow-28bcf-on-and-credit-balance-check-chromium\error-context.md
]]>
</failure>
<system-out>
<![CDATA[Note: Could not clear browser storage (this is normal in some test environments)

🚨 JavaScript Errors Detected:
Summary: {
  total: [33m2[39m,
  consoleErrors: [33m0[39m,
  uncaughtExceptions: [33m2[39m,
  networkErrors: [33m0[39m,
  critical: [33m2[39m,
  variableReference: [33m0[39m,
  syntax: [33m2[39m
}

Uncaught Exceptions:
  1. SyntaxError: Identifier 'UserSystem' has already been declared (http://localhost:3200/register.html)
  2. SyntaxError: Identifier 'UserSystem' has already been declared (http://localhost:3200/register.html?email=billing-test-1756745774260%40example.com&password=TestPassword123%21&confirmPassword=TestPassword123%21)

[[ATTACHMENT|..\test-results\billing-flows-Billing-Flow-28bcf-on-and-credit-balance-check-chromium\test-failed-1.png]]

[[ATTACHMENT|..\test-results\billing-flows-Billing-Flow-28bcf-on-and-credit-balance-check-chromium\video.webm]]

[[ATTACHMENT|..\test-results\billing-flows-Billing-Flow-28bcf-on-and-credit-balance-check-chromium\error-context.md]]
]]>
</system-out>
</testcase>
<testcase name="Billing Flows E2E Tests › should display credit packages correctly" classname="billing-flows.spec.js" time="19.499">
<failure message="billing-flows.spec.js:54:3 should display credit packages correctly" type="FAILURE">
<![CDATA[  [chromium] › billing-flows.spec.js:54:3 › Billing Flows E2E Tests › should display credit packages correctly 

    TimeoutError: page.waitForURL: Timeout 10000ms exceeded.
    =========================== logs ===========================
    waiting for navigation to "/" until "load"
    ============================================================

      58 |     await page.fill('#loginPassword', testUser.password);
      59 |     await page.click('button[type="submit"]');
    > 60 |     await page.waitForURL('/', { timeout: 10000 });
         |                ^
      61 |
      62 |     // Navigate to credit packages
      63 |     await page.goto('/api/credit-packages', { waitUntil: 'networkidle' });
        at C:\wamp64\www\image-harvest\tests\e2e\billing-flows.spec.js:60:16

    Error: JavaScript errors detected: 2 total (0 console, 2 uncaught)
    Details: {
      "consoleErrors": [],
      "uncaughtExceptions": [
        {
          "type": "uncaught_exception",
          "name": "SyntaxError",
          "message": "Identifier 'UserSystem' has already been declared",
          "stack": "",
          "timestamp": "2025-09-01T16:56:19.741Z",
          "url": "http://localhost:3200/login.html"
        },
        {
          "type": "uncaught_exception",
          "name": "SyntaxError",
          "message": "Identifier 'UserSystem' has already been declared",
          "stack": "",
          "timestamp": "2025-09-01T16:56:24.517Z",
          "url": "http://localhost:3200/login.html?email=billing-test-1756745774255%40example.com&password=TestPassword123%21"
        }
      ],
      "networkErrors": []
    }

       at utils\error-monitor.js:147

      145 |     if (summary.total > 0) {
      146 |       const errorDetails = JSON.stringify(this.getAllErrors(), null, 2);
    > 147 |       throw new Error(`JavaScript errors detected: ${summary.total} total (${summary.consoleErrors} console, ${summary.uncaughtExceptions} uncaught)\nDetails: ${errorDetails}`);
          |             ^
      148 |     }
      149 |   }
      150 |
        at ErrorMonitor.assertNoJavaScriptErrors (C:\wamp64\www\image-harvest\tests\e2e\utils\error-monitor.js:147:13)
        at C:\wamp64\www\image-harvest\tests\e2e\billing-flows.spec.js:25:26

    attachment #1: screenshot (image/png) ──────────────────────────────────────────────────────────
    ..\..\test-results\billing-flows-Billing-Flow-103d8-y-credit-packages-correctly-chromium\test-failed-1.png
    ────────────────────────────────────────────────────────────────────────────────────────────────

    attachment #2: video (video/webm) ──────────────────────────────────────────────────────────────
    ..\..\test-results\billing-flows-Billing-Flow-103d8-y-credit-packages-correctly-chromium\video.webm
    ────────────────────────────────────────────────────────────────────────────────────────────────

    Error Context: ..\..\test-results\billing-flows-Billing-Flow-103d8-y-credit-packages-correctly-chromium\error-context.md
]]>
</failure>
<system-out>
<![CDATA[Note: Could not clear browser storage (this is normal in some test environments)

🚨 JavaScript Errors Detected:
Summary: {
  total: [33m2[39m,
  consoleErrors: [33m0[39m,
  uncaughtExceptions: [33m2[39m,
  networkErrors: [33m0[39m,
  critical: [33m2[39m,
  variableReference: [33m0[39m,
  syntax: [33m2[39m
}

Uncaught Exceptions:
  1. SyntaxError: Identifier 'UserSystem' has already been declared (http://localhost:3200/login.html)
  2. SyntaxError: Identifier 'UserSystem' has already been declared (http://localhost:3200/login.html?email=billing-test-1756745774255%40example.com&password=TestPassword123%21)

[[ATTACHMENT|..\test-results\billing-flows-Billing-Flow-103d8-y-credit-packages-correctly-chromium\test-failed-1.png]]

[[ATTACHMENT|..\test-results\billing-flows-Billing-Flow-103d8-y-credit-packages-correctly-chromium\video.webm]]

[[ATTACHMENT|..\test-results\billing-flows-Billing-Flow-103d8-y-credit-packages-correctly-chromium\error-context.md]]
]]>
</system-out>
</testcase>
<testcase name="Billing Flows E2E Tests › should create Stripe checkout session successfully" classname="billing-flows.spec.js" time="19.438">
<failure message="billing-flows.spec.js:78:3 should create Stripe checkout session successfully" type="FAILURE">
<![CDATA[  [chromium] › billing-flows.spec.js:78:3 › Billing Flows E2E Tests › should create Stripe checkout session successfully 

    TimeoutError: page.waitForURL: Timeout 10000ms exceeded.
    =========================== logs ===========================
    waiting for navigation to "/" until "load"
    ============================================================

      82 |     await page.fill('#loginPassword', testUser.password);
      83 |     await page.click('button[type="submit"]');
    > 84 |     await page.waitForURL('/', { timeout: 10000 });
         |                ^
      85 |
      86 |     // Create checkout session
      87 |     const response = await page.request.post('/create-checkout-session', {
        at C:\wamp64\www\image-harvest\tests\e2e\billing-flows.spec.js:84:16

    Error: JavaScript errors detected: 2 total (0 console, 2 uncaught)
    Details: {
      "consoleErrors": [],
      "uncaughtExceptions": [
        {
          "type": "uncaught_exception",
          "name": "SyntaxError",
          "message": "Identifier 'UserSystem' has already been declared",
          "stack": "",
          "timestamp": "2025-09-01T16:56:19.620Z",
          "url": "http://localhost:3200/login.html"
        },
        {
          "type": "uncaught_exception",
          "name": "SyntaxError",
          "message": "Identifier 'UserSystem' has already been declared",
          "stack": "",
          "timestamp": "2025-09-01T16:56:24.254Z",
          "url": "http://localhost:3200/login.html?email=billing-test-1756745774228%40example.com&password=TestPassword123%21"
        }
      ],
      "networkErrors": []
    }

       at utils\error-monitor.js:147

      145 |     if (summary.total > 0) {
      146 |       const errorDetails = JSON.stringify(this.getAllErrors(), null, 2);
    > 147 |       throw new Error(`JavaScript errors detected: ${summary.total} total (${summary.consoleErrors} console, ${summary.uncaughtExceptions} uncaught)\nDetails: ${errorDetails}`);
          |             ^
      148 |     }
      149 |   }
      150 |
        at ErrorMonitor.assertNoJavaScriptErrors (C:\wamp64\www\image-harvest\tests\e2e\utils\error-monitor.js:147:13)
        at C:\wamp64\www\image-harvest\tests\e2e\billing-flows.spec.js:25:26

    attachment #1: screenshot (image/png) ──────────────────────────────────────────────────────────
    ..\..\test-results\billing-flows-Billing-Flow-c2bb0-eckout-session-successfully-chromium\test-failed-1.png
    ────────────────────────────────────────────────────────────────────────────────────────────────

    attachment #2: video (video/webm) ──────────────────────────────────────────────────────────────
    ..\..\test-results\billing-flows-Billing-Flow-c2bb0-eckout-session-successfully-chromium\video.webm
    ────────────────────────────────────────────────────────────────────────────────────────────────

    Error Context: ..\..\test-results\billing-flows-Billing-Flow-c2bb0-eckout-session-successfully-chromium\error-context.md
]]>
</failure>
<system-out>
<![CDATA[Note: Could not clear browser storage (this is normal in some test environments)

🚨 JavaScript Errors Detected:
Summary: {
  total: [33m2[39m,
  consoleErrors: [33m0[39m,
  uncaughtExceptions: [33m2[39m,
  networkErrors: [33m0[39m,
  critical: [33m2[39m,
  variableReference: [33m0[39m,
  syntax: [33m2[39m
}

Uncaught Exceptions:
  1. SyntaxError: Identifier 'UserSystem' has already been declared (http://localhost:3200/login.html)
  2. SyntaxError: Identifier 'UserSystem' has already been declared (http://localhost:3200/login.html?email=billing-test-1756745774228%40example.com&password=TestPassword123%21)

[[ATTACHMENT|..\test-results\billing-flows-Billing-Flow-c2bb0-eckout-session-successfully-chromium\test-failed-1.png]]

[[ATTACHMENT|..\test-results\billing-flows-Billing-Flow-c2bb0-eckout-session-successfully-chromium\video.webm]]

[[ATTACHMENT|..\test-results\billing-flows-Billing-Flow-c2bb0-eckout-session-successfully-chromium\error-context.md]]
]]>
</system-out>
</testcase>
<testcase name="Billing Flows E2E Tests › should handle rate limiting on checkout attempts" classname="billing-flows.spec.js" time="19.4">
<failure message="billing-flows.spec.js:98:3 should handle rate limiting on checkout attempts" type="FAILURE">
<![CDATA[  [chromium] › billing-flows.spec.js:98:3 › Billing Flows E2E Tests › should handle rate limiting on checkout attempts 

    TimeoutError: page.waitForURL: Timeout 10000ms exceeded.
    =========================== logs ===========================
    waiting for navigation to "/" until "load"
    ============================================================

      102 |     await page.fill('#loginPassword', testUser.password);
      103 |     await page.click('button[type="submit"]');
    > 104 |     await page.waitForURL('/', { timeout: 10000 });
          |                ^
      105 |
      106 |     // Make multiple rapid checkout attempts
      107 |     const promises = [];
        at C:\wamp64\www\image-harvest\tests\e2e\billing-flows.spec.js:104:16

    Error: JavaScript errors detected: 2 total (0 console, 2 uncaught)
    Details: {
      "consoleErrors": [],
      "uncaughtExceptions": [
        {
          "type": "uncaught_exception",
          "name": "SyntaxError",
          "message": "Identifier 'UserSystem' has already been declared",
          "stack": "",
          "timestamp": "2025-09-01T16:56:19.620Z",
          "url": "http://localhost:3200/login.html"
        },
        {
          "type": "uncaught_exception",
          "name": "SyntaxError",
          "message": "Identifier 'UserSystem' has already been declared",
          "stack": "",
          "timestamp": "2025-09-01T16:56:24.177Z",
          "url": "http://localhost:3200/login.html?email=billing-test-1756745774205%40example.com&password=TestPassword123%21"
        }
      ],
      "networkErrors": []
    }

       at utils\error-monitor.js:147

      145 |     if (summary.total > 0) {
      146 |       const errorDetails = JSON.stringify(this.getAllErrors(), null, 2);
    > 147 |       throw new Error(`JavaScript errors detected: ${summary.total} total (${summary.consoleErrors} console, ${summary.uncaughtExceptions} uncaught)\nDetails: ${errorDetails}`);
          |             ^
      148 |     }
      149 |   }
      150 |
        at ErrorMonitor.assertNoJavaScriptErrors (C:\wamp64\www\image-harvest\tests\e2e\utils\error-monitor.js:147:13)
        at C:\wamp64\www\image-harvest\tests\e2e\billing-flows.spec.js:25:26

    attachment #1: screenshot (image/png) ──────────────────────────────────────────────────────────
    ..\..\test-results\billing-flows-Billing-Flow-022ae-miting-on-checkout-attempts-chromium\test-failed-1.png
    ────────────────────────────────────────────────────────────────────────────────────────────────

    attachment #2: video (video/webm) ──────────────────────────────────────────────────────────────
    ..\..\test-results\billing-flows-Billing-Flow-022ae-miting-on-checkout-attempts-chromium\video.webm
    ────────────────────────────────────────────────────────────────────────────────────────────────

    Error Context: ..\..\test-results\billing-flows-Billing-Flow-022ae-miting-on-checkout-attempts-chromium\error-context.md
]]>
</failure>
<system-out>
<![CDATA[Note: Could not clear browser storage (this is normal in some test environments)

🚨 JavaScript Errors Detected:
Summary: {
  total: [33m2[39m,
  consoleErrors: [33m0[39m,
  uncaughtExceptions: [33m2[39m,
  networkErrors: [33m0[39m,
  critical: [33m2[39m,
  variableReference: [33m0[39m,
  syntax: [33m2[39m
}

Uncaught Exceptions:
  1. SyntaxError: Identifier 'UserSystem' has already been declared (http://localhost:3200/login.html)
  2. SyntaxError: Identifier 'UserSystem' has already been declared (http://localhost:3200/login.html?email=billing-test-1756745774205%40example.com&password=TestPassword123%21)

[[ATTACHMENT|..\test-results\billing-flows-Billing-Flow-022ae-miting-on-checkout-attempts-chromium\test-failed-1.png]]

[[ATTACHMENT|..\test-results\billing-flows-Billing-Flow-022ae-miting-on-checkout-attempts-chromium\video.webm]]

[[ATTACHMENT|..\test-results\billing-flows-Billing-Flow-022ae-miting-on-checkout-attempts-chromium\error-context.md]]
]]>
</system-out>
</testcase>
<testcase name="Billing Flows E2E Tests › should process webhook events correctly" classname="billing-flows.spec.js" time="1.378">
<failure message="billing-flows.spec.js:127:3 should process webhook events correctly" type="FAILURE">
<![CDATA[  [chromium] › billing-flows.spec.js:127:3 › Billing Flows E2E Tests › should process webhook events correctly 

    Error: expect(received).toBe(expected) // Object.is equality

    Expected: 200
    Received: 404

      152 |
      153 |     // Webhook should always return 200 even if processing fails
    > 154 |     expect(response.status()).toBe(200);
          |                               ^
      155 |   });
      156 |
      157 |   test('should handle payment status checks', async ({ page }) => {
        at C:\wamp64\www\image-harvest\tests\e2e\billing-flows.spec.js:154:31

    attachment #1: screenshot (image/png) ──────────────────────────────────────────────────────────
    ..\..\test-results\billing-flows-Billing-Flow-51087-ss-webhook-events-correctly-chromium\test-failed-1.png
    ────────────────────────────────────────────────────────────────────────────────────────────────

    attachment #2: video (video/webm) ──────────────────────────────────────────────────────────────
    ..\..\test-results\billing-flows-Billing-Flow-51087-ss-webhook-events-correctly-chromium\video.webm
    ────────────────────────────────────────────────────────────────────────────────────────────────
]]>
</failure>
<system-out>
<![CDATA[Note: Could not clear browser storage (this is normal in some test environments)

[[ATTACHMENT|..\test-results\billing-flows-Billing-Flow-51087-ss-webhook-events-correctly-chromium\test-failed-1.png]]

[[ATTACHMENT|..\test-results\billing-flows-Billing-Flow-51087-ss-webhook-events-correctly-chromium\video.webm]]
]]>
</system-out>
</testcase>
<testcase name="Billing Flows E2E Tests › should handle payment status checks" classname="billing-flows.spec.js" time="19.562">
<failure message="billing-flows.spec.js:157:3 should handle payment status checks" type="FAILURE">
<![CDATA[  [chromium] › billing-flows.spec.js:157:3 › Billing Flows E2E Tests › should handle payment status checks 

    TimeoutError: page.waitForURL: Timeout 10000ms exceeded.
    =========================== logs ===========================
    waiting for navigation to "/" until "load"
    ============================================================

      161 |     await page.fill('#loginPassword', testUser.password);
      162 |     await page.click('button[type="submit"]');
    > 163 |     await page.waitForURL('/', { timeout: 10000 });
          |                ^
      164 |
      165 |     // Check payment status for a test session
      166 |     const response = await page.request.get('/api/payment/status/cs_test_session', {
        at C:\wamp64\www\image-harvest\tests\e2e\billing-flows.spec.js:163:16

    Error: JavaScript errors detected: 2 total (0 console, 2 uncaught)
    Details: {
      "consoleErrors": [],
      "uncaughtExceptions": [
        {
          "type": "uncaught_exception",
          "name": "SyntaxError",
          "message": "Identifier 'UserSystem' has already been declared",
          "stack": "",
          "timestamp": "2025-09-01T16:56:19.634Z",
          "url": "http://localhost:3200/login.html"
        },
        {
          "type": "uncaught_exception",
          "name": "SyntaxError",
          "message": "Identifier 'UserSystem' has already been declared",
          "stack": "",
          "timestamp": "2025-09-01T16:56:24.803Z",
          "url": "http://localhost:3200/login.html?email=billing-test-1756745774252%40example.com&password=TestPassword123%21"
        }
      ],
      "networkErrors": []
    }

       at utils\error-monitor.js:147

      145 |     if (summary.total > 0) {
      146 |       const errorDetails = JSON.stringify(this.getAllErrors(), null, 2);
    > 147 |       throw new Error(`JavaScript errors detected: ${summary.total} total (${summary.consoleErrors} console, ${summary.uncaughtExceptions} uncaught)\nDetails: ${errorDetails}`);
          |             ^
      148 |     }
      149 |   }
      150 |
        at ErrorMonitor.assertNoJavaScriptErrors (C:\wamp64\www\image-harvest\tests\e2e\utils\error-monitor.js:147:13)
        at C:\wamp64\www\image-harvest\tests\e2e\billing-flows.spec.js:25:26

    attachment #1: screenshot (image/png) ──────────────────────────────────────────────────────────
    ..\..\test-results\billing-flows-Billing-Flow-d3244-andle-payment-status-checks-chromium\test-failed-1.png
    ────────────────────────────────────────────────────────────────────────────────────────────────

    attachment #2: video (video/webm) ──────────────────────────────────────────────────────────────
    ..\..\test-results\billing-flows-Billing-Flow-d3244-andle-payment-status-checks-chromium\video.webm
    ────────────────────────────────────────────────────────────────────────────────────────────────

    Error Context: ..\..\test-results\billing-flows-Billing-Flow-d3244-andle-payment-status-checks-chromium\error-context.md
]]>
</failure>
<system-out>
<![CDATA[Note: Could not clear browser storage (this is normal in some test environments)

🚨 JavaScript Errors Detected:
Summary: {
  total: [33m2[39m,
  consoleErrors: [33m0[39m,
  uncaughtExceptions: [33m2[39m,
  networkErrors: [33m0[39m,
  critical: [33m2[39m,
  variableReference: [33m0[39m,
  syntax: [33m2[39m
}

Uncaught Exceptions:
  1. SyntaxError: Identifier 'UserSystem' has already been declared (http://localhost:3200/login.html)
  2. SyntaxError: Identifier 'UserSystem' has already been declared (http://localhost:3200/login.html?email=billing-test-1756745774252%40example.com&password=TestPassword123%21)

[[ATTACHMENT|..\test-results\billing-flows-Billing-Flow-d3244-andle-payment-status-checks-chromium\test-failed-1.png]]

[[ATTACHMENT|..\test-results\billing-flows-Billing-Flow-d3244-andle-payment-status-checks-chromium\video.webm]]

[[ATTACHMENT|..\test-results\billing-flows-Billing-Flow-d3244-andle-payment-status-checks-chromium\error-context.md]]
]]>
</system-out>
</testcase>
<testcase name="Billing Flows E2E Tests › should handle credit debit operations" classname="billing-flows.spec.js" time="19.474">
<failure message="billing-flows.spec.js:176:3 should handle credit debit operations" type="FAILURE">
<![CDATA[  [chromium] › billing-flows.spec.js:176:3 › Billing Flows E2E Tests › should handle credit debit operations 

    TimeoutError: page.waitForURL: Timeout 10000ms exceeded.
    =========================== logs ===========================
    waiting for navigation to "/" until "load"
    ============================================================

      180 |     await page.fill('#loginPassword', testUser.password);
      181 |     await page.click('button[type="submit"]');
    > 182 |     await page.waitForURL('/', { timeout: 10000 });
          |                ^
      183 |
      184 |     // Since we don't have a direct debit API, we'll test the credit balance API
      185 |     const response = await page.request.get('/api/user/credits', {
        at C:\wamp64\www\image-harvest\tests\e2e\billing-flows.spec.js:182:16

    Error: JavaScript errors detected: 2 total (0 console, 2 uncaught)
    Details: {
      "consoleErrors": [],
      "uncaughtExceptions": [
        {
          "type": "uncaught_exception",
          "name": "SyntaxError",
          "message": "Identifier 'UserSystem' has already been declared",
          "stack": "",
          "timestamp": "2025-09-01T16:56:19.516Z",
          "url": "http://localhost:3200/login.html"
        },
        {
          "type": "uncaught_exception",
          "name": "SyntaxError",
          "message": "Identifier 'UserSystem' has already been declared",
          "stack": "",
          "timestamp": "2025-09-01T16:56:24.403Z",
          "url": "http://localhost:3200/login.html?email=billing-test-1756745774203%40example.com&password=TestPassword123%21"
        }
      ],
      "networkErrors": []
    }

       at utils\error-monitor.js:147

      145 |     if (summary.total > 0) {
      146 |       const errorDetails = JSON.stringify(this.getAllErrors(), null, 2);
    > 147 |       throw new Error(`JavaScript errors detected: ${summary.total} total (${summary.consoleErrors} console, ${summary.uncaughtExceptions} uncaught)\nDetails: ${errorDetails}`);
          |             ^
      148 |     }
      149 |   }
      150 |
        at ErrorMonitor.assertNoJavaScriptErrors (C:\wamp64\www\image-harvest\tests\e2e\utils\error-monitor.js:147:13)
        at C:\wamp64\www\image-harvest\tests\e2e\billing-flows.spec.js:25:26

    attachment #1: screenshot (image/png) ──────────────────────────────────────────────────────────
    ..\..\test-results\billing-flows-Billing-Flow-46051-dle-credit-debit-operations-chromium\test-failed-1.png
    ────────────────────────────────────────────────────────────────────────────────────────────────

    attachment #2: video (video/webm) ──────────────────────────────────────────────────────────────
    ..\..\test-results\billing-flows-Billing-Flow-46051-dle-credit-debit-operations-chromium\video.webm
    ────────────────────────────────────────────────────────────────────────────────────────────────

    Error Context: ..\..\test-results\billing-flows-Billing-Flow-46051-dle-credit-debit-operations-chromium\error-context.md
]]>
</failure>
<system-out>
<![CDATA[Note: Could not clear browser storage (this is normal in some test environments)

🚨 JavaScript Errors Detected:
Summary: {
  total: [33m2[39m,
  consoleErrors: [33m0[39m,
  uncaughtExceptions: [33m2[39m,
  networkErrors: [33m0[39m,
  critical: [33m2[39m,
  variableReference: [33m0[39m,
  syntax: [33m2[39m
}

Uncaught Exceptions:
  1. SyntaxError: Identifier 'UserSystem' has already been declared (http://localhost:3200/login.html)
  2. SyntaxError: Identifier 'UserSystem' has already been declared (http://localhost:3200/login.html?email=billing-test-1756745774203%40example.com&password=TestPassword123%21)

[[ATTACHMENT|..\test-results\billing-flows-Billing-Flow-46051-dle-credit-debit-operations-chromium\test-failed-1.png]]

[[ATTACHMENT|..\test-results\billing-flows-Billing-Flow-46051-dle-credit-debit-operations-chromium\video.webm]]

[[ATTACHMENT|..\test-results\billing-flows-Billing-Flow-46051-dle-credit-debit-operations-chromium\error-context.md]]
]]>
</system-out>
</testcase>
<testcase name="Billing Flows E2E Tests › should handle promo code redemption" classname="billing-flows.spec.js" time="19.559">
<failure message="billing-flows.spec.js:196:3 should handle promo code redemption" type="FAILURE">
<![CDATA[  [chromium] › billing-flows.spec.js:196:3 › Billing Flows E2E Tests › should handle promo code redemption 

    TimeoutError: page.waitForURL: Timeout 10000ms exceeded.
    =========================== logs ===========================
    waiting for navigation to "/" until "load"
    ============================================================

      200 |     await page.fill('#loginPassword', testUser.password);
      201 |     await page.click('button[type="submit"]');
    > 202 |     await page.waitForURL('/', { timeout: 10000 });
          |                ^
      203 |
      204 |     // Since we don't have a promo code system in our current setup, test credit balance instead
      205 |     const response = await page.request.get('/api/user/credits', {
        at C:\wamp64\www\image-harvest\tests\e2e\billing-flows.spec.js:202:16

    Error: JavaScript errors detected: 2 total (0 console, 2 uncaught)
    Details: {
      "consoleErrors": [],
      "uncaughtExceptions": [
        {
          "type": "uncaught_exception",
          "name": "SyntaxError",
          "message": "Identifier 'UserSystem' has already been declared",
          "stack": "",
          "timestamp": "2025-09-01T16:56:19.765Z",
          "url": "http://localhost:3200/login.html"
        },
        {
          "type": "uncaught_exception",
          "name": "SyntaxError",
          "message": "Identifier 'UserSystem' has already been declared",
          "stack": "",
          "timestamp": "2025-09-01T16:56:24.493Z",
          "url": "http://localhost:3200/login.html?email=billing-test-1756745774250%40example.com&password=TestPassword123%21"
        }
      ],
      "networkErrors": []
    }

       at utils\error-monitor.js:147

      145 |     if (summary.total > 0) {
      146 |       const errorDetails = JSON.stringify(this.getAllErrors(), null, 2);
    > 147 |       throw new Error(`JavaScript errors detected: ${summary.total} total (${summary.consoleErrors} console, ${summary.uncaughtExceptions} uncaught)\nDetails: ${errorDetails}`);
          |             ^
      148 |     }
      149 |   }
      150 |
        at ErrorMonitor.assertNoJavaScriptErrors (C:\wamp64\www\image-harvest\tests\e2e\utils\error-monitor.js:147:13)
        at C:\wamp64\www\image-harvest\tests\e2e\billing-flows.spec.js:25:26

    attachment #1: screenshot (image/png) ──────────────────────────────────────────────────────────
    ..\..\test-results\billing-flows-Billing-Flow-5f575-andle-promo-code-redemption-chromium\test-failed-1.png
    ────────────────────────────────────────────────────────────────────────────────────────────────

    attachment #2: video (video/webm) ──────────────────────────────────────────────────────────────
    ..\..\test-results\billing-flows-Billing-Flow-5f575-andle-promo-code-redemption-chromium\video.webm
    ────────────────────────────────────────────────────────────────────────────────────────────────

    Error Context: ..\..\test-results\billing-flows-Billing-Flow-5f575-andle-promo-code-redemption-chromium\error-context.md
]]>
</failure>
<system-out>
<![CDATA[Note: Could not clear browser storage (this is normal in some test environments)

🚨 JavaScript Errors Detected:
Summary: {
  total: [33m2[39m,
  consoleErrors: [33m0[39m,
  uncaughtExceptions: [33m2[39m,
  networkErrors: [33m0[39m,
  critical: [33m2[39m,
  variableReference: [33m0[39m,
  syntax: [33m2[39m
}

Uncaught Exceptions:
  1. SyntaxError: Identifier 'UserSystem' has already been declared (http://localhost:3200/login.html)
  2. SyntaxError: Identifier 'UserSystem' has already been declared (http://localhost:3200/login.html?email=billing-test-1756745774250%40example.com&password=TestPassword123%21)

[[ATTACHMENT|..\test-results\billing-flows-Billing-Flow-5f575-andle-promo-code-redemption-chromium\test-failed-1.png]]

[[ATTACHMENT|..\test-results\billing-flows-Billing-Flow-5f575-andle-promo-code-redemption-chromium\video.webm]]

[[ATTACHMENT|..\test-results\billing-flows-Billing-Flow-5f575-andle-promo-code-redemption-chromium\error-context.md]]
]]>
</system-out>
</testcase>
<testcase name="Billing Flows E2E Tests › should display credit history correctly" classname="billing-flows.spec.js" time="19.548">
<failure message="billing-flows.spec.js:216:3 should display credit history correctly" type="FAILURE">
<![CDATA[  [chromium] › billing-flows.spec.js:216:3 › Billing Flows E2E Tests › should display credit history correctly 

    TimeoutError: page.waitForURL: Timeout 10000ms exceeded.
    =========================== logs ===========================
    waiting for navigation to "/" until "load"
    ============================================================

      220 |     await page.fill('#loginPassword', testUser.password);
      221 |     await page.click('button[type="submit"]');
    > 222 |     await page.waitForURL('/', { timeout: 10000 });
          |                ^
      223 |
      224 |     // Get credit history
      225 |     const response = await page.request.get('/api/user/credits', {
        at C:\wamp64\www\image-harvest\tests\e2e\billing-flows.spec.js:222:16

    Error: JavaScript errors detected: 2 total (0 console, 2 uncaught)
    Details: {
      "consoleErrors": [],
      "uncaughtExceptions": [
        {
          "type": "uncaught_exception",
          "name": "SyntaxError",
          "message": "Identifier 'UserSystem' has already been declared",
          "stack": "",
          "timestamp": "2025-09-01T16:56:20.264Z",
          "url": "http://localhost:3200/login.html"
        },
        {
          "type": "uncaught_exception",
          "name": "SyntaxError",
          "message": "Identifier 'UserSystem' has already been declared",
          "stack": "",
          "timestamp": "2025-09-01T16:56:24.827Z",
          "url": "http://localhost:3200/login.html?email=billing-test-1756745774264%40example.com&password=TestPassword123%21"
        }
      ],
      "networkErrors": []
    }

       at utils\error-monitor.js:147

      145 |     if (summary.total > 0) {
      146 |       const errorDetails = JSON.stringify(this.getAllErrors(), null, 2);
    > 147 |       throw new Error(`JavaScript errors detected: ${summary.total} total (${summary.consoleErrors} console, ${summary.uncaughtExceptions} uncaught)\nDetails: ${errorDetails}`);
          |             ^
      148 |     }
      149 |   }
      150 |
        at ErrorMonitor.assertNoJavaScriptErrors (C:\wamp64\www\image-harvest\tests\e2e\utils\error-monitor.js:147:13)
        at C:\wamp64\www\image-harvest\tests\e2e\billing-flows.spec.js:25:26

    attachment #1: screenshot (image/png) ──────────────────────────────────────────────────────────
    ..\..\test-results\billing-flows-Billing-Flow-61124-ay-credit-history-correctly-chromium\test-failed-1.png
    ────────────────────────────────────────────────────────────────────────────────────────────────

    attachment #2: video (video/webm) ──────────────────────────────────────────────────────────────
    ..\..\test-results\billing-flows-Billing-Flow-61124-ay-credit-history-correctly-chromium\video.webm
    ────────────────────────────────────────────────────────────────────────────────────────────────

    Error Context: ..\..\test-results\billing-flows-Billing-Flow-61124-ay-credit-history-correctly-chromium\error-context.md
]]>
</failure>
<system-out>
<![CDATA[Note: Could not clear browser storage (this is normal in some test environments)

🚨 JavaScript Errors Detected:
Summary: {
  total: [33m2[39m,
  consoleErrors: [33m0[39m,
  uncaughtExceptions: [33m2[39m,
  networkErrors: [33m0[39m,
  critical: [33m2[39m,
  variableReference: [33m0[39m,
  syntax: [33m2[39m
}

Uncaught Exceptions:
  1. SyntaxError: Identifier 'UserSystem' has already been declared (http://localhost:3200/login.html)
  2. SyntaxError: Identifier 'UserSystem' has already been declared (http://localhost:3200/login.html?email=billing-test-1756745774264%40example.com&password=TestPassword123%21)

[[ATTACHMENT|..\test-results\billing-flows-Billing-Flow-61124-ay-credit-history-correctly-chromium\test-failed-1.png]]

[[ATTACHMENT|..\test-results\billing-flows-Billing-Flow-61124-ay-credit-history-correctly-chromium\video.webm]]

[[ATTACHMENT|..\test-results\billing-flows-Billing-Flow-61124-ay-credit-history-correctly-chromium\error-context.md]]
]]>
</system-out>
</testcase>
<testcase name="Billing Flows E2E Tests › should handle refund operations" classname="billing-flows.spec.js" time="19.409">
<failure message="billing-flows.spec.js:239:3 should handle refund operations" type="FAILURE">
<![CDATA[  [chromium] › billing-flows.spec.js:239:3 › Billing Flows E2E Tests › should handle refund operations 

    TimeoutError: page.waitForURL: Timeout 10000ms exceeded.
    =========================== logs ===========================
    waiting for navigation to "/" until "load"
    ============================================================

      243 |     await page.fill('#loginPassword', testUser.password);
      244 |     await page.click('button[type="submit"]');
    > 245 |     await page.waitForURL('/', { timeout: 10000 });
          |                ^
      246 |
      247 |     // Since we don't have a refund API, test payment status instead
      248 |     const response = await page.request.get('/api/payment/status/cs_test_session', {
        at C:\wamp64\www\image-harvest\tests\e2e\billing-flows.spec.js:245:16

    Error: JavaScript errors detected: 2 total (0 console, 2 uncaught)
    Details: {
      "consoleErrors": [],
      "uncaughtExceptions": [
        {
          "type": "uncaught_exception",
          "name": "SyntaxError",
          "message": "Identifier 'UserSystem' has already been declared",
          "stack": "",
          "timestamp": "2025-09-01T16:56:19.777Z",
          "url": "http://localhost:3200/login.html"
        },
        {
          "type": "uncaught_exception",
          "name": "SyntaxError",
          "message": "Identifier 'UserSystem' has already been declared",
          "stack": "",
          "timestamp": "2025-09-01T16:56:24.620Z",
          "url": "http://localhost:3200/login.html?email=billing-test-1756745774210%40example.com&password=TestPassword123%21"
        }
      ],
      "networkErrors": []
    }

       at utils\error-monitor.js:147

      145 |     if (summary.total > 0) {
      146 |       const errorDetails = JSON.stringify(this.getAllErrors(), null, 2);
    > 147 |       throw new Error(`JavaScript errors detected: ${summary.total} total (${summary.consoleErrors} console, ${summary.uncaughtExceptions} uncaught)\nDetails: ${errorDetails}`);
          |             ^
      148 |     }
      149 |   }
      150 |
        at ErrorMonitor.assertNoJavaScriptErrors (C:\wamp64\www\image-harvest\tests\e2e\utils\error-monitor.js:147:13)
        at C:\wamp64\www\image-harvest\tests\e2e\billing-flows.spec.js:25:26

    attachment #1: screenshot (image/png) ──────────────────────────────────────────────────────────
    ..\..\test-results\billing-flows-Billing-Flow-47145-ld-handle-refund-operations-chromium\test-failed-1.png
    ────────────────────────────────────────────────────────────────────────────────────────────────

    attachment #2: video (video/webm) ──────────────────────────────────────────────────────────────
    ..\..\test-results\billing-flows-Billing-Flow-47145-ld-handle-refund-operations-chromium\video.webm
    ────────────────────────────────────────────────────────────────────────────────────────────────

    Error Context: ..\..\test-results\billing-flows-Billing-Flow-47145-ld-handle-refund-operations-chromium\error-context.md
]]>
</failure>
<system-out>
<![CDATA[Note: Could not clear browser storage (this is normal in some test environments)

🚨 JavaScript Errors Detected:
Summary: {
  total: [33m2[39m,
  consoleErrors: [33m0[39m,
  uncaughtExceptions: [33m2[39m,
  networkErrors: [33m0[39m,
  critical: [33m2[39m,
  variableReference: [33m0[39m,
  syntax: [33m2[39m
}

Uncaught Exceptions:
  1. SyntaxError: Identifier 'UserSystem' has already been declared (http://localhost:3200/login.html)
  2. SyntaxError: Identifier 'UserSystem' has already been declared (http://localhost:3200/login.html?email=billing-test-1756745774210%40example.com&password=TestPassword123%21)

[[ATTACHMENT|..\test-results\billing-flows-Billing-Flow-47145-ld-handle-refund-operations-chromium\test-failed-1.png]]

[[ATTACHMENT|..\test-results\billing-flows-Billing-Flow-47145-ld-handle-refund-operations-chromium\video.webm]]

[[ATTACHMENT|..\test-results\billing-flows-Billing-Flow-47145-ld-handle-refund-operations-chromium\error-context.md]]
]]>
</system-out>
</testcase>
<testcase name="Billing Flows E2E Tests › should handle authentication requirements for billing routes" classname="billing-flows.spec.js" time="1.505">
<failure message="billing-flows.spec.js:258:3 should handle authentication requirements for billing routes" type="FAILURE">
<![CDATA[  [chromium] › billing-flows.spec.js:258:3 › Billing Flows E2E Tests › should handle authentication requirements for billing routes 

    Error: expect(received).toBe(expected) // Object.is equality

    Expected: 401
    Received: 404

      267 |     for (const route of routes) {
      268 |       const response = await page.request.get(route);
    > 269 |       expect(response.status()).toBe(401); // Unauthorized
          |                                 ^
      270 |     }
      271 |   });
      272 |
        at C:\wamp64\www\image-harvest\tests\e2e\billing-flows.spec.js:269:33

    attachment #1: screenshot (image/png) ──────────────────────────────────────────────────────────
    ..\..\test-results\billing-flows-Billing-Flow-a5250-irements-for-billing-routes-chromium\test-failed-1.png
    ────────────────────────────────────────────────────────────────────────────────────────────────

    attachment #2: video (video/webm) ──────────────────────────────────────────────────────────────
    ..\..\test-results\billing-flows-Billing-Flow-a5250-irements-for-billing-routes-chromium\video.webm
    ────────────────────────────────────────────────────────────────────────────────────────────────
]]>
</failure>
<system-out>
<![CDATA[Note: Could not clear browser storage (this is normal in some test environments)

[[ATTACHMENT|..\test-results\billing-flows-Billing-Flow-a5250-irements-for-billing-routes-chromium\test-failed-1.png]]

[[ATTACHMENT|..\test-results\billing-flows-Billing-Flow-a5250-irements-for-billing-routes-chromium\video.webm]]
]]>
</system-out>
</testcase>
<testcase name="Billing Flows E2E Tests › should handle webhook signature verification" classname="billing-flows.spec.js" time="1.449">
<failure message="billing-flows.spec.js:273:3 should handle webhook signature verification" type="FAILURE">
<![CDATA[  [chromium] › billing-flows.spec.js:273:3 › Billing Flows E2E Tests › should handle webhook signature verification 

    Error: expect(received).toBe(expected) // Object.is equality

    Expected: 400
    Received: 404

      285 |
      286 |     // Should return 400 for invalid signature
    > 287 |     expect(response.status()).toBe(400);
          |                               ^
      288 |   });
      289 |
      290 |   test('should handle payment amount validation', async ({ page }) => {
        at C:\wamp64\www\image-harvest\tests\e2e\billing-flows.spec.js:287:31

    attachment #1: screenshot (image/png) ──────────────────────────────────────────────────────────
    ..\..\test-results\billing-flows-Billing-Flow-6653f-hook-signature-verification-chromium\test-failed-1.png
    ────────────────────────────────────────────────────────────────────────────────────────────────

    attachment #2: video (video/webm) ──────────────────────────────────────────────────────────────
    ..\..\test-results\billing-flows-Billing-Flow-6653f-hook-signature-verification-chromium\video.webm
    ────────────────────────────────────────────────────────────────────────────────────────────────
]]>
</failure>
<system-out>
<![CDATA[Note: Could not clear browser storage (this is normal in some test environments)

[[ATTACHMENT|..\test-results\billing-flows-Billing-Flow-6653f-hook-signature-verification-chromium\test-failed-1.png]]

[[ATTACHMENT|..\test-results\billing-flows-Billing-Flow-6653f-hook-signature-verification-chromium\video.webm]]
]]>
</system-out>
</testcase>
<testcase name="Billing Flows E2E Tests › should handle payment amount validation" classname="billing-flows.spec.js" time="16.942">
<failure message="billing-flows.spec.js:290:3 should handle payment amount validation" type="FAILURE">
<![CDATA[  [chromium] › billing-flows.spec.js:290:3 › Billing Flows E2E Tests › should handle payment amount validation 

    TimeoutError: page.waitForURL: Timeout 10000ms exceeded.
    =========================== logs ===========================
    waiting for navigation to "/" until "load"
    ============================================================

      294 |     await page.fill('#loginPassword', testUser.password);
      295 |     await page.click('button[type="submit"]');
    > 296 |     await page.waitForURL('/', { timeout: 10000 });
          |                ^
      297 |
      298 |     // Test credit packages endpoint instead
      299 |     const response = await page.request.get('/api/credit-packages', {
        at C:\wamp64\www\image-harvest\tests\e2e\billing-flows.spec.js:296:16

    Error: JavaScript errors detected: 2 total (0 console, 2 uncaught)
    Details: {
      "consoleErrors": [],
      "uncaughtExceptions": [
        {
          "type": "uncaught_exception",
          "name": "SyntaxError",
          "message": "Identifier 'UserSystem' has already been declared",
          "stack": "",
          "timestamp": "2025-09-01T16:56:19.772Z",
          "url": "http://localhost:3200/login.html"
        },
        {
          "type": "uncaught_exception",
          "name": "SyntaxError",
          "message": "Identifier 'UserSystem' has already been declared",
          "stack": "",
          "timestamp": "2025-09-01T16:56:23.902Z",
          "url": "http://localhost:3200/login.html?email=billing-test-1756745777196%40example.com&password=TestPassword123%21"
        }
      ],
      "networkErrors": []
    }

       at utils\error-monitor.js:147

      145 |     if (summary.total > 0) {
      146 |       const errorDetails = JSON.stringify(this.getAllErrors(), null, 2);
    > 147 |       throw new Error(`JavaScript errors detected: ${summary.total} total (${summary.consoleErrors} console, ${summary.uncaughtExceptions} uncaught)\nDetails: ${errorDetails}`);
          |             ^
      148 |     }
      149 |   }
      150 |
        at ErrorMonitor.assertNoJavaScriptErrors (C:\wamp64\www\image-harvest\tests\e2e\utils\error-monitor.js:147:13)
        at C:\wamp64\www\image-harvest\tests\e2e\billing-flows.spec.js:25:26

    attachment #1: screenshot (image/png) ──────────────────────────────────────────────────────────
    ..\..\test-results\billing-flows-Billing-Flow-d6893-e-payment-amount-validation-chromium\test-failed-1.png
    ────────────────────────────────────────────────────────────────────────────────────────────────

    attachment #2: video (video/webm) ──────────────────────────────────────────────────────────────
    ..\..\test-results\billing-flows-Billing-Flow-d6893-e-payment-amount-validation-chromium\video.webm
    ────────────────────────────────────────────────────────────────────────────────────────────────

    Error Context: ..\..\test-results\billing-flows-Billing-Flow-d6893-e-payment-amount-validation-chromium\error-context.md
]]>
</failure>
<system-out>
<![CDATA[Note: Could not clear browser storage (this is normal in some test environments)

🚨 JavaScript Errors Detected:
Summary: {
  total: [33m2[39m,
  consoleErrors: [33m0[39m,
  uncaughtExceptions: [33m2[39m,
  networkErrors: [33m0[39m,
  critical: [33m2[39m,
  variableReference: [33m0[39m,
  syntax: [33m2[39m
}

Uncaught Exceptions:
  1. SyntaxError: Identifier 'UserSystem' has already been declared (http://localhost:3200/login.html)
  2. SyntaxError: Identifier 'UserSystem' has already been declared (http://localhost:3200/login.html?email=billing-test-1756745777196%40example.com&password=TestPassword123%21)

[[ATTACHMENT|..\test-results\billing-flows-Billing-Flow-d6893-e-payment-amount-validation-chromium\test-failed-1.png]]

[[ATTACHMENT|..\test-results\billing-flows-Billing-Flow-d6893-e-payment-amount-validation-chromium\video.webm]]

[[ATTACHMENT|..\test-results\billing-flows-Billing-Flow-d6893-e-payment-amount-validation-chromium\error-context.md]]
]]>
</system-out>
</testcase>
<testcase name="Billing Flows E2E Tests › should handle concurrent payment processing" classname="billing-flows.spec.js" time="16.879">
<failure message="billing-flows.spec.js:310:3 should handle concurrent payment processing" type="FAILURE">
<![CDATA[  [chromium] › billing-flows.spec.js:310:3 › Billing Flows E2E Tests › should handle concurrent payment processing 

    TimeoutError: page.waitForURL: Timeout 10000ms exceeded.
    =========================== logs ===========================
    waiting for navigation to "/" until "load"
    ============================================================

      314 |     await page.fill('#loginPassword', testUser.password);
      315 |     await page.click('button[type="submit"]');
    > 316 |     await page.waitForURL('/', { timeout: 10000 });
          |                ^
      317 |
      318 |     // Simulate concurrent webhook processing
      319 |     const webhookPayload = {
        at C:\wamp64\www\image-harvest\tests\e2e\billing-flows.spec.js:316:16

    Error: JavaScript errors detected: 2 total (0 console, 2 uncaught)
    Details: {
      "consoleErrors": [],
      "uncaughtExceptions": [
        {
          "type": "uncaught_exception",
          "name": "SyntaxError",
          "message": "Identifier 'UserSystem' has already been declared",
          "stack": "",
          "timestamp": "2025-09-01T16:56:19.788Z",
          "url": "http://localhost:3200/login.html"
        },
        {
          "type": "uncaught_exception",
          "name": "SyntaxError",
          "message": "Identifier 'UserSystem' has already been declared",
          "stack": "",
          "timestamp": "2025-09-01T16:56:23.948Z",
          "url": "http://localhost:3200/login.html?email=billing-test-1756745777196%40example.com&password=TestPassword123%21"
        }
      ],
      "networkErrors": []
    }

       at utils\error-monitor.js:147

      145 |     if (summary.total > 0) {
      146 |       const errorDetails = JSON.stringify(this.getAllErrors(), null, 2);
    > 147 |       throw new Error(`JavaScript errors detected: ${summary.total} total (${summary.consoleErrors} console, ${summary.uncaughtExceptions} uncaught)\nDetails: ${errorDetails}`);
          |             ^
      148 |     }
      149 |   }
      150 |
        at ErrorMonitor.assertNoJavaScriptErrors (C:\wamp64\www\image-harvest\tests\e2e\utils\error-monitor.js:147:13)
        at C:\wamp64\www\image-harvest\tests\e2e\billing-flows.spec.js:25:26

    attachment #1: screenshot (image/png) ──────────────────────────────────────────────────────────
    ..\..\test-results\billing-flows-Billing-Flow-001db-ncurrent-payment-processing-chromium\test-failed-1.png
    ────────────────────────────────────────────────────────────────────────────────────────────────

    attachment #2: video (video/webm) ──────────────────────────────────────────────────────────────
    ..\..\test-results\billing-flows-Billing-Flow-001db-ncurrent-payment-processing-chromium\video.webm
    ────────────────────────────────────────────────────────────────────────────────────────────────

    Error Context: ..\..\test-results\billing-flows-Billing-Flow-001db-ncurrent-payment-processing-chromium\error-context.md
]]>
</failure>
<system-out>
<![CDATA[Note: Could not clear browser storage (this is normal in some test environments)

🚨 JavaScript Errors Detected:
Summary: {
  total: [33m2[39m,
  consoleErrors: [33m0[39m,
  uncaughtExceptions: [33m2[39m,
  networkErrors: [33m0[39m,
  critical: [33m2[39m,
  variableReference: [33m0[39m,
  syntax: [33m2[39m
}

Uncaught Exceptions:
  1. SyntaxError: Identifier 'UserSystem' has already been declared (http://localhost:3200/login.html)
  2. SyntaxError: Identifier 'UserSystem' has already been declared (http://localhost:3200/login.html?email=billing-test-1756745777196%40example.com&password=TestPassword123%21)

[[ATTACHMENT|..\test-results\billing-flows-Billing-Flow-001db-ncurrent-payment-processing-chromium\test-failed-1.png]]

[[ATTACHMENT|..\test-results\billing-flows-Billing-Flow-001db-ncurrent-payment-processing-chromium\video.webm]]

[[ATTACHMENT|..\test-results\billing-flows-Billing-Flow-001db-ncurrent-payment-processing-chromium\error-context.md]]
]]>
</system-out>
</testcase>
<testcase name="Billing Flows E2E Tests › should handle database transaction rollbacks on errors" classname="billing-flows.spec.js" time="17.149">
<failure message="billing-flows.spec.js:356:3 should handle database transaction rollbacks on errors" type="FAILURE">
<![CDATA[  [chromium] › billing-flows.spec.js:356:3 › Billing Flows E2E Tests › should handle database transaction rollbacks on errors 

    TimeoutError: page.waitForURL: Timeout 10000ms exceeded.
    =========================== logs ===========================
    waiting for navigation to "/" until "load"
    ============================================================

      360 |     await page.fill('#loginPassword', testUser.password);
      361 |     await page.click('button[type="submit"]');
    > 362 |     await page.waitForURL('/', { timeout: 10000 });
          |                ^
      363 |
      364 |     // Test credit balance consistency
      365 |     const response = await page.request.get('/api/user/credits', {
        at C:\wamp64\www\image-harvest\tests\e2e\billing-flows.spec.js:362:16

    Error: JavaScript errors detected: 2 total (0 console, 2 uncaught)
    Details: {
      "consoleErrors": [],
      "uncaughtExceptions": [
        {
          "type": "uncaught_exception",
          "name": "SyntaxError",
          "message": "Identifier 'UserSystem' has already been declared",
          "stack": "",
          "timestamp": "2025-09-01T16:56:20.055Z",
          "url": "http://localhost:3200/login.html"
        },
        {
          "type": "uncaught_exception",
          "name": "SyntaxError",
          "message": "Identifier 'UserSystem' has already been declared",
          "stack": "",
          "timestamp": "2025-09-01T16:56:24.047Z",
          "url": "http://localhost:3200/login.html?email=billing-test-1756745777214%40example.com&password=TestPassword123%21"
        }
      ],
      "networkErrors": []
    }

       at utils\error-monitor.js:147

      145 |     if (summary.total > 0) {
      146 |       const errorDetails = JSON.stringify(this.getAllErrors(), null, 2);
    > 147 |       throw new Error(`JavaScript errors detected: ${summary.total} total (${summary.consoleErrors} console, ${summary.uncaughtExceptions} uncaught)\nDetails: ${errorDetails}`);
          |             ^
      148 |     }
      149 |   }
      150 |
        at ErrorMonitor.assertNoJavaScriptErrors (C:\wamp64\www\image-harvest\tests\e2e\utils\error-monitor.js:147:13)
        at C:\wamp64\www\image-harvest\tests\e2e\billing-flows.spec.js:25:26

    attachment #1: screenshot (image/png) ──────────────────────────────────────────────────────────
    ..\..\test-results\billing-flows-Billing-Flow-a870d-saction-rollbacks-on-errors-chromium\test-failed-1.png
    ────────────────────────────────────────────────────────────────────────────────────────────────

    attachment #2: video (video/webm) ──────────────────────────────────────────────────────────────
    ..\..\test-results\billing-flows-Billing-Flow-a870d-saction-rollbacks-on-errors-chromium\video.webm
    ────────────────────────────────────────────────────────────────────────────────────────────────

    Error Context: ..\..\test-results\billing-flows-Billing-Flow-a870d-saction-rollbacks-on-errors-chromium\error-context.md
]]>
</failure>
<system-out>
<![CDATA[Note: Could not clear browser storage (this is normal in some test environments)

🚨 JavaScript Errors Detected:
Summary: {
  total: [33m2[39m,
  consoleErrors: [33m0[39m,
  uncaughtExceptions: [33m2[39m,
  networkErrors: [33m0[39m,
  critical: [33m2[39m,
  variableReference: [33m0[39m,
  syntax: [33m2[39m
}

Uncaught Exceptions:
  1. SyntaxError: Identifier 'UserSystem' has already been declared (http://localhost:3200/login.html)
  2. SyntaxError: Identifier 'UserSystem' has already been declared (http://localhost:3200/login.html?email=billing-test-1756745777214%40example.com&password=TestPassword123%21)

[[ATTACHMENT|..\test-results\billing-flows-Billing-Flow-a870d-saction-rollbacks-on-errors-chromium\test-failed-1.png]]

[[ATTACHMENT|..\test-results\billing-flows-Billing-Flow-a870d-saction-rollbacks-on-errors-chromium\video.webm]]

[[ATTACHMENT|..\test-results\billing-flows-Billing-Flow-a870d-saction-rollbacks-on-errors-chromium\error-context.md]]
]]>
</system-out>
</testcase>
<testcase name="Billing Flows E2E Tests › should handle memory leak prevention in rate limiting" classname="billing-flows.spec.js" time="11.964">
<failure message="billing-flows.spec.js:376:3 should handle memory leak prevention in rate limiting" type="FAILURE">
<![CDATA[  [chromium] › billing-flows.spec.js:376:3 › Billing Flows E2E Tests › should handle memory leak prevention in rate limiting 

    TimeoutError: page.waitForURL: Timeout 10000ms exceeded.
    =========================== logs ===========================
    waiting for navigation to "/" until "load"
    ============================================================

      380 |     await page.fill('#loginPassword', testUser.password);
      381 |     await page.click('button[type="submit"]');
    > 382 |     await page.waitForURL('/', { timeout: 10000 });
          |                ^
      383 |
      384 |     // Make many checkout attempts to test memory cleanup
      385 |     const promises = [];
        at C:\wamp64\www\image-harvest\tests\e2e\billing-flows.spec.js:382:16

    Error: JavaScript errors detected: 2 total (0 console, 2 uncaught)
    Details: {
      "consoleErrors": [],
      "uncaughtExceptions": [
        {
          "type": "uncaught_exception",
          "name": "SyntaxError",
          "message": "Identifier 'UserSystem' has already been declared",
          "stack": "",
          "timestamp": "2025-09-01T16:56:37.679Z",
          "url": "http://localhost:3200/login.html"
        },
        {
          "type": "uncaught_exception",
          "name": "SyntaxError",
          "message": "Identifier 'UserSystem' has already been declared",
          "stack": "",
          "timestamp": "2025-09-01T16:56:38.179Z",
          "url": "http://localhost:3200/login.html?email=billing-test-1756745796736%40example.com&password=TestPassword123%21"
        }
      ],
      "networkErrors": []
    }

       at utils\error-monitor.js:147

      145 |     if (summary.total > 0) {
      146 |       const errorDetails = JSON.stringify(this.getAllErrors(), null, 2);
    > 147 |       throw new Error(`JavaScript errors detected: ${summary.total} total (${summary.consoleErrors} console, ${summary.uncaughtExceptions} uncaught)\nDetails: ${errorDetails}`);
          |             ^
      148 |     }
      149 |   }
      150 |
        at ErrorMonitor.assertNoJavaScriptErrors (C:\wamp64\www\image-harvest\tests\e2e\utils\error-monitor.js:147:13)
        at C:\wamp64\www\image-harvest\tests\e2e\billing-flows.spec.js:25:26

    attachment #1: screenshot (image/png) ──────────────────────────────────────────────────────────
    ..\..\test-results\billing-flows-Billing-Flow-fc48e-prevention-in-rate-limiting-chromium\test-failed-1.png
    ────────────────────────────────────────────────────────────────────────────────────────────────

    attachment #2: video (video/webm) ──────────────────────────────────────────────────────────────
    ..\..\test-results\billing-flows-Billing-Flow-fc48e-prevention-in-rate-limiting-chromium\video.webm
    ────────────────────────────────────────────────────────────────────────────────────────────────

    Error Context: ..\..\test-results\billing-flows-Billing-Flow-fc48e-prevention-in-rate-limiting-chromium\error-context.md
]]>
</failure>
<system-out>
<![CDATA[Note: Could not clear browser storage (this is normal in some test environments)

🚨 JavaScript Errors Detected:
Summary: {
  total: [33m2[39m,
  consoleErrors: [33m0[39m,
  uncaughtExceptions: [33m2[39m,
  networkErrors: [33m0[39m,
  critical: [33m2[39m,
  variableReference: [33m0[39m,
  syntax: [33m2[39m
}

Uncaught Exceptions:
  1. SyntaxError: Identifier 'UserSystem' has already been declared (http://localhost:3200/login.html)
  2. SyntaxError: Identifier 'UserSystem' has already been declared (http://localhost:3200/login.html?email=billing-test-1756745796736%40example.com&password=TestPassword123%21)

[[ATTACHMENT|..\test-results\billing-flows-Billing-Flow-fc48e-prevention-in-rate-limiting-chromium\test-failed-1.png]]

[[ATTACHMENT|..\test-results\billing-flows-Billing-Flow-fc48e-prevention-in-rate-limiting-chromium\video.webm]]

[[ATTACHMENT|..\test-results\billing-flows-Billing-Flow-fc48e-prevention-in-rate-limiting-chromium\error-context.md]]
]]>
</system-out>
</testcase>
<testcase name="Billing Flows E2E Tests › should handle session expiration and re-authentication" classname="billing-flows.spec.js" time="12.072">
<failure message="billing-flows.spec.js:404:3 should handle session expiration and re-authentication" type="FAILURE">
<![CDATA[  [chromium] › billing-flows.spec.js:404:3 › Billing Flows E2E Tests › should handle session expiration and re-authentication 

    TimeoutError: page.waitForURL: Timeout 10000ms exceeded.
    =========================== logs ===========================
    waiting for navigation to "/" until "load"
    ============================================================

      408 |     await page.fill('#loginPassword', testUser.password);
      409 |     await page.click('button[type="submit"]');
    > 410 |     await page.waitForURL('/', { timeout: 10000 });
          |                ^
      411 |
      412 |     // Clear authentication
      413 |     await page.evaluate(() => {
        at C:\wamp64\www\image-harvest\tests\e2e\billing-flows.spec.js:410:16

    Error: JavaScript errors detected: 2 total (0 console, 2 uncaught)
    Details: {
      "consoleErrors": [],
      "uncaughtExceptions": [
        {
          "type": "uncaught_exception",
          "name": "SyntaxError",
          "message": "Identifier 'UserSystem' has already been declared",
          "stack": "",
          "timestamp": "2025-09-01T16:56:37.650Z",
          "url": "http://localhost:3200/login.html"
        },
        {
          "type": "uncaught_exception",
          "name": "SyntaxError",
          "message": "Identifier 'UserSystem' has already been declared",
          "stack": "",
          "timestamp": "2025-09-01T16:56:38.125Z",
          "url": "http://localhost:3200/login.html?email=billing-test-1756745796748%40example.com&password=TestPassword123%21"
        }
      ],
      "networkErrors": []
    }

       at utils\error-monitor.js:147

      145 |     if (summary.total > 0) {
      146 |       const errorDetails = JSON.stringify(this.getAllErrors(), null, 2);
    > 147 |       throw new Error(`JavaScript errors detected: ${summary.total} total (${summary.consoleErrors} console, ${summary.uncaughtExceptions} uncaught)\nDetails: ${errorDetails}`);
          |             ^
      148 |     }
      149 |   }
      150 |
        at ErrorMonitor.assertNoJavaScriptErrors (C:\wamp64\www\image-harvest\tests\e2e\utils\error-monitor.js:147:13)
        at C:\wamp64\www\image-harvest\tests\e2e\billing-flows.spec.js:25:26

    attachment #1: screenshot (image/png) ──────────────────────────────────────────────────────────
    ..\..\test-results\billing-flows-Billing-Flow-7275b-ation-and-re-authentication-chromium\test-failed-1.png
    ────────────────────────────────────────────────────────────────────────────────────────────────

    attachment #2: video (video/webm) ──────────────────────────────────────────────────────────────
    ..\..\test-results\billing-flows-Billing-Flow-7275b-ation-and-re-authentication-chromium\video.webm
    ────────────────────────────────────────────────────────────────────────────────────────────────

    Error Context: ..\..\test-results\billing-flows-Billing-Flow-7275b-ation-and-re-authentication-chromium\error-context.md
]]>
</failure>
<system-out>
<![CDATA[Note: Could not clear browser storage (this is normal in some test environments)

🚨 JavaScript Errors Detected:
Summary: {
  total: [33m2[39m,
  consoleErrors: [33m0[39m,
  uncaughtExceptions: [33m2[39m,
  networkErrors: [33m0[39m,
  critical: [33m2[39m,
  variableReference: [33m0[39m,
  syntax: [33m2[39m
}

Uncaught Exceptions:
  1. SyntaxError: Identifier 'UserSystem' has already been declared (http://localhost:3200/login.html)
  2. SyntaxError: Identifier 'UserSystem' has already been declared (http://localhost:3200/login.html?email=billing-test-1756745796748%40example.com&password=TestPassword123%21)

[[ATTACHMENT|..\test-results\billing-flows-Billing-Flow-7275b-ation-and-re-authentication-chromium\test-failed-1.png]]

[[ATTACHMENT|..\test-results\billing-flows-Billing-Flow-7275b-ation-and-re-authentication-chromium\video.webm]]

[[ATTACHMENT|..\test-results\billing-flows-Billing-Flow-7275b-ation-and-re-authentication-chromium\error-context.md]]
]]>
</system-out>
</testcase>
</testsuite>
<testsuite name="billing-flows.spec.js" timestamp="2025-09-01T16:56:12.359Z" hostname="firefox" tests="17" failures="17" skipped="0" time="228.938" errors="0">
<testcase name="Billing Flows E2E Tests › should complete full user registration and credit balance check" classname="billing-flows.spec.js" time="18.595">
<failure message="billing-flows.spec.js:32:3 should complete full user registration and credit balance check" type="FAILURE">
<![CDATA[  [firefox] › billing-flows.spec.js:32:3 › Billing Flows E2E Tests › should complete full user registration and credit balance check 

    TimeoutError: page.waitForURL: Timeout 10000ms exceeded.
    =========================== logs ===========================
    waiting for navigation to "/" until "load"
    ============================================================

      40 |     await page.click('button[type="submit"]');
      41 |     
    > 42 |     await page.waitForURL('/', { timeout: 10000 });
         |                ^
      43 |     await expect(page.locator('#authentication')).toContainText(testUser.email);
      44 |
      45 |     // Check initial credit balance
        at C:\wamp64\www\image-harvest\tests\e2e\billing-flows.spec.js:42:16

    Error: JavaScript errors detected: 2 total (0 console, 2 uncaught)
    Details: {
      "consoleErrors": [],
      "uncaughtExceptions": [
        {
          "type": "uncaught_exception",
          "name": "SyntaxError",
          "message": "redeclaration of let UserSystem",
          "stack": "SyntaxError: redeclaration of let UserSystem\n    at  (http://localhost:3200/js/core/user-system.js:1:1)",
          "timestamp": "2025-09-01T16:56:49.359Z",
          "url": "http://localhost:3200/register.html"
        },
        {
          "type": "uncaught_exception",
          "name": "SyntaxError",
          "message": "redeclaration of let UserSystem",
          "stack": "SyntaxError: redeclaration of let UserSystem\n    at  (http://localhost:3200/js/core/user-system.js:1:1)",
          "timestamp": "2025-09-01T16:56:52.850Z",
          "url": "http://localhost:3200/register.html?email=billing-test-1756745796866%40example.com&password=TestPassword123%21&confirmPassword=TestPassword123%21"
        }
      ],
      "networkErrors": []
    }

       at utils\error-monitor.js:147

      145 |     if (summary.total > 0) {
      146 |       const errorDetails = JSON.stringify(this.getAllErrors(), null, 2);
    > 147 |       throw new Error(`JavaScript errors detected: ${summary.total} total (${summary.consoleErrors} console, ${summary.uncaughtExceptions} uncaught)\nDetails: ${errorDetails}`);
          |             ^
      148 |     }
      149 |   }
      150 |
        at ErrorMonitor.assertNoJavaScriptErrors (C:\wamp64\www\image-harvest\tests\e2e\utils\error-monitor.js:147:13)
        at C:\wamp64\www\image-harvest\tests\e2e\billing-flows.spec.js:25:26

    attachment #1: screenshot (image/png) ──────────────────────────────────────────────────────────
    ..\..\test-results\billing-flows-Billing-Flow-28bcf-on-and-credit-balance-check-firefox\test-failed-1.png
    ────────────────────────────────────────────────────────────────────────────────────────────────

    attachment #2: video (video/webm) ──────────────────────────────────────────────────────────────
    ..\..\test-results\billing-flows-Billing-Flow-28bcf-on-and-credit-balance-check-firefox\video.webm
    ────────────────────────────────────────────────────────────────────────────────────────────────

    Error Context: ..\..\test-results\billing-flows-Billing-Flow-28bcf-on-and-credit-balance-check-firefox\error-context.md
]]>
</failure>
<system-out>
<![CDATA[Note: Could not clear browser storage (this is normal in some test environments)

🚨 JavaScript Errors Detected:
Summary: {
  total: [33m2[39m,
  consoleErrors: [33m0[39m,
  uncaughtExceptions: [33m2[39m,
  networkErrors: [33m0[39m,
  critical: [33m2[39m,
  variableReference: [33m0[39m,
  syntax: [33m2[39m
}

Uncaught Exceptions:
  1. SyntaxError: redeclaration of let UserSystem (http://localhost:3200/register.html)
  2. SyntaxError: redeclaration of let UserSystem (http://localhost:3200/register.html?email=billing-test-1756745796866%40example.com&password=TestPassword123%21&confirmPassword=TestPassword123%21)

[[ATTACHMENT|..\test-results\billing-flows-Billing-Flow-28bcf-on-and-credit-balance-check-firefox\test-failed-1.png]]

[[ATTACHMENT|..\test-results\billing-flows-Billing-Flow-28bcf-on-and-credit-balance-check-firefox\video.webm]]

[[ATTACHMENT|..\test-results\billing-flows-Billing-Flow-28bcf-on-and-credit-balance-check-firefox\error-context.md]]
]]>
</system-out>
</testcase>
<testcase name="Billing Flows E2E Tests › should display credit packages correctly" classname="billing-flows.spec.js" time="16.861">
<failure message="billing-flows.spec.js:54:3 should display credit packages correctly" type="FAILURE">
<![CDATA[  [firefox] › billing-flows.spec.js:54:3 › Billing Flows E2E Tests › should display credit packages correctly 

    TimeoutError: page.waitForURL: Timeout 10000ms exceeded.
    =========================== logs ===========================
    waiting for navigation to "/" until "load"
    ============================================================

      58 |     await page.fill('#loginPassword', testUser.password);
      59 |     await page.click('button[type="submit"]');
    > 60 |     await page.waitForURL('/', { timeout: 10000 });
         |                ^
      61 |
      62 |     // Navigate to credit packages
      63 |     await page.goto('/api/credit-packages', { waitUntil: 'networkidle' });
        at C:\wamp64\www\image-harvest\tests\e2e\billing-flows.spec.js:60:16

    Error: JavaScript errors detected: 2 total (0 console, 2 uncaught)
    Details: {
      "consoleErrors": [],
      "uncaughtExceptions": [
        {
          "type": "uncaught_exception",
          "name": "SyntaxError",
          "message": "redeclaration of let UserSystem",
          "stack": "SyntaxError: redeclaration of let UserSystem\n    at  (http://localhost:3200/js/core/user-system.js:1:1)",
          "timestamp": "2025-09-01T16:56:49.487Z",
          "url": "http://localhost:3200/login.html"
        },
        {
          "type": "uncaught_exception",
          "name": "SyntaxError",
          "message": "redeclaration of let UserSystem",
          "stack": "SyntaxError: redeclaration of let UserSystem\n    at  (http://localhost:3200/js/core/user-system.js:1:1)",
          "timestamp": "2025-09-01T16:56:51.039Z",
          "url": "http://localhost:3200/login.html?email=billing-test-1756745796732%40example.com&password=TestPassword123%21"
        }
      ],
      "networkErrors": []
    }

       at utils\error-monitor.js:147

      145 |     if (summary.total > 0) {
      146 |       const errorDetails = JSON.stringify(this.getAllErrors(), null, 2);
    > 147 |       throw new Error(`JavaScript errors detected: ${summary.total} total (${summary.consoleErrors} console, ${summary.uncaughtExceptions} uncaught)\nDetails: ${errorDetails}`);
          |             ^
      148 |     }
      149 |   }
      150 |
        at ErrorMonitor.assertNoJavaScriptErrors (C:\wamp64\www\image-harvest\tests\e2e\utils\error-monitor.js:147:13)
        at C:\wamp64\www\image-harvest\tests\e2e\billing-flows.spec.js:25:26

    attachment #1: screenshot (image/png) ──────────────────────────────────────────────────────────
    ..\..\test-results\billing-flows-Billing-Flow-103d8-y-credit-packages-correctly-firefox\test-failed-1.png
    ────────────────────────────────────────────────────────────────────────────────────────────────

    attachment #2: video (video/webm) ──────────────────────────────────────────────────────────────
    ..\..\test-results\billing-flows-Billing-Flow-103d8-y-credit-packages-correctly-firefox\video.webm
    ────────────────────────────────────────────────────────────────────────────────────────────────

    Error Context: ..\..\test-results\billing-flows-Billing-Flow-103d8-y-credit-packages-correctly-firefox\error-context.md
]]>
</failure>
<system-out>
<![CDATA[Note: Could not clear browser storage (this is normal in some test environments)

🚨 JavaScript Errors Detected:
Summary: {
  total: [33m2[39m,
  consoleErrors: [33m0[39m,
  uncaughtExceptions: [33m2[39m,
  networkErrors: [33m0[39m,
  critical: [33m2[39m,
  variableReference: [33m0[39m,
  syntax: [33m2[39m
}

Uncaught Exceptions:
  1. SyntaxError: redeclaration of let UserSystem (http://localhost:3200/login.html)
  2. SyntaxError: redeclaration of let UserSystem (http://localhost:3200/login.html?email=billing-test-1756745796732%40example.com&password=TestPassword123%21)

[[ATTACHMENT|..\test-results\billing-flows-Billing-Flow-103d8-y-credit-packages-correctly-firefox\test-failed-1.png]]

[[ATTACHMENT|..\test-results\billing-flows-Billing-Flow-103d8-y-credit-packages-correctly-firefox\video.webm]]

[[ATTACHMENT|..\test-results\billing-flows-Billing-Flow-103d8-y-credit-packages-correctly-firefox\error-context.md]]
]]>
</system-out>
</testcase>
<testcase name="Billing Flows E2E Tests › should create Stripe checkout session successfully" classname="billing-flows.spec.js" time="15.597">
<failure message="billing-flows.spec.js:78:3 should create Stripe checkout session successfully" type="FAILURE">
<![CDATA[  [firefox] › billing-flows.spec.js:78:3 › Billing Flows E2E Tests › should create Stripe checkout session successfully 

    TimeoutError: page.waitForURL: Timeout 10000ms exceeded.
    =========================== logs ===========================
    waiting for navigation to "/" until "load"
    ============================================================

      82 |     await page.fill('#loginPassword', testUser.password);
      83 |     await page.click('button[type="submit"]');
    > 84 |     await page.waitForURL('/', { timeout: 10000 });
         |                ^
      85 |
      86 |     // Create checkout session
      87 |     const response = await page.request.post('/create-checkout-session', {
        at C:\wamp64\www\image-harvest\tests\e2e\billing-flows.spec.js:84:16

    Error: JavaScript errors detected: 2 total (0 console, 2 uncaught)
    Details: {
      "consoleErrors": [],
      "uncaughtExceptions": [
        {
          "type": "uncaught_exception",
          "name": "SyntaxError",
          "message": "redeclaration of let UserSystem",
          "stack": "SyntaxError: redeclaration of let UserSystem\n    at  (http://localhost:3200/js/core/user-system.js:1:1)",
          "timestamp": "2025-09-01T16:56:44.978Z",
          "url": "http://localhost:3200/login.html"
        },
        {
          "type": "uncaught_exception",
          "name": "SyntaxError",
          "message": "redeclaration of let UserSystem",
          "stack": "SyntaxError: redeclaration of let UserSystem\n    at  (http://localhost:3200/js/core/user-system.js:1:1)",
          "timestamp": "2025-09-01T16:56:46.482Z",
          "url": "http://localhost:3200/login.html?email=billing-test-1756745796817%40example.com&password=TestPassword123%21"
        }
      ],
      "networkErrors": []
    }

       at utils\error-monitor.js:147

      145 |     if (summary.total > 0) {
      146 |       const errorDetails = JSON.stringify(this.getAllErrors(), null, 2);
    > 147 |       throw new Error(`JavaScript errors detected: ${summary.total} total (${summary.consoleErrors} console, ${summary.uncaughtExceptions} uncaught)\nDetails: ${errorDetails}`);
          |             ^
      148 |     }
      149 |   }
      150 |
        at ErrorMonitor.assertNoJavaScriptErrors (C:\wamp64\www\image-harvest\tests\e2e\utils\error-monitor.js:147:13)
        at C:\wamp64\www\image-harvest\tests\e2e\billing-flows.spec.js:25:26

    attachment #1: screenshot (image/png) ──────────────────────────────────────────────────────────
    ..\..\test-results\billing-flows-Billing-Flow-c2bb0-eckout-session-successfully-firefox\test-failed-1.png
    ────────────────────────────────────────────────────────────────────────────────────────────────

    attachment #2: video (video/webm) ──────────────────────────────────────────────────────────────
    ..\..\test-results\billing-flows-Billing-Flow-c2bb0-eckout-session-successfully-firefox\video.webm
    ────────────────────────────────────────────────────────────────────────────────────────────────

    Error Context: ..\..\test-results\billing-flows-Billing-Flow-c2bb0-eckout-session-successfully-firefox\error-context.md
]]>
</failure>
<system-out>
<![CDATA[Note: Could not clear browser storage (this is normal in some test environments)

🚨 JavaScript Errors Detected:
Summary: {
  total: [33m2[39m,
  consoleErrors: [33m0[39m,
  uncaughtExceptions: [33m2[39m,
  networkErrors: [33m0[39m,
  critical: [33m2[39m,
  variableReference: [33m0[39m,
  syntax: [33m2[39m
}

Uncaught Exceptions:
  1. SyntaxError: redeclaration of let UserSystem (http://localhost:3200/login.html)
  2. SyntaxError: redeclaration of let UserSystem (http://localhost:3200/login.html?email=billing-test-1756745796817%40example.com&password=TestPassword123%21)

[[ATTACHMENT|..\test-results\billing-flows-Billing-Flow-c2bb0-eckout-session-successfully-firefox\test-failed-1.png]]

[[ATTACHMENT|..\test-results\billing-flows-Billing-Flow-c2bb0-eckout-session-successfully-firefox\video.webm]]

[[ATTACHMENT|..\test-results\billing-flows-Billing-Flow-c2bb0-eckout-session-successfully-firefox\error-context.md]]
]]>
</system-out>
</testcase>
<testcase name="Billing Flows E2E Tests › should handle rate limiting on checkout attempts" classname="billing-flows.spec.js" time="16.306">
<failure message="billing-flows.spec.js:98:3 should handle rate limiting on checkout attempts" type="FAILURE">
[...]
          "url": "http://localhost:3200/login.html?email=billing-test-1756745933904%40example.com&password=TestPassword123%21"
        }
      ],
      "networkErrors": []
    }

       at utils\error-monitor.js:147

      145 |     if (summary.total > 0) {
      146 |       const errorDetails = JSON.stringify(this.getAllErrors(), null, 2);
    > 147 |       throw new Error(`JavaScript errors detected: ${summary.total} total (${summary.consoleErrors} console, ${summary.uncaughtExceptions} uncaught)\nDetails: ${errorDetails}`);
          |             ^
      148 |     }
      149 |   }
      150 |
        at ErrorMonitor.assertNoJavaScriptErrors (C:\wamp64\www\image-harvest\tests\e2e\utils\error-monitor.js:147:13)
        at C:\wamp64\www\image-harvest\tests\e2e\billing-flows.spec.js:25:26

    attachment #1: screenshot (image/png) ──────────────────────────────────────────────────────────
    ..\..\test-results\billing-flows-Billing-Flow-d6893-e-payment-amount-validation-Google-Chrome\test-failed-1.png
    ────────────────────────────────────────────────────────────────────────────────────────────────

    attachment #2: video (video/webm) ──────────────────────────────────────────────────────────────
    ..\..\test-results\billing-flows-Billing-Flow-d6893-e-payment-amount-validation-Google-Chrome\video.webm
    ────────────────────────────────────────────────────────────────────────────────────────────────

    Error Context: ..\..\test-results\billing-flows-Billing-Flow-d6893-e-payment-amount-validation-Google-Chrome\error-context.md
]]>
</failure>
<system-out>
<![CDATA[Note: Could not clear browser storage (this is normal in some test environments)

🚨 JavaScript Errors Detected:
Summary: {
  total: [33m2[39m,
  consoleErrors: [33m0[39m,
  uncaughtExceptions: [33m2[39m,
  networkErrors: [33m0[39m,
  critical: [33m2[39m,
  variableReference: [33m0[39m,
  syntax: [33m2[39m
}

Uncaught Exceptions:
  1. SyntaxError: Identifier 'UserSystem' has already been declared (http://localhost:3200/login.html)
  2. SyntaxError: Identifier 'UserSystem' has already been declared (http://localhost:3200/login.html?email=billing-test-1756745933904%40example.com&password=TestPassword123%21)

[[ATTACHMENT|..\test-results\billing-flows-Billing-Flow-d6893-e-payment-amount-validation-Google-Chrome\test-failed-1.png]]

[[ATTACHMENT|..\test-results\billing-flows-Billing-Flow-d6893-e-payment-amount-validation-Google-Chrome\video.webm]]

[[ATTACHMENT|..\test-results\billing-flows-Billing-Flow-d6893-e-payment-amount-validation-Google-Chrome\error-context.md]]
]]>
</system-out>
</testcase>
<testcase name="Billing Flows E2E Tests › should handle concurrent payment processing" classname="billing-flows.spec.js" time="12.173">
<failure message="billing-flows.spec.js:310:3 should handle concurrent payment processing" type="FAILURE">
<![CDATA[  [Google Chrome] › billing-flows.spec.js:310:3 › Billing Flows E2E Tests › should handle concurrent payment processing 

    TimeoutError: page.waitForURL: Timeout 10000ms exceeded.
    =========================== logs ===========================
    waiting for navigation to "/" until "load"
    ============================================================

      314 |     await page.fill('#loginPassword', testUser.password);
      315 |     await page.click('button[type="submit"]');
    > 316 |     await page.waitForURL('/', { timeout: 10000 });
          |                ^
      317 |
      318 |     // Simulate concurrent webhook processing
      319 |     const webhookPayload = {
        at C:\wamp64\www\image-harvest\tests\e2e\billing-flows.spec.js:316:16

    Error: JavaScript errors detected: 2 total (0 console, 2 uncaught)
    Details: {
      "consoleErrors": [],
      "uncaughtExceptions": [
        {
          "type": "uncaught_exception",
          "name": "SyntaxError",
          "message": "Identifier 'UserSystem' has already been declared",
          "stack": "",
          "timestamp": "2025-09-01T16:58:56.439Z",
          "url": "http://localhost:3200/login.html"
        },
        {
          "type": "uncaught_exception",
          "name": "SyntaxError",
          "message": "Identifier 'UserSystem' has already been declared",
          "stack": "",
          "timestamp": "2025-09-01T16:58:57.278Z",
          "url": "http://localhost:3200/login.html?email=billing-test-1756745934840%40example.com&password=TestPassword123%21"
        }
      ],
      "networkErrors": []
    }

       at utils\error-monitor.js:147

      145 |     if (summary.total > 0) {
      146 |       const errorDetails = JSON.stringify(this.getAllErrors(), null, 2);
    > 147 |       throw new Error(`JavaScript errors detected: ${summary.total} total (${summary.consoleErrors} console, ${summary.uncaughtExceptions} uncaught)\nDetails: ${errorDetails}`);
          |             ^
      148 |     }
      149 |   }
      150 |
        at ErrorMonitor.assertNoJavaScriptErrors (C:\wamp64\www\image-harvest\tests\e2e\utils\error-monitor.js:147:13)
        at C:\wamp64\www\image-harvest\tests\e2e\billing-flows.spec.js:25:26

    attachment #1: screenshot (image/png) ──────────────────────────────────────────────────────────
    ..\..\test-results\billing-flows-Billing-Flow-001db-ncurrent-payment-processing-Google-Chrome\test-failed-1.png
    ────────────────────────────────────────────────────────────────────────────────────────────────

    attachment #2: video (video/webm) ──────────────────────────────────────────────────────────────
    ..\..\test-results\billing-flows-Billing-Flow-001db-ncurrent-payment-processing-Google-Chrome\video.webm
    ────────────────────────────────────────────────────────────────────────────────────────────────

    Error Context: ..\..\test-results\billing-flows-Billing-Flow-001db-ncurrent-payment-processing-Google-Chrome\error-context.md
]]>
</failure>
<system-out>
<![CDATA[Note: Could not clear browser storage (this is normal in some test environments)

🚨 JavaScript Errors Detected:
Summary: {
  total: [33m2[39m,
  consoleErrors: [33m0[39m,
  uncaughtExceptions: [33m2[39m,
  networkErrors: [33m0[39m,
  critical: [33m2[39m,
  variableReference: [33m0[39m,
  syntax: [33m2[39m
}

Uncaught Exceptions:
  1. SyntaxError: Identifier 'UserSystem' has already been declared (http://localhost:3200/login.html)
  2. SyntaxError: Identifier 'UserSystem' has already been declared (http://localhost:3200/login.html?email=billing-test-1756745934840%40example.com&password=TestPassword123%21)

[[ATTACHMENT|..\test-results\billing-flows-Billing-Flow-001db-ncurrent-payment-processing-Google-Chrome\test-failed-1.png]]

[[ATTACHMENT|..\test-results\billing-flows-Billing-Flow-001db-ncurrent-payment-processing-Google-Chrome\video.webm]]

[[ATTACHMENT|..\test-results\billing-flows-Billing-Flow-001db-ncurrent-payment-processing-Google-Chrome\error-context.md]]
]]>
</system-out>
</testcase>
<testcase name="Billing Flows E2E Tests › should handle database transaction rollbacks on errors" classname="billing-flows.spec.js" time="12.183">
<failure message="billing-flows.spec.js:356:3 should handle database transaction rollbacks on errors" type="FAILURE">
<![CDATA[  [Google Chrome] › billing-flows.spec.js:356:3 › Billing Flows E2E Tests › should handle database transaction rollbacks on errors 

    TimeoutError: page.waitForURL: Timeout 10000ms exceeded.
    =========================== logs ===========================
    waiting for navigation to "/" until "load"
    ============================================================

      360 |     await page.fill('#loginPassword', testUser.password);
      361 |     await page.click('button[type="submit"]');
    > 362 |     await page.waitForURL('/', { timeout: 10000 });
          |                ^
      363 |
      364 |     // Test credit balance consistency
      365 |     const response = await page.request.get('/api/user/credits', {
        at C:\wamp64\www\image-harvest\tests\e2e\billing-flows.spec.js:362:16

    Error: JavaScript errors detected: 2 total (0 console, 2 uncaught)
    Details: {
      "consoleErrors": [],
      "uncaughtExceptions": [
        {
          "type": "uncaught_exception",
          "name": "SyntaxError",
          "message": "Identifier 'UserSystem' has already been declared",
          "stack": "",
          "timestamp": "2025-09-01T16:58:56.978Z",
          "url": "http://localhost:3200/login.html"
        },
        {
          "type": "uncaught_exception",
          "name": "SyntaxError",
          "message": "Identifier 'UserSystem' has already been declared",
          "stack": "",
          "timestamp": "2025-09-01T16:58:57.992Z",
          "url": "http://localhost:3200/login.html?email=billing-test-1756745935283%40example.com&password=TestPassword123%21"
        }
      ],
      "networkErrors": []
    }

       at utils\error-monitor.js:147

      145 |     if (summary.total > 0) {
      146 |       const errorDetails = JSON.stringify(this.getAllErrors(), null, 2);
    > 147 |       throw new Error(`JavaScript errors detected: ${summary.total} total (${summary.consoleErrors} console, ${summary.uncaughtExceptions} uncaught)\nDetails: ${errorDetails}`);
          |             ^
      148 |     }
      149 |   }
      150 |
        at ErrorMonitor.assertNoJavaScriptErrors (C:\wamp64\www\image-harvest\tests\e2e\utils\error-monitor.js:147:13)
        at C:\wamp64\www\image-harvest\tests\e2e\billing-flows.spec.js:25:26

    attachment #1: screenshot (image/png) ──────────────────────────────────────────────────────────
    ..\..\test-results\billing-flows-Billing-Flow-a870d-saction-rollbacks-on-errors-Google-Chrome\test-failed-1.png
    ────────────────────────────────────────────────────────────────────────────────────────────────

    attachment #2: video (video/webm) ──────────────────────────────────────────────────────────────
    ..\..\test-results\billing-flows-Billing-Flow-a870d-saction-rollbacks-on-errors-Google-Chrome\video.webm
    ────────────────────────────────────────────────────────────────────────────────────────────────

    Error Context: ..\..\test-results\billing-flows-Billing-Flow-a870d-saction-rollbacks-on-errors-Google-Chrome\error-context.md
]]>
</failure>
<system-out>
<![CDATA[Note: Could not clear browser storage (this is normal in some test environments)

🚨 JavaScript Errors Detected:
Summary: {
  total: [33m2[39m,
  consoleErrors: [33m0[39m,
  uncaughtExceptions: [33m2[39m,
  networkErrors: [33m0[39m,
  critical: [33m2[39m,
  variableReference: [33m0[39m,
  syntax: [33m2[39m
}

Uncaught Exceptions:
  1. SyntaxError: Identifier 'UserSystem' has already been declared (http://localhost:3200/login.html)
  2. SyntaxError: Identifier 'UserSystem' has already been declared (http://localhost:3200/login.html?email=billing-test-1756745935283%40example.com&password=TestPassword123%21)

[[ATTACHMENT|..\test-results\billing-flows-Billing-Flow-a870d-saction-rollbacks-on-errors-Google-Chrome\test-failed-1.png]]

[[ATTACHMENT|..\test-results\billing-flows-Billing-Flow-a870d-saction-rollbacks-on-errors-Google-Chrome\video.webm]]

[[ATTACHMENT|..\test-results\billing-flows-Billing-Flow-a870d-saction-rollbacks-on-errors-Google-Chrome\error-context.md]]
]]>
</system-out>
</testcase>
<testcase name="Billing Flows E2E Tests › should handle memory leak prevention in rate limiting" classname="billing-flows.spec.js" time="11.99">
<failure message="billing-flows.spec.js:376:3 should handle memory leak prevention in rate limiting" type="FAILURE">
<![CDATA[  [Google Chrome] › billing-flows.spec.js:376:3 › Billing Flows E2E Tests › should handle memory leak prevention in rate limiting 

    TimeoutError: page.waitForURL: Timeout 10000ms exceeded.
    =========================== logs ===========================
    waiting for navigation to "/" until "load"
    ============================================================

      380 |     await page.fill('#loginPassword', testUser.password);
      381 |     await page.click('button[type="submit"]');
    > 382 |     await page.waitForURL('/', { timeout: 10000 });
          |                ^
      383 |
      384 |     // Make many checkout attempts to test memory cleanup
      385 |     const promises = [];
        at C:\wamp64\www\image-harvest\tests\e2e\billing-flows.spec.js:382:16

    Error: JavaScript errors detected: 2 total (0 console, 2 uncaught)
    Details: {
      "consoleErrors": [],
      "uncaughtExceptions": [
        {
          "type": "uncaught_exception",
          "name": "SyntaxError",
          "message": "Identifier 'UserSystem' has already been declared",
          "stack": "",
          "timestamp": "2025-09-01T16:58:59.239Z",
          "url": "http://localhost:3200/login.html"
        },
        {
          "type": "uncaught_exception",
          "name": "SyntaxError",
          "message": "Identifier 'UserSystem' has already been declared",
          "stack": "",
          "timestamp": "2025-09-01T16:59:00.132Z",
          "url": "http://localhost:3200/login.html?email=billing-test-1756745937727%40example.com&password=TestPassword123%21"
        }
      ],
      "networkErrors": []
    }

       at utils\error-monitor.js:147

      145 |     if (summary.total > 0) {
      146 |       const errorDetails = JSON.stringify(this.getAllErrors(), null, 2);
    > 147 |       throw new Error(`JavaScript errors detected: ${summary.total} total (${summary.consoleErrors} console, ${summary.uncaughtExceptions} uncaught)\nDetails: ${errorDetails}`);
          |             ^
      148 |     }
      149 |   }
      150 |
        at ErrorMonitor.assertNoJavaScriptErrors (C:\wamp64\www\image-harvest\tests\e2e\utils\error-monitor.js:147:13)
        at C:\wamp64\www\image-harvest\tests\e2e\billing-flows.spec.js:25:26

    attachment #1: screenshot (image/png) ──────────────────────────────────────────────────────────
    ..\..\test-results\billing-flows-Billing-Flow-fc48e-prevention-in-rate-limiting-Google-Chrome\test-failed-1.png
    ────────────────────────────────────────────────────────────────────────────────────────────────

    attachment #2: video (video/webm) ──────────────────────────────────────────────────────────────
    ..\..\test-results\billing-flows-Billing-Flow-fc48e-prevention-in-rate-limiting-Google-Chrome\video.webm
    ────────────────────────────────────────────────────────────────────────────────────────────────

    Error Context: ..\..\test-results\billing-flows-Billing-Flow-fc48e-prevention-in-rate-limiting-Google-Chrome\error-context.md
]]>
</failure>
<system-out>
<![CDATA[Note: Could not clear browser storage (this is normal in some test environments)

🚨 JavaScript Errors Detected:
Summary: {
  total: [33m2[39m,
  consoleErrors: [33m0[39m,
  uncaughtExceptions: [33m2[39m,
  networkErrors: [33m0[39m,
  critical: [33m2[39m,
  variableReference: [33m0[39m,
  syntax: [33m2[39m
}

Uncaught Exceptions:
  1. SyntaxError: Identifier 'UserSystem' has already been declared (http://localhost:3200/login.html)
  2. SyntaxError: Identifier 'UserSystem' has already been declared (http://localhost:3200/login.html?email=billing-test-1756745937727%40example.com&password=TestPassword123%21)

[[ATTACHMENT|..\test-results\billing-flows-Billing-Flow-fc48e-prevention-in-rate-limiting-Google-Chrome\test-failed-1.png]]

[[ATTACHMENT|..\test-results\billing-flows-Billing-Flow-fc48e-prevention-in-rate-limiting-Google-Chrome\video.webm]]

[[ATTACHMENT|..\test-results\billing-flows-Billing-Flow-fc48e-prevention-in-rate-limiting-Google-Chrome\error-context.md]]
]]>
</system-out>
</testcase>
<testcase name="Billing Flows E2E Tests › should handle session expiration and re-authentication" classname="billing-flows.spec.js" time="11.941">
<failure message="billing-flows.spec.js:404:3 should handle session expiration and re-authentication" type="FAILURE">
<![CDATA[  [Google Chrome] › billing-flows.spec.js:404:3 › Billing Flows E2E Tests › should handle session expiration and re-authentication 

    TimeoutError: page.waitForURL: Timeout 10000ms exceeded.
    =========================== logs ===========================
    waiting for navigation to "/" until "load"
    ============================================================

      408 |     await page.fill('#loginPassword', testUser.password);
      409 |     await page.click('button[type="submit"]');
    > 410 |     await page.waitForURL('/', { timeout: 10000 });
          |                ^
      411 |
      412 |     // Clear authentication
      413 |     await page.evaluate(() => {
        at C:\wamp64\www\image-harvest\tests\e2e\billing-flows.spec.js:410:16

    Error: JavaScript errors detected: 2 total (0 console, 2 uncaught)
    Details: {
      "consoleErrors": [],
      "uncaughtExceptions": [
        {
          "type": "uncaught_exception",
          "name": "SyntaxError",
          "message": "Identifier 'UserSystem' has already been declared",
          "stack": "",
          "timestamp": "2025-09-01T16:58:59.349Z",
          "url": "http://localhost:3200/login.html"
        },
        {
          "type": "uncaught_exception",
          "name": "SyntaxError",
          "message": "Identifier 'UserSystem' has already been declared",
          "stack": "",
          "timestamp": "2025-09-01T16:59:00.252Z",
          "url": "http://localhost:3200/login.html?email=billing-test-1756745937882%40example.com&password=TestPassword123%21"
        }
      ],
      "networkErrors": []
    }

       at utils\error-monitor.js:147

      145 |     if (summary.total > 0) {
      146 |       const errorDetails = JSON.stringify(this.getAllErrors(), null, 2);
    > 147 |       throw new Error(`JavaScript errors detected: ${summary.total} total (${summary.consoleErrors} console, ${summary.uncaughtExceptions} uncaught)\nDetails: ${errorDetails}`);
          |             ^
      148 |     }
      149 |   }
      150 |
        at ErrorMonitor.assertNoJavaScriptErrors (C:\wamp64\www\image-harvest\tests\e2e\utils\error-monitor.js:147:13)
        at C:\wamp64\www\image-harvest\tests\e2e\billing-flows.spec.js:25:26

    attachment #1: screenshot (image/png) ──────────────────────────────────────────────────────────
    ..\..\test-results\billing-flows-Billing-Flow-7275b-ation-and-re-authentication-Google-Chrome\test-failed-1.png
    ────────────────────────────────────────────────────────────────────────────────────────────────

    attachment #2: video (video/webm) ──────────────────────────────────────────────────────────────
    ..\..\test-results\billing-flows-Billing-Flow-7275b-ation-and-re-authentication-Google-Chrome\video.webm
    ────────────────────────────────────────────────────────────────────────────────────────────────

    Error Context: ..\..\test-results\billing-flows-Billing-Flow-7275b-ation-and-re-authentication-Google-Chrome\error-context.md
]]>
</failure>
<system-out>
<![CDATA[Note: Could not clear browser storage (this is normal in some test environments)

🚨 JavaScript Errors Detected:
Summary: {
  total: [33m2[39m,
  consoleErrors: [33m0[39m,
  uncaughtExceptions: [33m2[39m,
  networkErrors: [33m0[39m,
  critical: [33m2[39m,
  variableReference: [33m0[39m,
  syntax: [33m2[39m
}

Uncaught Exceptions:
  1. SyntaxError: Identifier 'UserSystem' has already been declared (http://localhost:3200/login.html)
  2. SyntaxError: Identifier 'UserSystem' has already been declared (http://localhost:3200/login.html?email=billing-test-1756745937882%40example.com&password=TestPassword123%21)

[[ATTACHMENT|..\test-results\billing-flows-Billing-Flow-7275b-ation-and-re-authentication-Google-Chrome\test-failed-1.png]]

[[ATTACHMENT|..\test-results\billing-flows-Billing-Flow-7275b-ation-and-re-authentication-Google-Chrome\video.webm]]

[[ATTACHMENT|..\test-results\billing-flows-Billing-Flow-7275b-ation-and-re-authentication-Google-Chrome\error-context.md]]
]]>
</system-out>
</testcase>
</testsuite>
</testsuites>