{"C:\\wamp64\\www\\image-harvest\\public\\js\\app.js": {"path":"C:\\wamp64\\www\\image-harvest\\public\\js\\app.js","statementMap":{"0":{"start":{"line":5,"column":8},"end":{"line":5,"column":33}},"1":{"start":{"line":6,"column":8},"end":{"line":6,"column":33}},"2":{"start":{"line":7,"column":8},"end":{"line":7,"column":39}},"3":{"start":{"line":8,"column":8},"end":{"line":8,"column":35}},"4":{"start":{"line":9,"column":8},"end":{"line":9,"column":38}},"5":{"start":{"line":13,"column":8},"end":{"line":15,"column":9}},"6":{"start":{"line":14,"column":12},"end":{"line":14,"column":19}},"7":{"start":{"line":17,"column":8},"end":{"line":24,"column":9}},"8":{"start":{"line":18,"column":12},"end":{"line":18,"column":34}},"9":{"start":{"line":19,"column":12},"end":{"line":19,"column":37}},"10":{"start":{"line":20,"column":12},"end":{"line":20,"column":33}},"11":{"start":{"line":21,"column":12},"end":{"line":21,"column":36}},"12":{"start":{"line":23,"column":12},"end":{"line":23,"column":65}},"13":{"start":{"line":28,"column":8},"end":{"line":28,"column":120}},"14":{"start":{"line":32,"column":30},"end":{"line":42,"column":9}},"15":{"start":{"line":33,"column":31},"end":{"line":33,"column":53}},"16":{"start":{"line":34,"column":27},"end":{"line":34,"column":45}},"17":{"start":{"line":35,"column":31},"end":{"line":35,"column":53}},"18":{"start":{"line":36,"column":25},"end":{"line":36,"column":41}},"19":{"start":{"line":37,"column":29},"end":{"line":37,"column":49}},"20":{"start":{"line":38,"column":29},"end":{"line":38,"column":49}},"21":{"start":{"line":39,"column":28},"end":{"line":39,"column":47}},"22":{"start":{"line":40,"column":30},"end":{"line":40,"column":51}},"23":{"start":{"line":41,"column":29},"end":{"line":41,"column":49}},"24":{"start":{"line":44,"column":8},"end":{"line":46,"column":11}},"25":{"start":{"line":45,"column":12},"end":{"line":45,"column":54}},"26":{"start":{"line":47,"column":8},"end":{"line":47,"column":39}},"27":{"start":{"line":51,"column":8},"end":{"line":51,"column":72}},"28":{"start":{"line":55,"column":24},"end":{"line":55,"column":28}},"29":{"start":{"line":56,"column":26},"end":{"line":56,"column":36}},"30":{"start":{"line":58,"column":8},"end":{"line":71,"column":9}},"31":{"start":{"line":59,"column":33},"end":{"line":65,"column":14}},"32":{"start":{"line":60,"column":16},"end":{"line":62,"column":17}},"33":{"start":{"line":61,"column":20},"end":{"line":61,"column":53}},"34":{"start":{"line":64,"column":16},"end":{"line":64,"column":41}},"35":{"start":{"line":67,"column":12},"end":{"line":69,"column":13}},"36":{"start":{"line":68,"column":16},"end":{"line":68,"column":28}},"37":{"start":{"line":70,"column":12},"end":{"line":70,"column":66}},"38":{"start":{"line":70,"column":41},"end":{"line":70,"column":64}},"39":{"start":{"line":73,"column":8},"end":{"line":73,"column":101}},"40":{"start":{"line":77,"column":8},"end":{"line":81,"column":9}},"41":{"start":{"line":78,"column":12},"end":{"line":80,"column":13}},"42":{"start":{"line":79,"column":16},"end":{"line":79,"column":62}},"43":{"start":{"line":85,"column":8},"end":{"line":86,"column":10}},"44":{"start":{"line":85,"column":42},"end":{"line":85,"column":113}},"45":{"start":{"line":90,"column":8},"end":{"line":97,"column":9}},"46":{"start":{"line":91,"column":12},"end":{"line":93,"column":13}},"47":{"start":{"line":92,"column":16},"end":{"line":92,"column":42}},"48":{"start":{"line":94,"column":12},"end":{"line":94,"column":37}},"49":{"start":{"line":96,"column":12},"end":{"line":96,"column":75}},"50":{"start":{"line":101,"column":8},"end":{"line":101,"column":34}},"51":{"start":{"line":102,"column":8},"end":{"line":102,"column":35}},"52":{"start":{"line":103,"column":8},"end":{"line":103,"column":36}},"53":{"start":{"line":104,"column":8},"end":{"line":104,"column":29}},"54":{"start":{"line":108,"column":25},"end":{"line":111,"column":9}},"55":{"start":{"line":113,"column":8},"end":{"line":122,"column":11}},"56":{"start":{"line":114,"column":12},"end":{"line":121,"column":13}},"57":{"start":{"line":115,"column":16},"end":{"line":120,"column":17}},"58":{"start":{"line":116,"column":20},"end":{"line":116,"column":47}},"59":{"start":{"line":119,"column":20},"end":{"line":119,"column":81}},"60":{"start":{"line":126,"column":8},"end":{"line":129,"column":9}},"61":{"start":{"line":127,"column":12},"end":{"line":127,"column":41}},"62":{"start":{"line":128,"column":12},"end":{"line":128,"column":61}},"63":{"start":{"line":131,"column":8},"end":{"line":131,"column":41}},"64":{"start":{"line":135,"column":8},"end":{"line":145,"column":9}},"65":{"start":{"line":136,"column":40},"end":{"line":138,"column":13}},"66":{"start":{"line":137,"column":16},"end":{"line":137,"column":70}},"67":{"start":{"line":140,"column":12},"end":{"line":144,"column":13}},"68":{"start":{"line":141,"column":16},"end":{"line":141,"column":83}},"69":{"start":{"line":143,"column":16},"end":{"line":143,"column":38}},"70":{"start":{"line":149,"column":8},"end":{"line":149,"column":52}},"71":{"start":{"line":149,"column":25},"end":{"line":149,"column":45}},"72":{"start":{"line":153,"column":29},"end":{"line":153,"column":69}},"73":{"start":{"line":155,"column":8},"end":{"line":157,"column":9}},"74":{"start":{"line":156,"column":12},"end":{"line":156,"column":19}},"75":{"start":{"line":159,"column":8},"end":{"line":159,"column":44}},"76":{"start":{"line":160,"column":8},"end":{"line":160,"column":44}},"77":{"start":{"line":161,"column":8},"end":{"line":161,"column":43}},"78":{"start":{"line":162,"column":8},"end":{"line":162,"column":51}},"79":{"start":{"line":166,"column":8},"end":{"line":166,"column":65}},"80":{"start":{"line":167,"column":8},"end":{"line":167,"column":48}},"81":{"start":{"line":170,"column":8},"end":{"line":170,"column":44}},"82":{"start":{"line":171,"column":24},"end":{"line":171,"column":49}},"83":{"start":{"line":173,"column":8},"end":{"line":173,"column":40}},"84":{"start":{"line":177,"column":29},"end":{"line":177,"column":64}},"85":{"start":{"line":179,"column":8},"end":{"line":185,"column":11}},"86":{"start":{"line":180,"column":12},"end":{"line":184,"column":13}},"87":{"start":{"line":181,"column":16},"end":{"line":181,"column":42}},"88":{"start":{"line":183,"column":16},"end":{"line":183,"column":47}},"89":{"start":{"line":186,"column":29},"end":{"line":186,"column":141}},"90":{"start":{"line":188,"column":8},"end":{"line":192,"column":11}},"91":{"start":{"line":189,"column":12},"end":{"line":191,"column":13}},"92":{"start":{"line":190,"column":16},"end":{"line":190,"column":42}},"93":{"start":{"line":196,"column":27},"end":{"line":208,"column":9}},"94":{"start":{"line":210,"column":8},"end":{"line":210,"column":54}},"95":{"start":{"line":214,"column":27},"end":{"line":214,"column":73}},"96":{"start":{"line":216,"column":8},"end":{"line":219,"column":11}},"97":{"start":{"line":217,"column":12},"end":{"line":217,"column":40}},"98":{"start":{"line":218,"column":12},"end":{"line":218,"column":43}},"99":{"start":{"line":223,"column":38},"end":{"line":223,"column":91}},"100":{"start":{"line":228,"column":8},"end":{"line":232,"column":9}},"101":{"start":{"line":229,"column":12},"end":{"line":229,"column":42}},"102":{"start":{"line":230,"column":12},"end":{"line":230,"column":43}},"103":{"start":{"line":236,"column":38},"end":{"line":236,"column":91}},"104":{"start":{"line":237,"column":28},"end":{"line":237,"column":74}},"105":{"start":{"line":239,"column":8},"end":{"line":241,"column":9}},"106":{"start":{"line":240,"column":12},"end":{"line":240,"column":19}},"107":{"start":{"line":243,"column":25},"end":{"line":243,"column":70}},"108":{"start":{"line":244,"column":23},"end":{"line":244,"column":63}},"109":{"start":{"line":246,"column":8},"end":{"line":251,"column":9}},"110":{"start":{"line":247,"column":12},"end":{"line":247,"column":43}},"111":{"start":{"line":248,"column":12},"end":{"line":248,"column":44}},"112":{"start":{"line":249,"column":12},"end":{"line":249,"column":41}},"113":{"start":{"line":253,"column":8},"end":{"line":253,"column":37}},"114":{"start":{"line":254,"column":8},"end":{"line":259,"column":9}},"115":{"start":{"line":255,"column":12},"end":{"line":255,"column":61}},"116":{"start":{"line":255,"column":29},"end":{"line":255,"column":53}},"117":{"start":{"line":258,"column":12},"end":{"line":258,"column":38}},"118":{"start":{"line":263,"column":27},"end":{"line":263,"column":52}},"119":{"start":{"line":265,"column":8},"end":{"line":270,"column":9}},"120":{"start":{"line":267,"column":12},"end":{"line":267,"column":38}},"121":{"start":{"line":269,"column":12},"end":{"line":269,"column":19}},"122":{"start":{"line":272,"column":26},"end":{"line":276,"column":9}},"123":{"start":{"line":278,"column":8},"end":{"line":291,"column":9}},"124":{"start":{"line":279,"column":12},"end":{"line":287,"column":19}},"125":{"start":{"line":282,"column":20},"end":{"line":282,"column":55}},"126":{"start":{"line":285,"column":20},"end":{"line":285,"column":67}},"127":{"start":{"line":286,"column":20},"end":{"line":286,"column":46}},"128":{"start":{"line":289,"column":12},"end":{"line":289,"column":66}},"129":{"start":{"line":290,"column":12},"end":{"line":290,"column":38}},"130":{"start":{"line":295,"column":24},"end":{"line":295,"column":45}},"131":{"start":{"line":297,"column":8},"end":{"line":302,"column":9}},"132":{"start":{"line":298,"column":12},"end":{"line":301,"column":14}},"133":{"start":{"line":304,"column":8},"end":{"line":304,"column":22}},"134":{"start":{"line":309,"column":32},"end":{"line":330,"column":1}},"135":{"start":{"line":310,"column":21},"end":{"line":310,"column":63}},"136":{"start":{"line":311,"column":30},"end":{"line":311,"column":117}},"137":{"start":{"line":313,"column":4},"end":{"line":317,"column":5}},"138":{"start":{"line":314,"column":8},"end":{"line":314,"column":46}},"139":{"start":{"line":316,"column":8},"end":{"line":316,"column":32}},"140":{"start":{"line":319,"column":4},"end":{"line":323,"column":5}},"141":{"start":{"line":320,"column":8},"end":{"line":320,"column":60}},"142":{"start":{"line":322,"column":8},"end":{"line":322,"column":32}},"143":{"start":{"line":325,"column":4},"end":{"line":329,"column":6}},"144":{"start":{"line":333,"column":0},"end":{"line":364,"column":3}},"145":{"start":{"line":335,"column":16},"end":{"line":335,"column":31}},"146":{"start":{"line":337,"column":4},"end":{"line":337,"column":21}},"147":{"start":{"line":340,"column":4},"end":{"line":340,"column":21}},"148":{"start":{"line":343,"column":4},"end":{"line":345,"column":5}},"149":{"start":{"line":344,"column":8},"end":{"line":344,"column":79}},"150":{"start":{"line":348,"column":4},"end":{"line":353,"column":6}},"151":{"start":{"line":350,"column":8},"end":{"line":352,"column":9}},"152":{"start":{"line":351,"column":12},"end":{"line":351,"column":53}},"153":{"start":{"line":354,"column":4},"end":{"line":363,"column":6}},"154":{"start":{"line":355,"column":21},"end":{"line":355,"column":60}},"155":{"start":{"line":357,"column":8},"end":{"line":362,"column":9}},"156":{"start":{"line":359,"column":12},"end":{"line":359,"column":25}},"157":{"start":{"line":361,"column":12},"end":{"line":361,"column":64}}},"fnMap":{"0":{"name":"(anonymous_0)","decl":{"start":{"line":4,"column":4},"end":{"line":4,"column":5}},"loc":{"start":{"line":4,"column":18},"end":{"line":10,"column":5}},"line":4},"1":{"name":"(anonymous_1)","decl":{"start":{"line":12,"column":4},"end":{"line":12,"column":5}},"loc":{"start":{"line":12,"column":17},"end":{"line":25,"column":5}},"line":12},"2":{"name":"(anonymous_2)","decl":{"start":{"line":27,"column":4},"end":{"line":27,"column":5}},"loc":{"start":{"line":27,"column":21},"end":{"line":29,"column":5}},"line":27},"3":{"name":"(anonymous_3)","decl":{"start":{"line":31,"column":4},"end":{"line":31,"column":5}},"loc":{"start":{"line":31,"column":24},"end":{"line":48,"column":5}},"line":31},"4":{"name":"(anonymous_4)","decl":{"start":{"line":33,"column":25},"end":{"line":33,"column":26}},"loc":{"start":{"line":33,"column":31},"end":{"line":33,"column":53}},"line":33},"5":{"name":"(anonymous_5)","decl":{"start":{"line":34,"column":21},"end":{"line":34,"column":22}},"loc":{"start":{"line":34,"column":27},"end":{"line":34,"column":45}},"line":34},"6":{"name":"(anonymous_6)","decl":{"start":{"line":35,"column":25},"end":{"line":35,"column":26}},"loc":{"start":{"line":35,"column":31},"end":{"line":35,"column":53}},"line":35},"7":{"name":"(anonymous_7)","decl":{"start":{"line":36,"column":19},"end":{"line":36,"column":20}},"loc":{"start":{"line":36,"column":25},"end":{"line":36,"column":41}},"line":36},"8":{"name":"(anonymous_8)","decl":{"start":{"line":37,"column":23},"end":{"line":37,"column":24}},"loc":{"start":{"line":37,"column":29},"end":{"line":37,"column":49}},"line":37},"9":{"name":"(anonymous_9)","decl":{"start":{"line":38,"column":23},"end":{"line":38,"column":24}},"loc":{"start":{"line":38,"column":29},"end":{"line":38,"column":49}},"line":38},"10":{"name":"(anonymous_10)","decl":{"start":{"line":39,"column":22},"end":{"line":39,"column":23}},"loc":{"start":{"line":39,"column":28},"end":{"line":39,"column":47}},"line":39},"11":{"name":"(anonymous_11)","decl":{"start":{"line":40,"column":24},"end":{"line":40,"column":25}},"loc":{"start":{"line":40,"column":30},"end":{"line":40,"column":51}},"line":40},"12":{"name":"(anonymous_12)","decl":{"start":{"line":41,"column":23},"end":{"line":41,"column":24}},"loc":{"start":{"line":41,"column":29},"end":{"line":41,"column":49}},"line":41},"13":{"name":"(anonymous_13)","decl":{"start":{"line":44,"column":30},"end":{"line":44,"column":31}},"loc":{"start":{"line":44,"column":64},"end":{"line":46,"column":9}},"line":44},"14":{"name":"(anonymous_14)","decl":{"start":{"line":50,"column":4},"end":{"line":50,"column":5}},"loc":{"start":{"line":50,"column":46},"end":{"line":52,"column":5}},"line":50},"15":{"name":"(anonymous_15)","decl":{"start":{"line":54,"column":4},"end":{"line":54,"column":5}},"loc":{"start":{"line":54,"column":44},"end":{"line":74,"column":5}},"line":54},"16":{"name":"(anonymous_16)","decl":{"start":{"line":59,"column":52},"end":{"line":59,"column":53}},"loc":{"start":{"line":59,"column":59},"end":{"line":65,"column":13}},"line":59},"17":{"name":"(anonymous_17)","decl":{"start":{"line":70,"column":30},"end":{"line":70,"column":31}},"loc":{"start":{"line":70,"column":41},"end":{"line":70,"column":64}},"line":70},"18":{"name":"(anonymous_18)","decl":{"start":{"line":76,"column":4},"end":{"line":76,"column":5}},"loc":{"start":{"line":76,"column":30},"end":{"line":82,"column":5}},"line":76},"19":{"name":"(anonymous_19)","decl":{"start":{"line":84,"column":4},"end":{"line":84,"column":5}},"loc":{"start":{"line":84,"column":43},"end":{"line":87,"column":5}},"line":84},"20":{"name":"(anonymous_20)","decl":{"start":{"line":85,"column":34},"end":{"line":85,"column":35}},"loc":{"start":{"line":85,"column":42},"end":{"line":85,"column":113}},"line":85},"21":{"name":"(anonymous_21)","decl":{"start":{"line":89,"column":4},"end":{"line":89,"column":5}},"loc":{"start":{"line":89,"column":45},"end":{"line":98,"column":5}},"line":89},"22":{"name":"(anonymous_22)","decl":{"start":{"line":100,"column":4},"end":{"line":100,"column":5}},"loc":{"start":{"line":100,"column":20},"end":{"line":105,"column":5}},"line":100},"23":{"name":"(anonymous_23)","decl":{"start":{"line":107,"column":4},"end":{"line":107,"column":5}},"loc":{"start":{"line":107,"column":25},"end":{"line":123,"column":5}},"line":107},"24":{"name":"(anonymous_24)","decl":{"start":{"line":113,"column":25},"end":{"line":113,"column":26}},"loc":{"start":{"line":113,"column":40},"end":{"line":122,"column":9}},"line":113},"25":{"name":"(anonymous_25)","decl":{"start":{"line":125,"column":4},"end":{"line":125,"column":5}},"loc":{"start":{"line":125,"column":27},"end":{"line":132,"column":5}},"line":125},"26":{"name":"(anonymous_26)","decl":{"start":{"line":134,"column":4},"end":{"line":134,"column":5}},"loc":{"start":{"line":134,"column":32},"end":{"line":146,"column":5}},"line":134},"27":{"name":"(anonymous_27)","decl":{"start":{"line":136,"column":40},"end":{"line":136,"column":41}},"loc":{"start":{"line":136,"column":46},"end":{"line":138,"column":13}},"line":136},"28":{"name":"(anonymous_28)","decl":{"start":{"line":148,"column":4},"end":{"line":148,"column":5}},"loc":{"start":{"line":148,"column":20},"end":{"line":150,"column":5}},"line":148},"29":{"name":"(anonymous_29)","decl":{"start":{"line":149,"column":19},"end":{"line":149,"column":20}},"loc":{"start":{"line":149,"column":25},"end":{"line":149,"column":45}},"line":149},"30":{"name":"(anonymous_30)","decl":{"start":{"line":152,"column":4},"end":{"line":152,"column":5}},"loc":{"start":{"line":152,"column":20},"end":{"line":163,"column":5}},"line":152},"31":{"name":"(anonymous_31)","decl":{"start":{"line":165,"column":4},"end":{"line":165,"column":5}},"loc":{"start":{"line":165,"column":35},"end":{"line":174,"column":5}},"line":165},"32":{"name":"(anonymous_32)","decl":{"start":{"line":176,"column":4},"end":{"line":176,"column":5}},"loc":{"start":{"line":176,"column":35},"end":{"line":193,"column":5}},"line":176},"33":{"name":"(anonymous_33)","decl":{"start":{"line":179,"column":29},"end":{"line":179,"column":30}},"loc":{"start":{"line":179,"column":35},"end":{"line":185,"column":9}},"line":179},"34":{"name":"(anonymous_34)","decl":{"start":{"line":188,"column":29},"end":{"line":188,"column":30}},"loc":{"start":{"line":188,"column":35},"end":{"line":192,"column":9}},"line":188},"35":{"name":"(anonymous_35)","decl":{"start":{"line":195,"column":4},"end":{"line":195,"column":5}},"loc":{"start":{"line":195,"column":34},"end":{"line":211,"column":5}},"line":195},"36":{"name":"(anonymous_36)","decl":{"start":{"line":213,"column":4},"end":{"line":213,"column":5}},"loc":{"start":{"line":213,"column":42},"end":{"line":220,"column":5}},"line":213},"37":{"name":"(anonymous_37)","decl":{"start":{"line":216,"column":27},"end":{"line":216,"column":28}},"loc":{"start":{"line":216,"column":35},"end":{"line":219,"column":9}},"line":216},"38":{"name":"(anonymous_38)","decl":{"start":{"line":222,"column":4},"end":{"line":222,"column":5}},"loc":{"start":{"line":222,"column":26},"end":{"line":225,"column":5}},"line":222},"39":{"name":"(anonymous_39)","decl":{"start":{"line":227,"column":4},"end":{"line":227,"column":5}},"loc":{"start":{"line":227,"column":25},"end":{"line":233,"column":5}},"line":227},"40":{"name":"(anonymous_40)","decl":{"start":{"line":235,"column":4},"end":{"line":235,"column":5}},"loc":{"start":{"line":235,"column":34},"end":{"line":260,"column":5}},"line":235},"41":{"name":"(anonymous_41)","decl":{"start":{"line":255,"column":23},"end":{"line":255,"column":24}},"loc":{"start":{"line":255,"column":29},"end":{"line":255,"column":53}},"line":255},"42":{"name":"(anonymous_42)","decl":{"start":{"line":262,"column":4},"end":{"line":262,"column":5}},"loc":{"start":{"line":262,"column":24},"end":{"line":292,"column":5}},"line":262},"43":{"name":"(anonymous_43)","decl":{"start":{"line":280,"column":22},"end":{"line":280,"column":23}},"loc":{"start":{"line":280,"column":32},"end":{"line":283,"column":17}},"line":280},"44":{"name":"(anonymous_44)","decl":{"start":{"line":284,"column":23},"end":{"line":284,"column":24}},"loc":{"start":{"line":284,"column":32},"end":{"line":287,"column":17}},"line":284},"45":{"name":"(anonymous_45)","decl":{"start":{"line":294,"column":4},"end":{"line":294,"column":5}},"loc":{"start":{"line":294,"column":16},"end":{"line":305,"column":5}},"line":294},"46":{"name":"(anonymous_46)","decl":{"start":{"line":309,"column":32},"end":{"line":309,"column":33}},"loc":{"start":{"line":309,"column":38},"end":{"line":330,"column":1}},"line":309},"47":{"name":"(anonymous_47)","decl":{"start":{"line":333,"column":46},"end":{"line":333,"column":47}},"loc":{"start":{"line":333,"column":57},"end":{"line":364,"column":1}},"line":333},"48":{"name":"(anonymous_48)","decl":{"start":{"line":348,"column":32},"end":{"line":348,"column":33}},"loc":{"start":{"line":348,"column":38},"end":{"line":353,"column":5}},"line":348},"49":{"name":"(anonymous_49)","decl":{"start":{"line":354,"column":29},"end":{"line":354,"column":30}},"loc":{"start":{"line":354,"column":35},"end":{"line":363,"column":5}},"line":354}},"branchMap":{"0":{"loc":{"start":{"line":13,"column":8},"end":{"line":15,"column":9}},"type":"if","locations":[{"start":{"line":13,"column":8},"end":{"line":15,"column":9}},{"start":{},"end":{}}],"line":13},"1":{"loc":{"start":{"line":50,"column":27},"end":{"line":50,"column":44}},"type":"default-arg","locations":[{"start":{"line":50,"column":42},"end":{"line":50,"column":44}}],"line":50},"2":{"loc":{"start":{"line":60,"column":16},"end":{"line":62,"column":17}},"type":"if","locations":[{"start":{"line":60,"column":16},"end":{"line":62,"column":17}},{"start":{},"end":{}}],"line":60},"3":{"loc":{"start":{"line":67,"column":12},"end":{"line":69,"column":13}},"type":"if","locations":[{"start":{"line":67,"column":12},"end":{"line":69,"column":13}},{"start":{},"end":{}}],"line":67},"4":{"loc":{"start":{"line":78,"column":12},"end":{"line":80,"column":13}},"type":"if","locations":[{"start":{"line":78,"column":12},"end":{"line":80,"column":13}},{"start":{},"end":{}}],"line":78},"5":{"loc":{"start":{"line":78,"column":16},"end":{"line":78,"column":92}},"type":"binary-expr","locations":[{"start":{"line":78,"column":16},"end":{"line":78,"column":34}},{"start":{"line":78,"column":38},"end":{"line":78,"column":92}}],"line":78},"6":{"loc":{"start":{"line":85,"column":42},"end":{"line":85,"column":113}},"type":"cond-expr","locations":[{"start":{"line":85,"column":68},"end":{"line":85,"column":93}},{"start":{"line":85,"column":96},"end":{"line":85,"column":113}}],"line":85},"7":{"loc":{"start":{"line":91,"column":12},"end":{"line":93,"column":13}},"type":"if","locations":[{"start":{"line":91,"column":12},"end":{"line":93,"column":13}},{"start":{},"end":{}}],"line":91},"8":{"loc":{"start":{"line":114,"column":12},"end":{"line":121,"column":13}},"type":"if","locations":[{"start":{"line":114,"column":12},"end":{"line":121,"column":13}},{"start":{},"end":{}}],"line":114},"9":{"loc":{"start":{"line":126,"column":8},"end":{"line":129,"column":9}},"type":"if","locations":[{"start":{"line":126,"column":8},"end":{"line":129,"column":9}},{"start":{},"end":{}}],"line":126},"10":{"loc":{"start":{"line":135,"column":8},"end":{"line":145,"column":9}},"type":"if","locations":[{"start":{"line":135,"column":8},"end":{"line":145,"column":9}},{"start":{},"end":{}}],"line":135},"11":{"loc":{"start":{"line":135,"column":12},"end":{"line":135,"column":61}},"type":"binary-expr","locations":[{"start":{"line":135,"column":12},"end":{"line":135,"column":35}},{"start":{"line":135,"column":39},"end":{"line":135,"column":61}}],"line":135},"12":{"loc":{"start":{"line":140,"column":12},"end":{"line":144,"column":13}},"type":"if","locations":[{"start":{"line":140,"column":12},"end":{"line":144,"column":13}},{"start":{"line":142,"column":19},"end":{"line":144,"column":13}}],"line":140},"13":{"loc":{"start":{"line":155,"column":8},"end":{"line":157,"column":9}},"type":"if","locations":[{"start":{"line":155,"column":8},"end":{"line":157,"column":9}},{"start":{},"end":{}}],"line":155},"14":{"loc":{"start":{"line":180,"column":12},"end":{"line":184,"column":13}},"type":"if","locations":[{"start":{"line":180,"column":12},"end":{"line":184,"column":13}},{"start":{"line":182,"column":19},"end":{"line":184,"column":13}}],"line":180},"15":{"loc":{"start":{"line":189,"column":12},"end":{"line":191,"column":13}},"type":"if","locations":[{"start":{"line":189,"column":12},"end":{"line":191,"column":13}},{"start":{},"end":{}}],"line":189},"16":{"loc":{"start":{"line":228,"column":8},"end":{"line":232,"column":9}},"type":"if","locations":[{"start":{"line":228,"column":8},"end":{"line":232,"column":9}},{"start":{},"end":{}}],"line":228},"17":{"loc":{"start":{"line":239,"column":8},"end":{"line":241,"column":9}},"type":"if","locations":[{"start":{"line":239,"column":8},"end":{"line":241,"column":9}},{"start":{},"end":{}}],"line":239},"18":{"loc":{"start":{"line":243,"column":25},"end":{"line":243,"column":70}},"type":"cond-expr","locations":[{"start":{"line":243,"column":39},"end":{"line":243,"column":66}},{"start":{"line":243,"column":69},"end":{"line":243,"column":70}}],"line":243},"19":{"loc":{"start":{"line":244,"column":48},"end":{"line":244,"column":61}},"type":"binary-expr","locations":[{"start":{"line":244,"column":48},"end":{"line":244,"column":56}},{"start":{"line":244,"column":60},"end":{"line":244,"column":61}}],"line":244},"20":{"loc":{"start":{"line":246,"column":8},"end":{"line":251,"column":9}},"type":"if","locations":[{"start":{"line":246,"column":8},"end":{"line":251,"column":9}},{"start":{},"end":{}}],"line":246},"21":{"loc":{"start":{"line":254,"column":8},"end":{"line":259,"column":9}},"type":"if","locations":[{"start":{"line":254,"column":8},"end":{"line":259,"column":9}},{"start":{"line":256,"column":15},"end":{"line":259,"column":9}}],"line":254},"22":{"loc":{"start":{"line":265,"column":8},"end":{"line":270,"column":9}},"type":"if","locations":[{"start":{"line":265,"column":8},"end":{"line":270,"column":9}},{"start":{},"end":{}}],"line":265},"23":{"loc":{"start":{"line":278,"column":8},"end":{"line":291,"column":9}},"type":"if","locations":[{"start":{"line":278,"column":8},"end":{"line":291,"column":9}},{"start":{"line":288,"column":15},"end":{"line":291,"column":9}}],"line":278},"24":{"loc":{"start":{"line":311,"column":30},"end":{"line":311,"column":117}},"type":"binary-expr","locations":[{"start":{"line":311,"column":30},"end":{"line":311,"column":111}},{"start":{"line":311,"column":115},"end":{"line":311,"column":117}}],"line":311},"25":{"loc":{"start":{"line":313,"column":4},"end":{"line":317,"column":5}},"type":"if","locations":[{"start":{"line":313,"column":4},"end":{"line":317,"column":5}},{"start":{},"end":{}}],"line":313},"26":{"loc":{"start":{"line":319,"column":4},"end":{"line":323,"column":5}},"type":"if","locations":[{"start":{"line":319,"column":4},"end":{"line":323,"column":5}},{"start":{},"end":{}}],"line":319},"27":{"loc":{"start":{"line":343,"column":4},"end":{"line":345,"column":5}},"type":"if","locations":[{"start":{"line":343,"column":4},"end":{"line":345,"column":5}},{"start":{"line":343,"column":63},"end":{"line":345,"column":5}}],"line":343},"28":{"loc":{"start":{"line":350,"column":8},"end":{"line":352,"column":9}},"type":"if","locations":[{"start":{"line":350,"column":8},"end":{"line":352,"column":9}},{"start":{},"end":{}}],"line":350},"29":{"loc":{"start":{"line":357,"column":8},"end":{"line":362,"column":9}},"type":"if","locations":[{"start":{"line":357,"column":8},"end":{"line":362,"column":9}},{"start":{"line":360,"column":15},"end":{"line":362,"column":9}}],"line":357}},"s":{"0":0,"1":0,"2":0,"3":0,"4":0,"5":0,"6":0,"7":0,"8":0,"9":0,"10":0,"11":0,"12":0,"13":0,"14":0,"15":0,"16":0,"17":0,"18":0,"19":0,"20":0,"21":0,"22":0,"23":0,"24":0,"25":0,"26":0,"27":0,"28":0,"29":0,"30":0,"31":0,"32":0,"33":0,"34":0,"35":0,"36":0,"37":0,"38":0,"39":0,"40":0,"41":0,"42":0,"43":0,"44":0,"45":0,"46":0,"47":0,"48":0,"49":0,"50":0,"51":0,"52":0,"53":0,"54":0,"55":0,"56":0,"57":0,"58":0,"59":0,"60":0,"61":0,"62":0,"63":0,"64":0,"65":0,"66":0,"67":0,"68":0,"69":0,"70":0,"71":0,"72":0,"73":0,"74":0,"75":0,"76":0,"77":0,"78":0,"79":0,"80":0,"81":0,"82":0,"83":0,"84":0,"85":0,"86":0,"87":0,"88":0,"89":0,"90":0,"91":0,"92":0,"93":0,"94":0,"95":0,"96":0,"97":0,"98":0,"99":0,"100":0,"101":0,"102":0,"103":0,"104":0,"105":0,"106":0,"107":0,"108":0,"109":0,"110":0,"111":0,"112":0,"113":0,"114":0,"115":0,"116":0,"117":0,"118":0,"119":0,"120":0,"121":0,"122":0,"123":0,"124":0,"125":0,"126":0,"127":0,"128":0,"129":0,"130":0,"131":0,"132":0,"133":0,"134":0,"135":0,"136":0,"137":0,"138":0,"139":0,"140":0,"141":0,"142":0,"143":0,"144":0,"145":0,"146":0,"147":0,"148":0,"149":0,"150":0,"151":0,"152":0,"153":0,"154":0,"155":0,"156":0,"157":0},"f":{"0":0,"1":0,"2":0,"3":0,"4":0,"5":0,"6":0,"7":0,"8":0,"9":0,"10":0,"11":0,"12":0,"13":0,"14":0,"15":0,"16":0,"17":0,"18":0,"19":0,"20":0,"21":0,"22":0,"23":0,"24":0,"25":0,"26":0,"27":0,"28":0,"29":0,"30":0,"31":0,"32":0,"33":0,"34":0,"35":0,"36":0,"37":0,"38":0,"39":0,"40":0,"41":0,"42":0,"43":0,"44":0,"45":0,"46":0,"47":0,"48":0,"49":0},"b":{"0":[0,0],"1":[0],"2":[0,0],"3":[0,0],"4":[0,0],"5":[0,0],"6":[0,0],"7":[0,0],"8":[0,0],"9":[0,0],"10":[0,0],"11":[0,0],"12":[0,0],"13":[0,0],"14":[0,0],"15":[0,0],"16":[0,0],"17":[0,0],"18":[0,0],"19":[0,0],"20":[0,0],"21":[0,0],"22":[0,0],"23":[0,0],"24":[0,0],"25":[0,0],"26":[0,0],"27":[0,0],"28":[0,0],"29":[0,0]}}
,"C:\\wamp64\\www\\image-harvest\\public\\js\\tools.js": {"path":"C:\\wamp64\\www\\image-harvest\\public\\js\\tools.js","statementMap":{"0":{"start":{"line":5,"column":35},"end":{"line":16,"column":1}},"1":{"start":{"line":6,"column":19},"end":{"line":9,"column":40}},"2":{"start":{"line":11,"column":4},"end":{"line":13,"column":5}},"3":{"start":{"line":12,"column":8},"end":{"line":12,"column":26}},"4":{"start":{"line":15,"column":4},"end":{"line":15,"column":57}},"5":{"start":{"line":19,"column":30},"end":{"line":33,"column":1}},"6":{"start":{"line":20,"column":4},"end":{"line":24,"column":5}},"7":{"start":{"line":21,"column":8},"end":{"line":21,"column":75}},"8":{"start":{"line":23,"column":8},"end":{"line":23,"column":15}},"9":{"start":{"line":26,"column":23},"end":{"line":26,"column":42}},"10":{"start":{"line":28,"column":4},"end":{"line":30,"column":7}},"11":{"start":{"line":29,"column":8},"end":{"line":29,"column":24}},"12":{"start":{"line":32,"column":4},"end":{"line":32,"column":22}},"13":{"start":{"line":36,"column":27},"end":{"line":40,"column":1}},"14":{"start":{"line":37,"column":29},"end":{"line":37,"column":127}},"15":{"start":{"line":37,"column":115},"end":{"line":37,"column":126}},"16":{"start":{"line":39,"column":4},"end":{"line":39,"column":39}},"17":{"start":{"line":43,"column":26},"end":{"line":65,"column":1}},"18":{"start":{"line":44,"column":4},"end":{"line":48,"column":5}},"19":{"start":{"line":45,"column":24},"end":{"line":45,"column":111}},"20":{"start":{"line":47,"column":8},"end":{"line":47,"column":44}},"21":{"start":{"line":50,"column":4},"end":{"line":54,"column":5}},"22":{"start":{"line":51,"column":8},"end":{"line":51,"column":58}},"23":{"start":{"line":53,"column":8},"end":{"line":53,"column":20}},"24":{"start":{"line":56,"column":24},"end":{"line":56,"column":56}},"25":{"start":{"line":58,"column":4},"end":{"line":58,"column":48}},"26":{"start":{"line":59,"column":4},"end":{"line":59,"column":50}},"27":{"start":{"line":60,"column":4},"end":{"line":62,"column":7}},"28":{"start":{"line":61,"column":8},"end":{"line":61,"column":27}},"29":{"start":{"line":64,"column":4},"end":{"line":64,"column":23}},"30":{"start":{"line":68,"column":17},"end":{"line":75,"column":1}},"31":{"start":{"line":71,"column":4},"end":{"line":74,"column":6}},"32":{"start":{"line":72,"column":8},"end":{"line":72,"column":30}},"33":{"start":{"line":73,"column":8},"end":{"line":73,"column":65}},"34":{"start":{"line":73,"column":35},"end":{"line":73,"column":57}},"35":{"start":{"line":78,"column":0},"end":{"line":78,"column":47}},"36":{"start":{"line":79,"column":0},"end":{"line":79,"column":63}},"37":{"start":{"line":80,"column":0},"end":{"line":80,"column":45}},"38":{"start":{"line":81,"column":0},"end":{"line":81,"column":27}},"39":{"start":{"line":82,"column":0},"end":{"line":82,"column":53}}},"fnMap":{"0":{"name":"(anonymous_0)","decl":{"start":{"line":5,"column":35},"end":{"line":5,"column":36}},"loc":{"start":{"line":5,"column":43},"end":{"line":16,"column":1}},"line":5},"1":{"name":"(anonymous_1)","decl":{"start":{"line":19,"column":30},"end":{"line":19,"column":31}},"loc":{"start":{"line":19,"column":53},"end":{"line":33,"column":1}},"line":19},"2":{"name":"(anonymous_2)","decl":{"start":{"line":28,"column":27},"end":{"line":28,"column":28}},"loc":{"start":{"line":28,"column":36},"end":{"line":30,"column":5}},"line":28},"3":{"name":"(anonymous_3)","decl":{"start":{"line":36,"column":27},"end":{"line":36,"column":28}},"loc":{"start":{"line":36,"column":33},"end":{"line":40,"column":1}},"line":36},"4":{"name":"(anonymous_4)","decl":{"start":{"line":37,"column":106},"end":{"line":37,"column":107}},"loc":{"start":{"line":37,"column":115},"end":{"line":37,"column":126}},"line":37},"5":{"name":"(anonymous_5)","decl":{"start":{"line":43,"column":26},"end":{"line":43,"column":27}},"loc":{"start":{"line":43,"column":42},"end":{"line":65,"column":1}},"line":43},"6":{"name":"(anonymous_6)","decl":{"start":{"line":60,"column":42},"end":{"line":60,"column":43}},"loc":{"start":{"line":60,"column":48},"end":{"line":62,"column":5}},"line":60},"7":{"name":"(anonymous_7)","decl":{"start":{"line":68,"column":17},"end":{"line":68,"column":18}},"loc":{"start":{"line":68,"column":33},"end":{"line":75,"column":1}},"line":68},"8":{"name":"(anonymous_8)","decl":{"start":{"line":71,"column":11},"end":{"line":71,"column":12}},"loc":{"start":{"line":71,"column":29},"end":{"line":74,"column":5}},"line":71},"9":{"name":"(anonymous_9)","decl":{"start":{"line":73,"column":29},"end":{"line":73,"column":30}},"loc":{"start":{"line":73,"column":35},"end":{"line":73,"column":57}},"line":73}},"branchMap":{"0":{"loc":{"start":{"line":11,"column":4},"end":{"line":13,"column":5}},"type":"if","locations":[{"start":{"line":11,"column":4},"end":{"line":13,"column":5}},{"start":{},"end":{}}],"line":11},"1":{"loc":{"start":{"line":20,"column":4},"end":{"line":24,"column":5}},"type":"if","locations":[{"start":{"line":20,"column":4},"end":{"line":24,"column":5}},{"start":{},"end":{}}],"line":20},"2":{"loc":{"start":{"line":20,"column":8},"end":{"line":20,"column":50}},"type":"binary-expr","locations":[{"start":{"line":20,"column":8},"end":{"line":20,"column":16}},{"start":{"line":20,"column":20},"end":{"line":20,"column":50}}],"line":20},"3":{"loc":{"start":{"line":43,"column":27},"end":{"line":43,"column":37}},"type":"default-arg","locations":[{"start":{"line":43,"column":33},"end":{"line":43,"column":37}}],"line":43},"4":{"loc":{"start":{"line":44,"column":4},"end":{"line":48,"column":5}},"type":"if","locations":[{"start":{"line":44,"column":4},"end":{"line":48,"column":5}},{"start":{},"end":{}}],"line":44},"5":{"loc":{"start":{"line":50,"column":4},"end":{"line":54,"column":5}},"type":"if","locations":[{"start":{"line":50,"column":4},"end":{"line":54,"column":5}},{"start":{},"end":{}}],"line":50}},"s":{"0":0,"1":0,"2":0,"3":0,"4":0,"5":0,"6":0,"7":0,"8":0,"9":0,"10":0,"11":0,"12":0,"13":0,"14":0,"15":0,"16":0,"17":0,"18":0,"19":0,"20":0,"21":0,"22":0,"23":0,"24":0,"25":0,"26":0,"27":0,"28":0,"29":0,"30":0,"31":0,"32":0,"33":0,"34":0,"35":0,"36":0,"37":0,"38":0,"39":0},"f":{"0":0,"1":0,"2":0,"3":0,"4":0,"5":0,"6":0,"7":0,"8":0,"9":0},"b":{"0":[0,0],"1":[0,0],"2":[0,0],"3":[0],"4":[0,0],"5":[0,0]}}
,"C:\\wamp64\\www\\image-harvest\\public\\js\\user.js": {"path":"C:\\wamp64\\www\\image-harvest\\public\\js\\user.js","statementMap":{"0":{"start":{"line":3,"column":12},"end":{"line":3,"column":16}},"1":{"start":{"line":10,"column":29},"end":{"line":14,"column":1}},"2":{"start":{"line":11,"column":15},"end":{"line":11,"column":166}},"3":{"start":{"line":13,"column":4},"end":{"line":13,"column":48}},"4":{"start":{"line":19,"column":22},"end":{"line":26,"column":1}},"5":{"start":{"line":20,"column":4},"end":{"line":22,"column":5}},"6":{"start":{"line":21,"column":8},"end":{"line":21,"column":53}},"7":{"start":{"line":23,"column":4},"end":{"line":23,"column":88}},"8":{"start":{"line":25,"column":4},"end":{"line":25,"column":39}},"9":{"start":{"line":31,"column":30},"end":{"line":80,"column":1}},"10":{"start":{"line":32,"column":16},"end":{"line":32,"column":17}},"11":{"start":{"line":33,"column":21},"end":{"line":33,"column":23}},"12":{"start":{"line":35,"column":4},"end":{"line":39,"column":5}},"13":{"start":{"line":36,"column":8},"end":{"line":36,"column":16}},"14":{"start":{"line":38,"column":8},"end":{"line":38,"column":47}},"15":{"start":{"line":41,"column":4},"end":{"line":45,"column":5}},"16":{"start":{"line":42,"column":8},"end":{"line":42,"column":16}},"17":{"start":{"line":44,"column":8},"end":{"line":44,"column":42}},"18":{"start":{"line":47,"column":4},"end":{"line":51,"column":5}},"19":{"start":{"line":48,"column":8},"end":{"line":48,"column":16}},"20":{"start":{"line":50,"column":8},"end":{"line":50,"column":42}},"21":{"start":{"line":53,"column":4},"end":{"line":57,"column":5}},"22":{"start":{"line":54,"column":8},"end":{"line":54,"column":16}},"23":{"start":{"line":56,"column":8},"end":{"line":56,"column":32}},"24":{"start":{"line":59,"column":4},"end":{"line":63,"column":5}},"25":{"start":{"line":60,"column":8},"end":{"line":60,"column":16}},"26":{"start":{"line":62,"column":8},"end":{"line":62,"column":43}},"27":{"start":{"line":68,"column":4},"end":{"line":77,"column":5}},"28":{"start":{"line":69,"column":8},"end":{"line":69,"column":26}},"29":{"start":{"line":70,"column":8},"end":{"line":70,"column":22}},"30":{"start":{"line":71,"column":11},"end":{"line":77,"column":5}},"31":{"start":{"line":72,"column":8},"end":{"line":72,"column":28}},"32":{"start":{"line":73,"column":8},"end":{"line":73,"column":25}},"33":{"start":{"line":75,"column":8},"end":{"line":75,"column":28}},"34":{"start":{"line":76,"column":8},"end":{"line":76,"column":24}},"35":{"start":{"line":79,"column":4},"end":{"line":79,"column":48}},"36":{"start":{"line":85,"column":21},"end":{"line":153,"column":1}},"37":{"start":{"line":86,"column":4},"end":{"line":86,"column":23}},"38":{"start":{"line":87,"column":4},"end":{"line":152,"column":5}},"39":{"start":{"line":88,"column":22},"end":{"line":88,"column":75}},"40":{"start":{"line":89,"column":25},"end":{"line":89,"column":74}},"41":{"start":{"line":90,"column":32},"end":{"line":90,"column":128}},"42":{"start":{"line":93,"column":8},"end":{"line":93,"column":23}},"43":{"start":{"line":96,"column":8},"end":{"line":98,"column":9}},"44":{"start":{"line":97,"column":12},"end":{"line":97,"column":49}},"45":{"start":{"line":101,"column":8},"end":{"line":103,"column":9}},"46":{"start":{"line":102,"column":12},"end":{"line":102,"column":66}},"47":{"start":{"line":105,"column":8},"end":{"line":107,"column":9}},"48":{"start":{"line":106,"column":12},"end":{"line":106,"column":52}},"49":{"start":{"line":109,"column":8},"end":{"line":111,"column":9}},"50":{"start":{"line":110,"column":12},"end":{"line":110,"column":75}},"51":{"start":{"line":113,"column":8},"end":{"line":115,"column":9}},"52":{"start":{"line":114,"column":12},"end":{"line":114,"column":54}},"53":{"start":{"line":118,"column":8},"end":{"line":118,"column":36}},"54":{"start":{"line":119,"column":21},"end":{"line":119,"column":77}},"55":{"start":{"line":122,"column":25},"end":{"line":122,"column":61}},"56":{"start":{"line":124,"column":8},"end":{"line":146,"column":9}},"57":{"start":{"line":126,"column":12},"end":{"line":126,"column":29}},"58":{"start":{"line":129,"column":12},"end":{"line":129,"column":69}},"59":{"start":{"line":133,"column":12},"end":{"line":138,"column":13}},"60":{"start":{"line":134,"column":16},"end":{"line":134,"column":55}},"61":{"start":{"line":137,"column":16},"end":{"line":137,"column":74}},"62":{"start":{"line":140,"column":12},"end":{"line":140,"column":86}},"63":{"start":{"line":141,"column":12},"end":{"line":143,"column":21}},"64":{"start":{"line":142,"column":16},"end":{"line":142,"column":43}},"65":{"start":{"line":145,"column":12},"end":{"line":145,"column":71}},"66":{"start":{"line":148,"column":8},"end":{"line":148,"column":55}},"67":{"start":{"line":149,"column":8},"end":{"line":149,"column":84}},"68":{"start":{"line":151,"column":8},"end":{"line":151,"column":36}},"69":{"start":{"line":158,"column":18},"end":{"line":216,"column":1}},"70":{"start":{"line":159,"column":4},"end":{"line":159,"column":44}},"71":{"start":{"line":160,"column":4},"end":{"line":160,"column":23}},"72":{"start":{"line":162,"column":4},"end":{"line":215,"column":5}},"73":{"start":{"line":163,"column":22},"end":{"line":163,"column":72}},"74":{"start":{"line":164,"column":25},"end":{"line":164,"column":71}},"75":{"start":{"line":166,"column":8},"end":{"line":166,"column":139}},"76":{"start":{"line":169,"column":8},"end":{"line":169,"column":23}},"77":{"start":{"line":172,"column":8},"end":{"line":174,"column":9}},"78":{"start":{"line":173,"column":12},"end":{"line":173,"column":49}},"79":{"start":{"line":177,"column":8},"end":{"line":179,"column":9}},"80":{"start":{"line":178,"column":12},"end":{"line":178,"column":66}},"81":{"start":{"line":181,"column":8},"end":{"line":183,"column":9}},"82":{"start":{"line":182,"column":12},"end":{"line":182,"column":52}},"83":{"start":{"line":186,"column":8},"end":{"line":186,"column":33}},"84":{"start":{"line":187,"column":8},"end":{"line":187,"column":58}},"85":{"start":{"line":188,"column":21},"end":{"line":188,"column":57}},"86":{"start":{"line":190,"column":8},"end":{"line":190,"column":57}},"87":{"start":{"line":193,"column":25},"end":{"line":193,"column":61}},"88":{"start":{"line":195,"column":8},"end":{"line":209,"column":9}},"89":{"start":{"line":196,"column":12},"end":{"line":196,"column":29}},"90":{"start":{"line":199,"column":12},"end":{"line":201,"column":13}},"91":{"start":{"line":200,"column":16},"end":{"line":200,"column":55}},"92":{"start":{"line":203,"column":12},"end":{"line":203,"column":79}},"93":{"start":{"line":204,"column":12},"end":{"line":206,"column":21}},"94":{"start":{"line":205,"column":16},"end":{"line":205,"column":43}},"95":{"start":{"line":208,"column":12},"end":{"line":208,"column":64}},"96":{"start":{"line":211,"column":8},"end":{"line":211,"column":48}},"97":{"start":{"line":212,"column":8},"end":{"line":212,"column":77}},"98":{"start":{"line":214,"column":8},"end":{"line":214,"column":33}},"99":{"start":{"line":221,"column":19},"end":{"line":240,"column":1}},"100":{"start":{"line":222,"column":4},"end":{"line":239,"column":5}},"101":{"start":{"line":223,"column":8},"end":{"line":225,"column":9}},"102":{"start":{"line":224,"column":12},"end":{"line":224,"column":24}},"103":{"start":{"line":227,"column":25},"end":{"line":227,"column":51}},"104":{"start":{"line":230,"column":22},"end":{"line":230,"column":70}},"105":{"start":{"line":232,"column":8},"end":{"line":232,"column":28}},"106":{"start":{"line":234,"column":8},"end":{"line":234,"column":21}},"107":{"start":{"line":236,"column":8},"end":{"line":236,"column":58}},"108":{"start":{"line":238,"column":8},"end":{"line":238,"column":20}},"109":{"start":{"line":245,"column":19},"end":{"line":265,"column":1}},"110":{"start":{"line":246,"column":4},"end":{"line":264,"column":5}},"111":{"start":{"line":248,"column":8},"end":{"line":248,"column":31}},"112":{"start":{"line":249,"column":8},"end":{"line":249,"column":21}},"113":{"start":{"line":252,"column":8},"end":{"line":255,"column":9}},"114":{"start":{"line":253,"column":12},"end":{"line":253,"column":47}},"115":{"start":{"line":257,"column":8},"end":{"line":257,"column":54}},"116":{"start":{"line":258,"column":8},"end":{"line":260,"column":17}},"117":{"start":{"line":259,"column":12},"end":{"line":259,"column":39}},"118":{"start":{"line":262,"column":8},"end":{"line":262,"column":49}},"119":{"start":{"line":263,"column":8},"end":{"line":263,"column":60}},"120":{"start":{"line":270,"column":24},"end":{"line":298,"column":1}},"121":{"start":{"line":271,"column":17},"end":{"line":271,"column":55}},"122":{"start":{"line":273,"column":4},"end":{"line":297,"column":5}},"123":{"start":{"line":274,"column":26},"end":{"line":274,"column":69}},"124":{"start":{"line":276,"column":8},"end":{"line":296,"column":9}},"125":{"start":{"line":277,"column":12},"end":{"line":277,"column":38}},"126":{"start":{"line":278,"column":31},"end":{"line":278,"column":89}},"127":{"start":{"line":280,"column":12},"end":{"line":288,"column":14}},"128":{"start":{"line":291,"column":27},"end":{"line":291,"column":57}},"129":{"start":{"line":293,"column":12},"end":{"line":295,"column":15}},"130":{"start":{"line":294,"column":16},"end":{"line":294,"column":38}},"131":{"start":{"line":303,"column":24},"end":{"line":330,"column":1}},"132":{"start":{"line":304,"column":17},"end":{"line":304,"column":55}},"133":{"start":{"line":306,"column":4},"end":{"line":329,"column":5}},"134":{"start":{"line":307,"column":26},"end":{"line":307,"column":69}},"135":{"start":{"line":309,"column":8},"end":{"line":328,"column":9}},"136":{"start":{"line":310,"column":12},"end":{"line":310,"column":39}},"137":{"start":{"line":311,"column":31},"end":{"line":311,"column":78}},"138":{"start":{"line":313,"column":12},"end":{"line":320,"column":14}},"139":{"start":{"line":323,"column":27},"end":{"line":323,"column":57}},"140":{"start":{"line":325,"column":12},"end":{"line":327,"column":15}},"141":{"start":{"line":326,"column":16},"end":{"line":326,"column":39}},"142":{"start":{"line":335,"column":27},"end":{"line":347,"column":1}},"143":{"start":{"line":336,"column":22},"end":{"line":336,"column":60}},"144":{"start":{"line":338,"column":4},"end":{"line":346,"column":5}},"145":{"start":{"line":339,"column":8},"end":{"line":339,"column":40}},"146":{"start":{"line":340,"column":8},"end":{"line":340,"column":45}},"147":{"start":{"line":343,"column":8},"end":{"line":345,"column":17}},"148":{"start":{"line":344,"column":12},"end":{"line":344,"column":46}},"149":{"start":{"line":352,"column":25},"end":{"line":364,"column":1}},"150":{"start":{"line":353,"column":20},"end":{"line":353,"column":56}},"151":{"start":{"line":355,"column":4},"end":{"line":363,"column":5}},"152":{"start":{"line":356,"column":8},"end":{"line":356,"column":38}},"153":{"start":{"line":357,"column":8},"end":{"line":357,"column":43}},"154":{"start":{"line":360,"column":8},"end":{"line":362,"column":17}},"155":{"start":{"line":361,"column":12},"end":{"line":361,"column":44}},"156":{"start":{"line":369,"column":21},"end":{"line":379,"column":1}},"157":{"start":{"line":370,"column":22},"end":{"line":370,"column":60}},"158":{"start":{"line":371,"column":20},"end":{"line":371,"column":56}},"159":{"start":{"line":373,"column":4},"end":{"line":375,"column":5}},"160":{"start":{"line":374,"column":8},"end":{"line":374,"column":42}},"161":{"start":{"line":376,"column":4},"end":{"line":378,"column":5}},"162":{"start":{"line":377,"column":8},"end":{"line":377,"column":40}},"163":{"start":{"line":384,"column":22},"end":{"line":407,"column":1}},"164":{"start":{"line":386,"column":4},"end":{"line":390,"column":5}},"165":{"start":{"line":387,"column":8},"end":{"line":387,"column":48}},"166":{"start":{"line":389,"column":8},"end":{"line":389,"column":15}},"167":{"start":{"line":393,"column":27},"end":{"line":393,"column":68}},"168":{"start":{"line":395,"column":4},"end":{"line":406,"column":5}},"169":{"start":{"line":396,"column":8},"end":{"line":400,"column":10}},"170":{"start":{"line":401,"column":29},"end":{"line":401,"column":69}},"171":{"start":{"line":403,"column":8},"end":{"line":405,"column":9}},"172":{"start":{"line":404,"column":12},"end":{"line":404,"column":63}},"173":{"start":{"line":412,"column":30},"end":{"line":433,"column":1}},"174":{"start":{"line":413,"column":32},"end":{"line":413,"column":74}},"175":{"start":{"line":414,"column":27},"end":{"line":414,"column":73}},"176":{"start":{"line":416,"column":4},"end":{"line":418,"column":5}},"177":{"start":{"line":417,"column":8},"end":{"line":417,"column":15}},"178":{"start":{"line":420,"column":4},"end":{"line":424,"column":5}},"179":{"start":{"line":421,"column":8},"end":{"line":421,"column":52}},"180":{"start":{"line":423,"column":8},"end":{"line":423,"column":15}},"181":{"start":{"line":426,"column":4},"end":{"line":432,"column":5}},"182":{"start":{"line":427,"column":8},"end":{"line":427,"column":55}},"183":{"start":{"line":428,"column":8},"end":{"line":428,"column":74}},"184":{"start":{"line":429,"column":8},"end":{"line":429,"column":58}},"185":{"start":{"line":431,"column":8},"end":{"line":431,"column":52}},"186":{"start":{"line":438,"column":31},"end":{"line":470,"column":1}},"187":{"start":{"line":439,"column":30},"end":{"line":439,"column":73}},"188":{"start":{"line":440,"column":25},"end":{"line":440,"column":68}},"189":{"start":{"line":441,"column":25},"end":{"line":441,"column":72}},"190":{"start":{"line":443,"column":4},"end":{"line":445,"column":5}},"191":{"start":{"line":444,"column":8},"end":{"line":444,"column":15}},"192":{"start":{"line":447,"column":4},"end":{"line":451,"column":5}},"193":{"start":{"line":448,"column":8},"end":{"line":448,"column":50}},"194":{"start":{"line":450,"column":8},"end":{"line":450,"column":15}},"195":{"start":{"line":453,"column":49},"end":{"line":453,"column":80}},"196":{"start":{"line":455,"column":4},"end":{"line":455,"column":49}},"197":{"start":{"line":458,"column":4},"end":{"line":465,"column":7}},"198":{"start":{"line":459,"column":8},"end":{"line":459,"column":45}},"199":{"start":{"line":460,"column":8},"end":{"line":464,"column":9}},"200":{"start":{"line":461,"column":12},"end":{"line":461,"column":49}},"201":{"start":{"line":463,"column":12},"end":{"line":463,"column":45}},"202":{"start":{"line":468,"column":4},"end":{"line":468,"column":124}},"203":{"start":{"line":469,"column":4},"end":{"line":469,"column":62}},"204":{"start":{"line":475,"column":34},"end":{"line":481,"column":1}},"205":{"start":{"line":476,"column":18},"end":{"line":476,"column":50}},"206":{"start":{"line":478,"column":4},"end":{"line":480,"column":5}},"207":{"start":{"line":479,"column":8},"end":{"line":479,"column":69}},"208":{"start":{"line":486,"column":25},"end":{"line":547,"column":1}},"209":{"start":{"line":487,"column":22},"end":{"line":487,"column":58}},"210":{"start":{"line":488,"column":25},"end":{"line":488,"column":64}},"211":{"start":{"line":490,"column":4},"end":{"line":512,"column":5}},"212":{"start":{"line":491,"column":8},"end":{"line":491,"column":56}},"213":{"start":{"line":494,"column":32},"end":{"line":494,"column":69}},"214":{"start":{"line":496,"column":8},"end":{"line":500,"column":9}},"215":{"start":{"line":497,"column":12},"end":{"line":499,"column":15}},"216":{"start":{"line":498,"column":16},"end":{"line":498,"column":63}},"217":{"start":{"line":503,"column":35},"end":{"line":503,"column":75}},"218":{"start":{"line":505,"column":8},"end":{"line":511,"column":9}},"219":{"start":{"line":506,"column":12},"end":{"line":510,"column":15}},"220":{"start":{"line":507,"column":16},"end":{"line":509,"column":17}},"221":{"start":{"line":508,"column":20},"end":{"line":508,"column":65}},"222":{"start":{"line":514,"column":4},"end":{"line":546,"column":5}},"223":{"start":{"line":515,"column":8},"end":{"line":515,"column":62}},"224":{"start":{"line":518,"column":30},"end":{"line":518,"column":73}},"225":{"start":{"line":520,"column":8},"end":{"line":524,"column":9}},"226":{"start":{"line":521,"column":12},"end":{"line":523,"column":15}},"227":{"start":{"line":522,"column":16},"end":{"line":522,"column":55}},"228":{"start":{"line":527,"column":35},"end":{"line":527,"column":75}},"229":{"start":{"line":529,"column":8},"end":{"line":533,"column":9}},"230":{"start":{"line":530,"column":12},"end":{"line":532,"column":15}},"231":{"start":{"line":531,"column":16},"end":{"line":531,"column":66}},"232":{"start":{"line":536,"column":37},"end":{"line":536,"column":79}},"233":{"start":{"line":538,"column":8},"end":{"line":544,"column":9}},"234":{"start":{"line":539,"column":12},"end":{"line":543,"column":15}},"235":{"start":{"line":540,"column":16},"end":{"line":542,"column":17}},"236":{"start":{"line":541,"column":20},"end":{"line":541,"column":68}},"237":{"start":{"line":550,"column":0},"end":{"line":550,"column":27}},"238":{"start":{"line":553,"column":0},"end":{"line":553,"column":64}}},"fnMap":{"0":{"name":"(anonymous_0)","decl":{"start":{"line":10,"column":29},"end":{"line":10,"column":30}},"loc":{"start":{"line":10,"column":38},"end":{"line":14,"column":1}},"line":10},"1":{"name":"(anonymous_1)","decl":{"start":{"line":19,"column":22},"end":{"line":19,"column":23}},"loc":{"start":{"line":19,"column":31},"end":{"line":26,"column":1}},"line":19},"2":{"name":"(anonymous_2)","decl":{"start":{"line":31,"column":30},"end":{"line":31,"column":31}},"loc":{"start":{"line":31,"column":42},"end":{"line":80,"column":1}},"line":31},"3":{"name":"(anonymous_3)","decl":{"start":{"line":85,"column":21},"end":{"line":85,"column":22}},"loc":{"start":{"line":85,"column":32},"end":{"line":153,"column":1}},"line":85},"4":{"name":"(anonymous_4)","decl":{"start":{"line":141,"column":23},"end":{"line":141,"column":24}},"loc":{"start":{"line":141,"column":29},"end":{"line":143,"column":13}},"line":141},"5":{"name":"(anonymous_5)","decl":{"start":{"line":158,"column":18},"end":{"line":158,"column":19}},"loc":{"start":{"line":158,"column":29},"end":{"line":216,"column":1}},"line":158},"6":{"name":"(anonymous_6)","decl":{"start":{"line":204,"column":23},"end":{"line":204,"column":24}},"loc":{"start":{"line":204,"column":29},"end":{"line":206,"column":13}},"line":204},"7":{"name":"(anonymous_7)","decl":{"start":{"line":221,"column":19},"end":{"line":221,"column":20}},"loc":{"start":{"line":221,"column":30},"end":{"line":240,"column":1}},"line":221},"8":{"name":"(anonymous_8)","decl":{"start":{"line":245,"column":19},"end":{"line":245,"column":20}},"loc":{"start":{"line":245,"column":30},"end":{"line":265,"column":1}},"line":245},"9":{"name":"(anonymous_9)","decl":{"start":{"line":258,"column":19},"end":{"line":258,"column":20}},"loc":{"start":{"line":258,"column":25},"end":{"line":260,"column":9}},"line":258},"10":{"name":"(anonymous_10)","decl":{"start":{"line":270,"column":24},"end":{"line":270,"column":25}},"loc":{"start":{"line":270,"column":32},"end":{"line":298,"column":1}},"line":270},"11":{"name":"(anonymous_11)","decl":{"start":{"line":293,"column":27},"end":{"line":293,"column":28}},"loc":{"start":{"line":293,"column":36},"end":{"line":295,"column":13}},"line":293},"12":{"name":"(anonymous_12)","decl":{"start":{"line":303,"column":24},"end":{"line":303,"column":25}},"loc":{"start":{"line":303,"column":32},"end":{"line":330,"column":1}},"line":303},"13":{"name":"(anonymous_13)","decl":{"start":{"line":325,"column":27},"end":{"line":325,"column":28}},"loc":{"start":{"line":325,"column":36},"end":{"line":327,"column":13}},"line":325},"14":{"name":"(anonymous_14)","decl":{"start":{"line":335,"column":27},"end":{"line":335,"column":28}},"loc":{"start":{"line":335,"column":38},"end":{"line":347,"column":1}},"line":335},"15":{"name":"(anonymous_15)","decl":{"start":{"line":343,"column":19},"end":{"line":343,"column":20}},"loc":{"start":{"line":343,"column":25},"end":{"line":345,"column":9}},"line":343},"16":{"name":"(anonymous_16)","decl":{"start":{"line":352,"column":25},"end":{"line":352,"column":26}},"loc":{"start":{"line":352,"column":36},"end":{"line":364,"column":1}},"line":352},"17":{"name":"(anonymous_17)","decl":{"start":{"line":360,"column":19},"end":{"line":360,"column":20}},"loc":{"start":{"line":360,"column":25},"end":{"line":362,"column":9}},"line":360},"18":{"name":"(anonymous_18)","decl":{"start":{"line":369,"column":21},"end":{"line":369,"column":22}},"loc":{"start":{"line":369,"column":27},"end":{"line":379,"column":1}},"line":369},"19":{"name":"(anonymous_19)","decl":{"start":{"line":384,"column":22},"end":{"line":384,"column":23}},"loc":{"start":{"line":384,"column":31},"end":{"line":407,"column":1}},"line":384},"20":{"name":"(anonymous_20)","decl":{"start":{"line":412,"column":30},"end":{"line":412,"column":31}},"loc":{"start":{"line":412,"column":61},"end":{"line":433,"column":1}},"line":412},"21":{"name":"(anonymous_21)","decl":{"start":{"line":438,"column":31},"end":{"line":438,"column":32}},"loc":{"start":{"line":438,"column":43},"end":{"line":470,"column":1}},"line":438},"22":{"name":"(anonymous_22)","decl":{"start":{"line":458,"column":25},"end":{"line":458,"column":26}},"loc":{"start":{"line":458,"column":41},"end":{"line":465,"column":5}},"line":458},"23":{"name":"(anonymous_23)","decl":{"start":{"line":475,"column":34},"end":{"line":475,"column":35}},"loc":{"start":{"line":475,"column":45},"end":{"line":481,"column":1}},"line":475},"24":{"name":"(anonymous_24)","decl":{"start":{"line":486,"column":25},"end":{"line":486,"column":26}},"loc":{"start":{"line":486,"column":31},"end":{"line":547,"column":1}},"line":486},"25":{"name":"(anonymous_25)","decl":{"start":{"line":497,"column":54},"end":{"line":497,"column":55}},"loc":{"start":{"line":497,"column":59},"end":{"line":499,"column":13}},"line":497},"26":{"name":"(anonymous_26)","decl":{"start":{"line":506,"column":57},"end":{"line":506,"column":58}},"loc":{"start":{"line":506,"column":62},"end":{"line":510,"column":13}},"line":506},"27":{"name":"(anonymous_27)","decl":{"start":{"line":521,"column":52},"end":{"line":521,"column":53}},"loc":{"start":{"line":521,"column":57},"end":{"line":523,"column":13}},"line":521},"28":{"name":"(anonymous_28)","decl":{"start":{"line":530,"column":57},"end":{"line":530,"column":58}},"loc":{"start":{"line":530,"column":62},"end":{"line":532,"column":13}},"line":530},"29":{"name":"(anonymous_29)","decl":{"start":{"line":539,"column":59},"end":{"line":539,"column":60}},"loc":{"start":{"line":539,"column":64},"end":{"line":543,"column":13}},"line":539}},"branchMap":{"0":{"loc":{"start":{"line":20,"column":4},"end":{"line":22,"column":5}},"type":"if","locations":[{"start":{"line":20,"column":4},"end":{"line":22,"column":5}},{"start":{},"end":{}}],"line":20},"1":{"loc":{"start":{"line":20,"column":8},"end":{"line":20,"column":81}},"type":"binary-expr","locations":[{"start":{"line":20,"column":8},"end":{"line":20,"column":25}},{"start":{"line":20,"column":29},"end":{"line":20,"column":81}}],"line":20},"2":{"loc":{"start":{"line":35,"column":4},"end":{"line":39,"column":5}},"type":"if","locations":[{"start":{"line":35,"column":4},"end":{"line":39,"column":5}},{"start":{"line":37,"column":11},"end":{"line":39,"column":5}}],"line":35},"3":{"loc":{"start":{"line":41,"column":4},"end":{"line":45,"column":5}},"type":"if","locations":[{"start":{"line":41,"column":4},"end":{"line":45,"column":5}},{"start":{"line":43,"column":11},"end":{"line":45,"column":5}}],"line":41},"4":{"loc":{"start":{"line":47,"column":4},"end":{"line":51,"column":5}},"type":"if","locations":[{"start":{"line":47,"column":4},"end":{"line":51,"column":5}},{"start":{"line":49,"column":11},"end":{"line":51,"column":5}}],"line":47},"5":{"loc":{"start":{"line":53,"column":4},"end":{"line":57,"column":5}},"type":"if","locations":[{"start":{"line":53,"column":4},"end":{"line":57,"column":5}},{"start":{"line":55,"column":11},"end":{"line":57,"column":5}}],"line":53},"6":{"loc":{"start":{"line":59,"column":4},"end":{"line":63,"column":5}},"type":"if","locations":[{"start":{"line":59,"column":4},"end":{"line":63,"column":5}},{"start":{"line":61,"column":11},"end":{"line":63,"column":5}}],"line":59},"7":{"loc":{"start":{"line":68,"column":4},"end":{"line":77,"column":5}},"type":"if","locations":[{"start":{"line":68,"column":4},"end":{"line":77,"column":5}},{"start":{"line":71,"column":11},"end":{"line":77,"column":5}}],"line":68},"8":{"loc":{"start":{"line":71,"column":11},"end":{"line":77,"column":5}},"type":"if","locations":[{"start":{"line":71,"column":11},"end":{"line":77,"column":5}},{"start":{"line":74,"column":11},"end":{"line":77,"column":5}}],"line":71},"9":{"loc":{"start":{"line":90,"column":32},"end":{"line":90,"column":128}},"type":"binary-expr","locations":[{"start":{"line":90,"column":32},"end":{"line":90,"column":116}},{"start":{"line":90,"column":120},"end":{"line":90,"column":128}}],"line":90},"10":{"loc":{"start":{"line":96,"column":8},"end":{"line":98,"column":9}},"type":"if","locations":[{"start":{"line":96,"column":8},"end":{"line":98,"column":9}},{"start":{},"end":{}}],"line":96},"11":{"loc":{"start":{"line":101,"column":8},"end":{"line":103,"column":9}},"type":"if","locations":[{"start":{"line":101,"column":8},"end":{"line":103,"column":9}},{"start":{},"end":{}}],"line":101},"12":{"loc":{"start":{"line":105,"column":8},"end":{"line":107,"column":9}},"type":"if","locations":[{"start":{"line":105,"column":8},"end":{"line":107,"column":9}},{"start":{},"end":{}}],"line":105},"13":{"loc":{"start":{"line":109,"column":8},"end":{"line":111,"column":9}},"type":"if","locations":[{"start":{"line":109,"column":8},"end":{"line":111,"column":9}},{"start":{},"end":{}}],"line":109},"14":{"loc":{"start":{"line":113,"column":8},"end":{"line":115,"column":9}},"type":"if","locations":[{"start":{"line":113,"column":8},"end":{"line":115,"column":9}},{"start":{},"end":{}}],"line":113},"15":{"loc":{"start":{"line":122,"column":25},"end":{"line":122,"column":61}},"type":"binary-expr","locations":[{"start":{"line":122,"column":25},"end":{"line":122,"column":40}},{"start":{"line":122,"column":44},"end":{"line":122,"column":53}},{"start":{"line":122,"column":57},"end":{"line":122,"column":61}}],"line":122},"16":{"loc":{"start":{"line":124,"column":8},"end":{"line":146,"column":9}},"type":"if","locations":[{"start":{"line":124,"column":8},"end":{"line":146,"column":9}},{"start":{"line":144,"column":15},"end":{"line":146,"column":9}}],"line":124},"17":{"loc":{"start":{"line":124,"column":12},"end":{"line":124,"column":36}},"type":"binary-expr","locations":[{"start":{"line":124,"column":12},"end":{"line":124,"column":24}},{"start":{"line":124,"column":28},"end":{"line":124,"column":36}}],"line":124},"18":{"loc":{"start":{"line":129,"column":12},"end":{"line":129,"column":69}},"type":"if","locations":[{"start":{"line":129,"column":12},"end":{"line":129,"column":69}},{"start":{},"end":{}}],"line":129},"19":{"loc":{"start":{"line":129,"column":16},"end":{"line":129,"column":46}},"type":"binary-expr","locations":[{"start":{"line":129,"column":16},"end":{"line":129,"column":32}},{"start":{"line":129,"column":36},"end":{"line":129,"column":46}}],"line":129},"20":{"loc":{"start":{"line":133,"column":12},"end":{"line":138,"column":13}},"type":"if","locations":[{"start":{"line":133,"column":12},"end":{"line":138,"column":13}},{"start":{"line":136,"column":19},"end":{"line":138,"column":13}}],"line":133},"21":{"loc":{"start":{"line":149,"column":25},"end":{"line":149,"column":82}},"type":"binary-expr","locations":[{"start":{"line":149,"column":25},"end":{"line":149,"column":38}},{"start":{"line":149,"column":42},"end":{"line":149,"column":82}}],"line":149},"22":{"loc":{"start":{"line":166,"column":64},"end":{"line":166,"column":92}},"type":"cond-expr","locations":[{"start":{"line":166,"column":72},"end":{"line":166,"column":82}},{"start":{"line":166,"column":85},"end":{"line":166,"column":92}}],"line":166},"23":{"loc":{"start":{"line":166,"column":104},"end":{"line":166,"column":135}},"type":"cond-expr","locations":[{"start":{"line":166,"column":115},"end":{"line":166,"column":125}},{"start":{"line":166,"column":128},"end":{"line":166,"column":135}}],"line":166},"24":{"loc":{"start":{"line":172,"column":8},"end":{"line":174,"column":9}},"type":"if","locations":[{"start":{"line":172,"column":8},"end":{"line":174,"column":9}},{"start":{},"end":{}}],"line":172},"25":{"loc":{"start":{"line":177,"column":8},"end":{"line":179,"column":9}},"type":"if","locations":[{"start":{"line":177,"column":8},"end":{"line":179,"column":9}},{"start":{},"end":{}}],"line":177},"26":{"loc":{"start":{"line":181,"column":8},"end":{"line":183,"column":9}},"type":"if","locations":[{"start":{"line":181,"column":8},"end":{"line":183,"column":9}},{"start":{},"end":{}}],"line":181},"27":{"loc":{"start":{"line":193,"column":25},"end":{"line":193,"column":61}},"type":"binary-expr","locations":[{"start":{"line":193,"column":25},"end":{"line":193,"column":40}},{"start":{"line":193,"column":44},"end":{"line":193,"column":53}},{"start":{"line":193,"column":57},"end":{"line":193,"column":61}}],"line":193},"28":{"loc":{"start":{"line":195,"column":8},"end":{"line":209,"column":9}},"type":"if","locations":[{"start":{"line":195,"column":8},"end":{"line":209,"column":9}},{"start":{"line":207,"column":15},"end":{"line":209,"column":9}}],"line":195},"29":{"loc":{"start":{"line":195,"column":12},"end":{"line":195,"column":36}},"type":"binary-expr","locations":[{"start":{"line":195,"column":12},"end":{"line":195,"column":24}},{"start":{"line":195,"column":28},"end":{"line":195,"column":36}}],"line":195},"30":{"loc":{"start":{"line":199,"column":12},"end":{"line":201,"column":13}},"type":"if","locations":[{"start":{"line":199,"column":12},"end":{"line":201,"column":13}},{"start":{},"end":{}}],"line":199},"31":{"loc":{"start":{"line":212,"column":25},"end":{"line":212,"column":75}},"type":"binary-expr","locations":[{"start":{"line":212,"column":25},"end":{"line":212,"column":38}},{"start":{"line":212,"column":42},"end":{"line":212,"column":75}}],"line":212},"32":{"loc":{"start":{"line":223,"column":8},"end":{"line":225,"column":9}},"type":"if","locations":[{"start":{"line":223,"column":8},"end":{"line":225,"column":9}},{"start":{},"end":{}}],"line":223},"33":{"loc":{"start":{"line":230,"column":22},"end":{"line":230,"column":70}},"type":"binary-expr","locations":[{"start":{"line":230,"column":22},"end":{"line":230,"column":41}},{"start":{"line":230,"column":45},"end":{"line":230,"column":58}},{"start":{"line":230,"column":62},"end":{"line":230,"column":70}}],"line":230},"34":{"loc":{"start":{"line":252,"column":8},"end":{"line":255,"column":9}},"type":"if","locations":[{"start":{"line":252,"column":8},"end":{"line":255,"column":9}},{"start":{},"end":{}}],"line":252},"35":{"loc":{"start":{"line":273,"column":4},"end":{"line":297,"column":5}},"type":"if","locations":[{"start":{"line":273,"column":4},"end":{"line":297,"column":5}},{"start":{},"end":{}}],"line":273},"36":{"loc":{"start":{"line":276,"column":8},"end":{"line":296,"column":9}},"type":"if","locations":[{"start":{"line":276,"column":8},"end":{"line":296,"column":9}},{"start":{},"end":{}}],"line":276},"37":{"loc":{"start":{"line":278,"column":31},"end":{"line":278,"column":89}},"type":"cond-expr","locations":[{"start":{"line":278,"column":50},"end":{"line":278,"column":65}},{"start":{"line":278,"column":68},"end":{"line":278,"column":89}}],"line":278},"38":{"loc":{"start":{"line":306,"column":4},"end":{"line":329,"column":5}},"type":"if","locations":[{"start":{"line":306,"column":4},"end":{"line":329,"column":5}},{"start":{},"end":{}}],"line":306},"39":{"loc":{"start":{"line":309,"column":8},"end":{"line":328,"column":9}},"type":"if","locations":[{"start":{"line":309,"column":8},"end":{"line":328,"column":9}},{"start":{},"end":{}}],"line":309},"40":{"loc":{"start":{"line":311,"column":31},"end":{"line":311,"column":78}},"type":"cond-expr","locations":[{"start":{"line":311,"column":50},"end":{"line":311,"column":59}},{"start":{"line":311,"column":62},"end":{"line":311,"column":78}}],"line":311},"41":{"loc":{"start":{"line":338,"column":4},"end":{"line":346,"column":5}},"type":"if","locations":[{"start":{"line":338,"column":4},"end":{"line":346,"column":5}},{"start":{},"end":{}}],"line":338},"42":{"loc":{"start":{"line":355,"column":4},"end":{"line":363,"column":5}},"type":"if","locations":[{"start":{"line":355,"column":4},"end":{"line":363,"column":5}},{"start":{},"end":{}}],"line":355},"43":{"loc":{"start":{"line":373,"column":4},"end":{"line":375,"column":5}},"type":"if","locations":[{"start":{"line":373,"column":4},"end":{"line":375,"column":5}},{"start":{},"end":{}}],"line":373},"44":{"loc":{"start":{"line":376,"column":4},"end":{"line":378,"column":5}},"type":"if","locations":[{"start":{"line":376,"column":4},"end":{"line":378,"column":5}},{"start":{},"end":{}}],"line":376},"45":{"loc":{"start":{"line":386,"column":4},"end":{"line":390,"column":5}},"type":"if","locations":[{"start":{"line":386,"column":4},"end":{"line":390,"column":5}},{"start":{},"end":{}}],"line":386},"46":{"loc":{"start":{"line":395,"column":4},"end":{"line":406,"column":5}},"type":"if","locations":[{"start":{"line":395,"column":4},"end":{"line":406,"column":5}},{"start":{},"end":{}}],"line":395},"47":{"loc":{"start":{"line":403,"column":8},"end":{"line":405,"column":9}},"type":"if","locations":[{"start":{"line":403,"column":8},"end":{"line":405,"column":9}},{"start":{},"end":{}}],"line":403},"48":{"loc":{"start":{"line":412,"column":38},"end":{"line":412,"column":56}},"type":"default-arg","locations":[{"start":{"line":412,"column":49},"end":{"line":412,"column":56}}],"line":412},"49":{"loc":{"start":{"line":416,"column":4},"end":{"line":418,"column":5}},"type":"if","locations":[{"start":{"line":416,"column":4},"end":{"line":418,"column":5}},{"start":{},"end":{}}],"line":416},"50":{"loc":{"start":{"line":416,"column":8},"end":{"line":416,"column":47}},"type":"binary-expr","locations":[{"start":{"line":416,"column":8},"end":{"line":416,"column":28}},{"start":{"line":416,"column":32},"end":{"line":416,"column":47}}],"line":416},"51":{"loc":{"start":{"line":420,"column":4},"end":{"line":424,"column":5}},"type":"if","locations":[{"start":{"line":420,"column":4},"end":{"line":424,"column":5}},{"start":{},"end":{}}],"line":420},"52":{"loc":{"start":{"line":426,"column":4},"end":{"line":432,"column":5}},"type":"if","locations":[{"start":{"line":426,"column":4},"end":{"line":432,"column":5}},{"start":{"line":430,"column":11},"end":{"line":432,"column":5}}],"line":426},"53":{"loc":{"start":{"line":443,"column":4},"end":{"line":445,"column":5}},"type":"if","locations":[{"start":{"line":443,"column":4},"end":{"line":445,"column":5}},{"start":{},"end":{}}],"line":443},"54":{"loc":{"start":{"line":443,"column":8},"end":{"line":443,"column":60}},"type":"binary-expr","locations":[{"start":{"line":443,"column":8},"end":{"line":443,"column":26}},{"start":{"line":443,"column":30},"end":{"line":443,"column":43}},{"start":{"line":443,"column":47},"end":{"line":443,"column":60}}],"line":443},"55":{"loc":{"start":{"line":447,"column":4},"end":{"line":451,"column":5}},"type":"if","locations":[{"start":{"line":447,"column":4},"end":{"line":451,"column":5}},{"start":{},"end":{}}],"line":447},"56":{"loc":{"start":{"line":460,"column":8},"end":{"line":464,"column":9}},"type":"if","locations":[{"start":{"line":460,"column":8},"end":{"line":464,"column":9}},{"start":{"line":462,"column":15},"end":{"line":464,"column":9}}],"line":460},"57":{"loc":{"start":{"line":468,"column":55},"end":{"line":468,"column":121}},"type":"cond-expr","locations":[{"start":{"line":468,"column":77},"end":{"line":468,"column":116}},{"start":{"line":468,"column":119},"end":{"line":468,"column":121}}],"line":468},"58":{"loc":{"start":{"line":478,"column":4},"end":{"line":480,"column":5}},"type":"if","locations":[{"start":{"line":478,"column":4},"end":{"line":480,"column":5}},{"start":{},"end":{}}],"line":478},"59":{"loc":{"start":{"line":479,"column":21},"end":{"line":479,"column":68}},"type":"cond-expr","locations":[{"start":{"line":479,"column":49},"end":{"line":479,"column":55}},{"start":{"line":479,"column":58},"end":{"line":479,"column":68}}],"line":479},"60":{"loc":{"start":{"line":490,"column":4},"end":{"line":512,"column":5}},"type":"if","locations":[{"start":{"line":490,"column":4},"end":{"line":512,"column":5}},{"start":{},"end":{}}],"line":490},"61":{"loc":{"start":{"line":496,"column":8},"end":{"line":500,"column":9}},"type":"if","locations":[{"start":{"line":496,"column":8},"end":{"line":500,"column":9}},{"start":{},"end":{}}],"line":496},"62":{"loc":{"start":{"line":505,"column":8},"end":{"line":511,"column":9}},"type":"if","locations":[{"start":{"line":505,"column":8},"end":{"line":511,"column":9}},{"start":{},"end":{}}],"line":505},"63":{"loc":{"start":{"line":507,"column":16},"end":{"line":509,"column":17}},"type":"if","locations":[{"start":{"line":507,"column":16},"end":{"line":509,"column":17}},{"start":{},"end":{}}],"line":507},"64":{"loc":{"start":{"line":514,"column":4},"end":{"line":546,"column":5}},"type":"if","locations":[{"start":{"line":514,"column":4},"end":{"line":546,"column":5}},{"start":{},"end":{}}],"line":514},"65":{"loc":{"start":{"line":520,"column":8},"end":{"line":524,"column":9}},"type":"if","locations":[{"start":{"line":520,"column":8},"end":{"line":524,"column":9}},{"start":{},"end":{}}],"line":520},"66":{"loc":{"start":{"line":529,"column":8},"end":{"line":533,"column":9}},"type":"if","locations":[{"start":{"line":529,"column":8},"end":{"line":533,"column":9}},{"start":{},"end":{}}],"line":529},"67":{"loc":{"start":{"line":538,"column":8},"end":{"line":544,"column":9}},"type":"if","locations":[{"start":{"line":538,"column":8},"end":{"line":544,"column":9}},{"start":{},"end":{}}],"line":538},"68":{"loc":{"start":{"line":540,"column":16},"end":{"line":542,"column":17}},"type":"if","locations":[{"start":{"line":540,"column":16},"end":{"line":542,"column":17}},{"start":{},"end":{}}],"line":540}},"s":{"0":0,"1":0,"2":0,"3":0,"4":0,"5":0,"6":0,"7":0,"8":0,"9":0,"10":0,"11":0,"12":0,"13":0,"14":0,"15":0,"16":0,"17":0,"18":0,"19":0,"20":0,"21":0,"22":0,"23":0,"24":0,"25":0,"26":0,"27":0,"28":0,"29":0,"30":0,"31":0,"32":0,"33":0,"34":0,"35":0,"36":0,"37":0,"38":0,"39":0,"40":0,"41":0,"42":0,"43":0,"44":0,"45":0,"46":0,"47":0,"48":0,"49":0,"50":0,"51":0,"52":0,"53":0,"54":0,"55":0,"56":0,"57":0,"58":0,"59":0,"60":0,"61":0,"62":0,"63":0,"64":0,"65":0,"66":0,"67":0,"68":0,"69":0,"70":0,"71":0,"72":0,"73":0,"74":0,"75":0,"76":0,"77":0,"78":0,"79":0,"80":0,"81":0,"82":0,"83":0,"84":0,"85":0,"86":0,"87":0,"88":0,"89":0,"90":0,"91":0,"92":0,"93":0,"94":0,"95":0,"96":0,"97":0,"98":0,"99":0,"100":0,"101":0,"102":0,"103":0,"104":0,"105":0,"106":0,"107":0,"108":0,"109":0,"110":0,"111":0,"112":0,"113":0,"114":0,"115":0,"116":0,"117":0,"118":0,"119":0,"120":0,"121":0,"122":0,"123":0,"124":0,"125":0,"126":0,"127":0,"128":0,"129":0,"130":0,"131":0,"132":0,"133":0,"134":0,"135":0,"136":0,"137":0,"138":0,"139":0,"140":0,"141":0,"142":0,"143":0,"144":0,"145":0,"146":0,"147":0,"148":0,"149":0,"150":0,"151":0,"152":0,"153":0,"154":0,"155":0,"156":0,"157":0,"158":0,"159":0,"160":0,"161":0,"162":0,"163":0,"164":0,"165":0,"166":0,"167":0,"168":0,"169":0,"170":0,"171":0,"172":0,"173":0,"174":0,"175":0,"176":0,"177":0,"178":0,"179":0,"180":0,"181":0,"182":0,"183":0,"184":0,"185":0,"186":0,"187":0,"188":0,"189":0,"190":0,"191":0,"192":0,"193":0,"194":0,"195":0,"196":0,"197":0,"198":0,"199":0,"200":0,"201":0,"202":0,"203":0,"204":0,"205":0,"206":0,"207":0,"208":0,"209":0,"210":0,"211":0,"212":0,"213":0,"214":0,"215":0,"216":0,"217":0,"218":0,"219":0,"220":0,"221":0,"222":0,"223":0,"224":0,"225":0,"226":0,"227":0,"228":0,"229":0,"230":0,"231":0,"232":0,"233":0,"234":0,"235":0,"236":0,"237":0,"238":0},"f":{"0":0,"1":0,"2":0,"3":0,"4":0,"5":0,"6":0,"7":0,"8":0,"9":0,"10":0,"11":0,"12":0,"13":0,"14":0,"15":0,"16":0,"17":0,"18":0,"19":0,"20":0,"21":0,"22":0,"23":0,"24":0,"25":0,"26":0,"27":0,"28":0,"29":0},"b":{"0":[0,0],"1":[0,0],"2":[0,0],"3":[0,0],"4":[0,0],"5":[0,0],"6":[0,0],"7":[0,0],"8":[0,0],"9":[0,0],"10":[0,0],"11":[0,0],"12":[0,0],"13":[0,0],"14":[0,0],"15":[0,0,0],"16":[0,0],"17":[0,0],"18":[0,0],"19":[0,0],"20":[0,0],"21":[0,0],"22":[0,0],"23":[0,0],"24":[0,0],"25":[0,0],"26":[0,0],"27":[0,0,0],"28":[0,0],"29":[0,0],"30":[0,0],"31":[0,0],"32":[0,0],"33":[0,0,0],"34":[0,0],"35":[0,0],"36":[0,0],"37":[0,0],"38":[0,0],"39":[0,0],"40":[0,0],"41":[0,0],"42":[0,0],"43":[0,0],"44":[0,0],"45":[0,0],"46":[0,0],"47":[0,0],"48":[0],"49":[0,0],"50":[0,0],"51":[0,0],"52":[0,0],"53":[0,0],"54":[0,0,0],"55":[0,0],"56":[0,0],"57":[0,0],"58":[0,0],"59":[0,0],"60":[0,0],"61":[0,0],"62":[0,0],"63":[0,0],"64":[0,0],"65":[0,0],"66":[0,0],"67":[0,0],"68":[0,0]}}
,"C:\\wamp64\\www\\image-harvest\\public\\js\\components\\auth-component.js": {"path":"C:\\wamp64\\www\\image-harvest\\public\\js\\components\\auth-component.js","statementMap":{"0":{"start":{"line":5,"column":8},"end":{"line":5,"column":39}},"1":{"start":{"line":6,"column":8},"end":{"line":6,"column":30}},"2":{"start":{"line":7,"column":8},"end":{"line":7,"column":25}},"3":{"start":{"line":8,"column":8},"end":{"line":8,"column":20}},"4":{"start":{"line":13,"column":8},"end":{"line":17,"column":9}},"5":{"start":{"line":14,"column":12},"end":{"line":14,"column":46}},"6":{"start":{"line":14,"column":29},"end":{"line":14,"column":40}},"7":{"start":{"line":16,"column":12},"end":{"line":16,"column":19}},"8":{"start":{"line":19,"column":8},"end":{"line":36,"column":9}},"9":{"start":{"line":20,"column":12},"end":{"line":20,"column":71}},"10":{"start":{"line":21,"column":12},"end":{"line":25,"column":13}},"11":{"start":{"line":22,"column":16},"end":{"line":22,"column":91}},"12":{"start":{"line":24,"column":16},"end":{"line":24,"column":23}},"13":{"start":{"line":27,"column":12},"end":{"line":27,"column":39}},"14":{"start":{"line":30,"column":12},"end":{"line":32,"column":19}},"15":{"start":{"line":31,"column":16},"end":{"line":31,"column":48}},"16":{"start":{"line":35,"column":12},"end":{"line":35,"column":83}},"17":{"start":{"line":41,"column":8},"end":{"line":43,"column":11}},"18":{"start":{"line":42,"column":12},"end":{"line":42,"column":45}},"19":{"start":{"line":46,"column":8},"end":{"line":48,"column":11}},"20":{"start":{"line":47,"column":12},"end":{"line":47,"column":32}},"21":{"start":{"line":52,"column":8},"end":{"line":80,"column":9}},"22":{"start":{"line":54,"column":12},"end":{"line":59,"column":13}},"23":{"start":{"line":56,"column":16},"end":{"line":56,"column":71}},"24":{"start":{"line":56,"column":33},"end":{"line":56,"column":64}},"25":{"start":{"line":58,"column":16},"end":{"line":58,"column":23}},"26":{"start":{"line":61,"column":12},"end":{"line":72,"column":13}},"27":{"start":{"line":63,"column":33},"end":{"line":63,"column":66}},"28":{"start":{"line":66,"column":30},"end":{"line":66,"column":78}},"29":{"start":{"line":68,"column":16},"end":{"line":68,"column":42}},"30":{"start":{"line":71,"column":16},"end":{"line":71,"column":41}},"31":{"start":{"line":74,"column":12},"end":{"line":74,"column":74}},"32":{"start":{"line":76,"column":12},"end":{"line":78,"column":13}},"33":{"start":{"line":77,"column":16},"end":{"line":77,"column":48}},"34":{"start":{"line":79,"column":12},"end":{"line":79,"column":37}},"35":{"start":{"line":84,"column":8},"end":{"line":86,"column":9}},"36":{"start":{"line":85,"column":12},"end":{"line":85,"column":19}},"37":{"start":{"line":88,"column":8},"end":{"line":88,"column":26}},"38":{"start":{"line":89,"column":8},"end":{"line":127,"column":9}},"39":{"start":{"line":91,"column":12},"end":{"line":99,"column":14}},"40":{"start":{"line":102,"column":30},"end":{"line":102,"column":72}},"41":{"start":{"line":104,"column":12},"end":{"line":113,"column":13}},"42":{"start":{"line":106,"column":16},"end":{"line":106,"column":65}},"43":{"start":{"line":107,"column":37},"end":{"line":107,"column":79}},"44":{"start":{"line":109,"column":16},"end":{"line":112,"column":19}},"45":{"start":{"line":110,"column":20},"end":{"line":110,"column":39}},"46":{"start":{"line":111,"column":20},"end":{"line":111,"column":40}},"47":{"start":{"line":116,"column":12},"end":{"line":126,"column":14}},"48":{"start":{"line":131,"column":8},"end":{"line":158,"column":9}},"49":{"start":{"line":133,"column":12},"end":{"line":135,"column":13}},"50":{"start":{"line":134,"column":16},"end":{"line":134,"column":46}},"51":{"start":{"line":137,"column":12},"end":{"line":137,"column":29}},"52":{"start":{"line":138,"column":12},"end":{"line":138,"column":37}},"53":{"start":{"line":141,"column":12},"end":{"line":141,"column":88}},"54":{"start":{"line":144,"column":12},"end":{"line":146,"column":13}},"55":{"start":{"line":145,"column":16},"end":{"line":145,"column":69}},"56":{"start":{"line":149,"column":12},"end":{"line":151,"column":21}},"57":{"st
[...]
,"C:\\wamp64\\www\\image-harvest\\public\\js\\services\\stats-service.js": {"path":"C:\\wamp64\\www\\image-harvest\\public\\js\\services\\stats-service.js","statementMap":{"0":{"start":{"line":2,"column":0},"end":{"line":2,"column":59}},"1":{"start":{"line":6,"column":8},"end":{"line":6,"column":63}},"2":{"start":{"line":7,"column":8},"end":{"line":7,"column":26}},"3":{"start":{"line":8,"column":8},"end":{"line":8,"column":30}},"4":{"start":{"line":9,"column":8},"end":{"line":9,"column":34}},"5":{"start":{"line":10,"column":8},"end":{"line":10,"column":35}},"6":{"start":{"line":11,"column":8},"end":{"line":11,"column":31}},"7":{"start":{"line":16,"column":8},"end":{"line":16,"column":37}},"8":{"start":{"line":18,"column":8},"end":{"line":18,"column":53}},"9":{"start":{"line":18,"column":21},"end":{"line":18,"column":52}},"10":{"start":{"line":23,"column":8},"end":{"line":29,"column":11}},"11":{"start":{"line":24,"column":12},"end":{"line":28,"column":13}},"12":{"start":{"line":25,"column":16},"end":{"line":25,"column":32}},"13":{"start":{"line":27,"column":16},"end":{"line":27,"column":67}},"14":{"start":{"line":34,"column":8},"end":{"line":36,"column":9}},"15":{"start":{"line":35,"column":12},"end":{"line":35,"column":25}},"16":{"start":{"line":38,"column":8},"end":{"line":38,"column":65}},"17":{"start":{"line":44,"column":8},"end":{"line":49,"column":9}},"18":{"start":{"line":45,"column":12},"end":{"line":45,"column":88}},"19":{"start":{"line":46,"column":12},"end":{"line":46,"column":30}},"20":{"start":{"line":48,"column":12},"end":{"line":48,"column":24}},"21":{"start":{"line":52,"column":8},"end":{"line":54,"column":9}},"22":{"start":{"line":53,"column":12},"end":{"line":53,"column":30}},"23":{"start":{"line":57,"column":8},"end":{"line":59,"column":9}},"24":{"start":{"line":58,"column":12},"end":{"line":58,"column":30}},"25":{"start":{"line":61,"column":8},"end":{"line":61,"column":33}},"26":{"start":{"line":66,"column":8},"end":{"line":68,"column":9}},"27":{"start":{"line":67,"column":12},"end":{"line":67,"column":30}},"28":{"start":{"line":70,"column":8},"end":{"line":112,"column":9}},"29":{"start":{"line":71,"column":12},"end":{"line":71,"column":34}},"30":{"start":{"line":72,"column":12},"end":{"line":72,"column":65}},"31":{"start":{"line":75,"column":12},"end":{"line":80,"column":13}},"32":{"start":{"line":76,"column":16},"end":{"line":76,"column":88}},"33":{"start":{"line":77,"column":16},"end":{"line":77,"column":34}},"34":{"start":{"line":79,"column":16},"end":{"line":79,"column":28}},"35":{"start":{"line":83,"column":12},"end":{"line":87,"column":13}},"36":{"start":{"line":84,"column":16},"end":{"line":84,"column":76}},"37":{"start":{"line":86,"column":16},"end":{"line":86,"column":34}},"38":{"start":{"line":90,"column":29},"end":{"line":90,"column":88}},"39":{"start":{"line":92,"column":12},"end":{"line":105,"column":13}},"40":{"start":{"line":93,"column":16},"end":{"line":93,"column":43}},"41":{"start":{"line":94,"column":16},"end":{"line":94,"column":44}},"42":{"start":{"line":95,"column":16},"end":{"line":95,"column":87}},"43":{"start":{"line":98,"column":16},"end":{"line":98,"column":40}},"44":{"start":{"line":100,"column":16},"end":{"line":100,"column":34}},"45":{"start":{"line":102,"column":16},"end":{"line":102,"column":89}},"46":{"start":{"line":104,"column":16},"end":{"line":104,"column":34}},"47":{"start":{"line":107,"column":12},"end":{"line":107,"column":75}},"48":{"start":{"line":109,"column":12},"end":{"line":109,"column":30}},"49":{"start":{"line":111,"column":12},"end":{"line":111,"column":35}},"50":{"start":{"line":118,"column":8},"end":{"line":122,"column":9}},"51":{"start":{"line":119,"column":12},"end":{"line":119,"column":93}},"52":{"start":{"line":121,"column":12},"end":{"line":121,"column":24}},"53":{"start":{"line":124,"column":8},"end":{"line":124,"column":81}},"54":{"start":{"line":127,"column":8},"end":{"line":127,"column":63}},"55":{"start":{"line":127,"column":37},"end":{"line":127,"column":61}},"56":{"start":{"line":129,"column":8},"end":{"line":139,"column":9}},"57":{"start":{"line":130,"column":26},"end":{"line":130,"column":49}},"58":{"start":{"line":132,"column":12},"end":{"line":132,"column":80}},"59":{"start":{"line":134,"column":12},"end":{"line":134,"column":25}},"60":{"start":{"line":136,"column":12},"end":{"line":136,"column":76}},"61":{"start":{"line":138,"column":12},"end":{"line":138,"column":24}},"62":{"start":{"line":144,"column":8},"end":{"line":144,"column":63}},"63":{"start":{"line":145,"column":8},"end":{"line":145,"column":26}},"64":{"start":{"line":146,"column":8},"end":{"line":146,"column":30}},"65":{"start":{"line":147,"column":8},"end":{"line":147,"column":26}},"66":{"start":{"line":152,"column":8},"end":{"line":154,"column":9}},"67":{"start":{"line":153,"column":12},"end":{"line":153,"column":24}},"68":{"start":{"line":156,"column":55},"end":{"line":156,"column":65}},"69":{"start":{"line":158,"column":8},"end":{"line":162,"column":10}},"70":{"start":{"line":167,"column":8},"end":{"line":169,"column":9}},"71":{"start":{"line":168,"column":12},"end":{"line":168,"column":28}},"72":{"start":{"line":172,"column":8},"end":{"line":177,"column":24}},"73":{"start":{"line":182,"column":8},"end":{"line":182,"column":30}},"74":{"start":{"line":187,"column":8},"end":{"line":187,"column":68}},"75":{"start":{"line":189,"column":8},"end":{"line":223,"column":9}},"76":{"start":{"line":191,"column":12},"end":{"line":191,"column":85}},"77":{"start":{"line":192,"column":25},"end":{"line":192,"column":29}},"78":{"start":{"line":194,"column":12},"end":{"line":202,"column":15}},"79":{"start":{"line":195,"column":16},"end":{"line":201,"column":17}},"80":{"start":{"line":197,"column":20},"end":{"line":197,"column":38}},"81":{"start":{"line":200,"column":20},"end":{"line":200,"column":38}},"82":{"start":{"line":205,"column":12},"end":{"line":205,"column":83}},"83":{"start":{"line":206,"column":12},"end":{"line":216,"column":15}},"84":{"start":{"line":207,"column":16},"end":{"line":207,"column":93}},"85":{"start":{"line":208,"column":16},"end":{"line":208,"column":115}},"86":{"start":{"line":210,"column":16},"end":{"line":215,"column":17}},"87":{"start":{"line":211,"column":20},"end":{"line":211,"column":56}},"88":{"start":{"line":212,"column":20},"end":{"line":212,"column":98}},"89":{"start":{"line":214,"column":20},"end":{"line":214,"column":102}},"90":{"start":{"line":218,"column":12},"end":{"line":218,"column":81}},"91":{"start":{"line":219,"column":12},"end":{"line":219,"column":65}},"92":{"start":{"line":221,"column":12},"end":{"line":221,"column":82}},"93":{"start":{"line":222,"column":12},"end":{"line":222,"column":24}},"94":{"start":{"line":228,"column":19},"end":{"line":228,"column":23}},"95":{"start":{"line":230,"column":31},"end":{"line":252,"column":1}},"96":{"start":{"line":231,"column":4},"end":{"line":251,"column":5}},"97":{"start":{"line":232,"column":8},"end":{"line":232,"column":70}},"98":{"start":{"line":233,"column":8},"end":{"line":233,"column":42}},"99":{"start":{"line":235,"column":8},"end":{"line":235,"column":65}},"100":{"start":{"line":236,"column":8},"end":{"line":236,"column":28}},"101":{"start":{"line":239,"column":8},"end":{"line":244,"column":9}},"102":{"start":{"line":240,"column":12},"end":{"line":240,"column":47}},"103":{"start":{"line":241,"column":12},"end":{"line":241,"column":84}},"104":{"start":{"line":243,"column":12},"end":{"line":243,"column":91}},"105":{"start":{"line":246,"column":8},"end":{"line":246,"column":20}},"106":{"start":{"line":248,"column":8},"end":{"line":248,"column":71}},"107":{"start":{"line":250,"column":8},"end":{"line":250,"column":21}},"108":{"start":{"line":255,"column":35},"end":{"line":266,"column":1}},"109":{"start":{"line":257,"column":4},"end":{"line":265,"column":5}},"110":{"start":{"line":258,"column":8},"end":{"line":258,"column":81}},"111":{"start":{"line":260,"column":8},"end":{"line":260,"column":40}},"112":{"start":{"line":262,"column":8},"end":{"line":262,"column":69}},"113":{"start":{"line":264,"column":8},"end":{"line":264,"column":52}},"114":{"start":{"line":269,"column":0},"end":{"line":280,"column":1}},"115":{"start":{"line":271,"column":4},"end":{"line":275,"column":5}},"116":{"start":{"line":272,"column":8},"end":{"line":272,"column":82}},"117":{"start":{"line":274,"column":8},"end":{"line":274,"column":37}},"118":{"start":{"line":278,"column":4},"end":{"line":278,"column":99}},"119":{"start":{"line":279,"column":4},"end":{"line":279,"column":38}}},"fnMap":{"0":{"name":"(anonymous_0)","decl":{"start":{"line":5,"column":4},"end":{"line":5,"column":5}},"loc":{"start":{"line":5,"column":18},"end":{"line":12,"column":5}},"line":5},"1":{"name":"(anonymous_1)","decl":{"start":{"line":15,"column":4},"end":{"line":15,"column":5}},"loc":{"start":{"line":15,"column":24},"end":{"line":19,"column":5}},"line":15},"2":{"name":"(anonymous_2)","decl":{"start":{"line":18,"column":15},"end":{"line":18,"column":16}},"loc":{"start":{"line":18,"column":21},"end":{"line":18,"column":52}},"line":18},"3":{"name":"(anonymous_3)","decl":{"start":{"line":22,"column":4},"end":{"line":22,"column":5}},"loc":{"start":{"line":22,"column":18},"end":{"line":30,"column":5}},"line":22},"4":{"name":"(anonymous_4)","decl":{"start":{"line":23,"column":31},"end":{"line":23,"column":32}},"loc":{"start":{"line":23,"column":43},"end":{"line":29,"column":9}},"line":23},"5":{"name":"(anonymous_5)","decl":{"start":{"line":33,"column":4},"end":{"line":33,"column":5}},"loc":{"start":{"line":33,"column":19},"end":{"line":39,"column":5}},"line":33},"6":{"name":"(anonymous_6)","decl":{"start":{"line":42,"column":4},"end":{"line":42,"column":5}},"loc":{"start":{"line":42,"column":41},"end":{"line":62,"column":5}},"line":42},"7":{"name":"(anonymous_7)","decl":{"start":{"line":65,"column":4},"end":{"line":65,"column":5}},"loc":{"start":{"line":65,"column":23},"end":{"line":113,"column":5}},"line":65},"8":{"name":"(anonymous_8)","decl":{"start":{"line":116,"column":4},"end":{"line":116,"column":5}},"loc":{"start":{"line":116,"column":35},"end":{"line":140,"column":5}},"line":116},"9":{"name":"(anonymous_9)","decl":{"start":{"line":127,"column":26},"end":{"line":127,"column":27}},"loc":{"start":{"line":127,"column":37},"end":{"line":127,"column":61}},"line":127},"10":{"name":"(anonymous_10)","decl":{"start":{"line":143,"column":4},"end":{"line":143,"column":5}},"loc":{"start":{"line":143,"column":17},"end":{"line":148,"column":5}},"line":143},"11":{"name":"(anonymous_11)","decl":{"start":{"line":151,"column":4},"end":{"line":151,"column":5}},"loc":{"start":{"line":151,"column":24},"end":{"line":163,"column":5}},"line":151},"12":{"name":"(anonymous_12)","decl":{"start":{"line":166,"column":4},"end":{"line":166,"column":5}},"loc":{"start":{"line":166,"column":21},"end":{"line":178,"column":5}},"line":166},"13":{"name":"(anonymous_13)","decl":{"start":{"line":181,"column":4},"end":{"line":181,"column":5}},"loc":{"start":{"line":181,"column":22},"end":{"line":183,"column":5}},"line":181},"14":{"name":"(anonymous_14)","decl":{"start":{"line":186,"column":4},"end":{"line":186,"column":5}},"loc":{"start":{"line":186,"column":11},"end":{"line":224,"column":5}},"line":186},"15":{"name":"(anonymous_15)","decl":{"start":{"line":194,"column":56},"end":{"line":194,"column":57}},"loc":{"start":{"line":194,"column":65},"end":{"line":202,"column":13}},"line":194},"16":{"name":"(anonymous_16)","decl":{"start":{"line":206,"column":54},"end":{"line":206,"column":55}},"loc":{"start":{"line":206,"column":69},"end":{"line":216,"column":13}},"line":206},"17":{"name":"(anonymous_17)","decl":{"start":{"line":230,"column":31},"end":{"line":230,"column":32}},"loc":{"start":{"line":230,"column":42},"end":{"line":252,"column":1}},"line":230},"18":{"name":"(anonymous_18)","decl":{"start":{"line":255,"column":35},"end":{"line":255,"column":36}},"loc":{"start":{"line":255,"column":46},"end":{"line":266,"column":1}},"line":255}},"branchMap":{"0":{"loc":{"start":{"line":34,"column":8},"end":{"line":36,"column":9}},"type":"if","locations":[{"start":{"line":34,"column":8},"end":{"line":36,"column":9}},{"start":{},"end":{}}],"line":34},"1":{"loc":{"start":{"line":34,"column":12},"end":{"line":34,"column":42}},"type":"binary-expr","locations":[{"start":{"line":34,"column":12},"end":{"line":34,"column":23}},{"start":{"line":34,"column":27},"end":{"line":34,"column":42}}],"line":34},"2":{"loc":{"start":{"line":42,"column":19},"end":{"line":42,"column":39}},"type":"default-arg","locations":[{"start":{"line":42,"column":34},"end":{"line":42,"column":39}}],"line":42},"3":{"loc":{"start":{"line":44,"column":8},"end":{"line":49,"column":9}},"type":"if","locations":[{"start":{"line":44,"column":8},"end":{"line":49,"column":9}},{"start":{},"end":{}}],"line":44},"4":{"loc":{"start":{"line":44,"column":12},"end":{"line":44,"column":64}},"type":"binary-expr","locations":[{"start":{"line":44,"column":12},"end":{"line":44,"column":27}},{"start":{"line":44,"column":31},"end":{"line":44,"column":64}}],"line":44},"5":{"loc":{"start":{"line":52,"column":8},"end":{"line":54,"column":9}},"type":"if","locations":[{"start":{"line":52,"column":8},"end":{"line":54,"column":9}},{"start":{},"end":{}}],"line":52},"6":{"loc":{"start":{"line":52,"column":12},"end":{"line":52,"column":48}},"type":"binary-expr","locations":[{"start":{"line":52,"column":12},"end":{"line":52,"column":25}},{"start":{"line":52,"column":29},"end":{"line":52,"column":48}}],"line":52},"7":{"loc":{"start":{"line":57,"column":8},"end":{"line":59,"column":9}},"type":"if","locations":[{"start":{"line":57,"column":8},"end":{"line":59,"column":9}},{"start":{},"end":{}}],"line":57},"8":{"loc":{"start":{"line":66,"column":8},"end":{"line":68,"column":9}},"type":"if","locations":[{"start":{"line":66,"column":8},"end":{"line":68,"column":9}},{"start":{},"end":{}}],"line":66},"9":{"loc":{"start":{"line":75,"column":12},"end":{"line":80,"column":13}},"type":"if","locations":[{"start":{"line":75,"column":12},"end":{"line":80,"column":13}},{"start":{},"end":{}}],"line":75},"10":{"loc":{"start":{"line":75,"column":16},"end":{"line":75,"column":68}},"type":"binary-expr","locations":[{"start":{"line":75,"column":16},"end":{"line":75,"column":31}},{"start":{"line":75,"column":35},"end":{"line":75,"column":68}}],"line":75},"11":{"loc":{"start":{"line":83,"column":12},"end":{"line":87,"column":13}},"type":"if","locations":[{"start":{"line":83,"column":12},"end":{"line":87,"column":13}},{"start":{},"end":{}}],"line":83},"12":{"loc":{"start":{"line":92,"column":12},"end":{"line":105,"column":13}},"type":"if","locations":[{"start":{"line":92,"column":12},"end":{"line":105,"column":13}},{"start":{"line":101,"column":19},"end":{"line":105,"column":13}}],"line":92},"13":{"loc":{"start":{"line":118,"column":8},"end":{"line":122,"column":9}},"type":"if","locations":[{"start":{"line":118,"column":8},"end":{"line":122,"column":9}},{"start":{},"end":{}}],"line":118},"14":{"loc":{"start":{"line":118,"column":12},"end":{"line":118,"column":64}},"type":"binary-expr","locations":[{"start":{"line":118,"column":12},"end":{"line":118,"column":27}},{"start":{"line":118,"column":31},"end":{"line":118,"column":64}}],"line":118},"15":{"loc":{"start":{"line":152,"column":8},"end":{"line":154,"column":9}},"type":"if","locations":[{"start":{"line":152,"column":8},"end":{"line":154,"column":9}},{"start":{},"end":{}}],"line":152},"16":{"loc":{"start":{"line":156,"column":16},"end":{"line":156,"column":35}},"type":"default-arg","locations":[{"start":{"line":156,"column":34},"end":{"line":156,"column":35}}],"line":156},"17":{"loc":{"start":{"line":156,"column":37},"end":{"line":156,"column":50}},"type":"default-arg","locations":[{"start":{"line":156,"column":49},"end":{"line":156,"column":50}}],"line":156},"18":{"loc":{"start":{"line":167,"column":8},"end":{"line":169,"column":9}},"type":"if","locations":[{"start":{"line":167,"column":8},"end":{"line":169,"column":9}},{"start":{},"end":{}}],"line":167},"19":{"loc":{"start":{"line":195,"column":16},"end":{"line":201,"column":17}},"type":"if","locations":[{"start":{"line":195,"column":16},"end":{"line":201,"column":17}},{"start":{"line":198,"column":23},"end":{"line":201,"column":17}}],"line":195},"20":{"loc":{"start":{"line":239,"column":8},"end":{"line":244,"column":9}},"type":"if","locations":[{"start":{"line":239,"column":8},"end":{"line":244,"column":9}},{"start":{"line":242,"column":15},"end":{"line":244,"column":9}}],"line":239},"21":{"loc":{"start":{"line":257,"column":4},"end":{"line":265,"column":5}},"type":"if","locations":[{"start":{"line":257,"column":4},"end":{"line":265,"column":5}},{"start":{"line":261,"column":11},"end":{"line":265,"column":5}}],"line":257},"22":{"loc":{"start":{"line":257,"column":8},"end":{"line":257,"column":76}},"type":"binary-expr","locations":[{"start":{"line":257,"column":8},"end":{"line":257,"column":37}},{"start":{"line":257,"column":41},"end":{"line":257,"column":58}},{"start":{"line":257,"column":62},"end":{"line":257,"column":76}}],"line":257},"23":{"loc":{"start":{"line":269,"column":0},"end":{"line":280,"column":1}},"type":"if","locations":[{"start":{"line":269,"column":0},"end":{"line":280,"column":1}},{"start":{"line":276,"column":7},"end":{"line":280,"column":1}}],"line":269},"24":{"loc":{"start":{"line":271,"column":4},"end":{"line":275,"column":5}},"type":"if","locations":[{"start":{"line":271,"column":4},"end":{"line":275,"column":5}},{"start":{"line":273,"column":11},"end":{"line":275,"column":5}}],"line":271}},"s":{"0":0,"1":0,"2":0,"3":0,"4":0,"5":0,"6":0,"7":0,"8":0,"9":0,"10":0,"11":0,"12":0,"13":0,"14":0,"15":0,"16":0,"17":0,"18":0,"19":0,"20":0,"21":0,"22":0,"23":0,"24":0,"25":0,"26":0,"27":0,"28":0,"29":0,"30":0,"31":0,"32":0,"33":0,"34":0,"35":0,"36":0,"37":0,"38":0,"39":0,"40":0,"41":0,"42":0,"43":0,"44":0,"45":0,"46":0,"47":0,"48":0,"49":0,"50":0,"51":0,"52":0,"53":0,"54":0,"55":0,"56":0,"57":0,"58":0,"59":0,"60":0,"61":0,"62":0,"63":0,"64":0,"65":0,"66":0,"67":0,"68":0,"69":0,"70":0,"71":0,"72":0,"73":0,"74":0,"75":0,"76":0,"77":0,"78":0,"79":0,"80":0,"81":0,"82":0,"83":0,"84":0,"85":0,"86":0,"87":0,"88":0,"89":0,"90":0,"91":0,"92":0,"93":0,"94":0,"95":0,"96":0,"97":0,"98":0,"99":0,"100":0,"101":0,"102":0,"103":0,"104":0,"105":0,"106":0,"107":0,"108":0,"109":0,"110":0,"111":0,"112":0,"113":0,"114":0,"115":0,"116":0,"117":0,"118":0,"119":0},"f":{"0":0,"1":0,"2":0,"3":0,"4":0,"5":0,"6":0,"7":0,"8":0,"9":0,"10":0,"11":0,"12":0,"13":0,"14":0,"15":0,"16":0,"17":0,"18":0},"b":{"0":[0,0],"1":[0,0],"2":[0],"3":[0,0],"4":[0,0],"5":[0,0],"6":[0,0],"7":[0,0],"8":[0,0],"9":[0,0],"10":[0,0],"11":[0,0],"12":[0,0],"13":[0,0],"14":[0,0],"15":[0,0],"16":[0],"17":[0],"18":[0,0],"19":[0,0],"20":[0,0],"21":[0,0],"22":[0,0,0],"23":[0,0],"24":[0,0]}}
}
