TN:
SF:public\js\admin.js
FN:18,(anonymous_0)
FN:63,(anonymous_1)
FN:71,(anonymous_2)
FN:86,(anonymous_3)
FN:98,(anonymous_4)
FN:109,(anonymous_5)
FN:121,(anonymous_6)
FN:131,(anonymous_7)
FN:136,(anonymous_8)
FN:147,(anonymous_9)
FN:167,(anonymous_10)
FN:177,(anonymous_11)
FN:197,(anonymous_12)
FN:215,(anonymous_13)
FN:246,(anonymous_14)
FN:249,(anonymous_15)
FN:258,(anonymous_16)
FN:268,(anonymous_17)
FN:283,(anonymous_18)
FN:294,(anonymous_19)
FN:310,(anonymous_20)
FN:319,(anonymous_21)
FN:335,(anonymous_22)
FN:343,(anonymous_23)
FN:353,(anonymous_24)
FN:361,(anonymous_25)
FN:372,(anonymous_26)
FN:384,(anonymous_27)
FN:393,(anonymous_28)
FN:408,(anonymous_29)
FN:426,(anonymous_30)
FN:442,(anonymous_31)
FN:450,(anonymous_32)
FN:460,(anonymous_33)
FN:468,(anonymous_34)
FN:476,(anonymous_35)
FN:486,(anonymous_36)
FN:492,(anonymous_37)
FN:501,(anonymous_38)
FN:507,(anonymous_39)
FNF:40
FNH:0
FNDA:0,(anonymous_0)
FNDA:0,(anonymous_1)
FNDA:0,(anonymous_2)
FNDA:0,(anonymous_3)
FNDA:0,(anonymous_4)
FNDA:0,(anonymous_5)
FNDA:0,(anonymous_6)
FNDA:0,(anonymous_7)
FNDA:0,(anonymous_8)
FNDA:0,(anonymous_9)
FNDA:0,(anonymous_10)
FNDA:0,(anonymous_11)
FNDA:0,(anonymous_12)
FNDA:0,(anonymous_13)
FNDA:0,(anonymous_14)
FNDA:0,(anonymous_15)
FNDA:0,(anonymous_16)
FNDA:0,(anonymous_17)
FNDA:0,(anonymous_18)
FNDA:0,(anonymous_19)
FNDA:0,(anonymous_20)
FNDA:0,(anonymous_21)
FNDA:0,(anonymous_22)
FNDA:0,(anonymous_23)
FNDA:0,(anonymous_24)
FNDA:0,(anonymous_25)
FNDA:0,(anonymous_26)
FNDA:0,(anonymous_27)
FNDA:0,(anonymous_28)
FNDA:0,(anonymous_29)
FNDA:0,(anonymous_30)
FNDA:0,(anonymous_31)
FNDA:0,(anonymous_32)
FNDA:0,(anonymous_33)
FNDA:0,(anonymous_34)
FNDA:0,(anonymous_35)
FNDA:0,(anonymous_36)
FNDA:0,(anonymous_37)
FNDA:0,(anonymous_38)
FNDA:0,(anonymous_39)
DA:8,0
DA:18,0
DA:19,0
DA:20,0
DA:23,0
DA:26,0
DA:29,0
DA:32,0
DA:34,0
DA:37,0
DA:40,0
DA:43,0
DA:46,0
DA:49,0
DA:51,0
DA:52,0
DA:55,0
DA:56,0
DA:63,0
DA:64,0
DA:71,0
DA:72,0
DA:73,0
DA:78,0
DA:79,0
DA:86,0
DA:87,0
DA:89,0
DA:90,0
DA:92,0
DA:98,0
DA:99,0
DA:101,0
DA:102,0
DA:109,0
DA:111,0
DA:113,0
DA:114,0
DA:118,0
DA:120,0
DA:121,0
DA:122,0
DA:127,0
DA:128,0
DA:130,0
DA:131,0
DA:132,0
DA:136,0
DA:137,0
DA:141,0
DA:147,0
DA:148,0
DA:149,0
DA:154,0
DA:155,0
DA:156,0
DA:158,0
DA:159,0
DA:162,0
DA:163,0
DA:167,0
DA:168,0
DA:169,0
DA:177,0
DA:178,0
DA:180,0
DA:186,0
DA:189,0
DA:190,0
DA:197,0
DA:199,0
DA:201,0
DA:202,0
DA:203,0
DA:204,0
DA:205,0
DA:209,0
DA:215,0
DA:216,0
DA:218,0
DA:219,0
DA:222,0
DA:224,0
DA:226,0
DA:233,0
DA:243,0
DA:246,0
DA:247,0
DA:248,0
DA:249,0
DA:250,0
DA:251,0
DA:258,0
DA:259,0
DA:260,0
DA:268,0
DA:269,0
DA:270,0
DA:271,0
DA:273,0
DA:274,0
DA:275,0
DA:276,0
DA:283,0
DA:284,0
DA:286,0
DA:287,0
DA:294,0
DA:295,0
DA:297,0
DA:299,0
DA:310,0
DA:311,0
DA:313,0
DA:319,0
DA:320,0
DA:322,0
DA:324,0
DA:325,0
DA:329,0
DA:335,0
DA:336,0
DA:337,0
DA:343,0
DA:344,0
DA:345,0
DA:346,0
DA:353,0
DA:354,0
DA:355,0
DA:361,0
DA:362,0
DA:363,0
DA:365,0
DA:372,0
DA:373,0
DA:375,0
DA:377,0
DA:384,0
DA:385,0
DA:387,0
DA:393,0
DA:394,0
DA:396,0
DA:397,0
DA:399,0
DA:401,0
DA:408,0
DA:409,0
DA:411,0
DA:413,0
DA:414,0
DA:417,0
DA:419,0
DA:426,0
DA:427,0
DA:429,0
DA:431,0
DA:432,0
DA:436,0
DA:442,0
DA:443,0
DA:444,0
DA:450,0
DA:451,0
DA:452,0
DA:453,0
DA:460,0
DA:461,0
DA:462,0
DA:468,0
DA:469,0
DA:470,0
DA:476,0
DA:477,0
DA:478,0
DA:486,0
DA:487,0
DA:488,0
DA:492,0
DA:493,0
DA:495,0
DA:501,0
DA:502,0
DA:503,0
DA:507,0
DA:508,0
DA:509,0
DA:514,0
LF:189
LH:0
BRDA:72,0,0,0
BRDA:72,0,1,0
BRDA:78,1,0,0
BRDA:78,1,1,0
BRDA:79,2,0,0
BRDA:79,2,1,0
BRDA:89,3,0,0
BRDA:89,3,1,0
BRDA:101,4,0,0
BRDA:101,4,1,0
BRDA:101,5,0,0
BRDA:101,5,1,0
BRDA:113,6,0,0
BRDA:113,6,1,0
BRDA:120,7,0,0
BRDA:120,7,1,0
BRDA:130,8,0,0
BRDA:130,8,1,0
BRDA:130,9,0,0
BRDA:130,9,1,0
BRDA:137,10,0,0
BRDA:137,10,1,0
BRDA:137,11,0,0
BRDA:137,11,1,0
BRDA:137,11,2,0
BRDA:137,11,3,0
BRDA:148,12,0,0
BRDA:148,12,1,0
BRDA:148,13,0,0
BRDA:148,13,1,0
BRDA:158,14,0,0
BRDA:158,14,1,0
BRDA:162,15,0,0
BRDA:162,15,1,0
BRDA:168,16,0,0
BRDA:168,16,1,0
BRDA:168,17,0,0
BRDA:168,17,1,0
BRDA:168,17,2,0
BRDA:201,18,0,0
BRDA:201,18,1,0
BRDA:215,19,0,0
BRDA:215,20,0,0
BRDA:215,21,0,0
BRDA:218,22,0,0
BRDA:218,22,1,0
BRDA:235,23,0,0
BRDA:235,23,1,0
BRDA:238,24,0,0
BRDA:238,24,1,0
BRDA:247,25,0,0
BRDA:247,25,1,0
BRDA:250,26,0,0
BRDA:250,26,1,0
BRDA:259,27,0,0
BRDA:259,27,1,0
BRDA:273,28,0,0
BRDA:273,28,1,0
BRDA:273,29,0,0
BRDA:273,29,1,0
BRDA:273,29,2,0
BRDA:286,30,0,0
BRDA:286,30,1,0
BRDA:324,31,0,0
BRDA:324,31,1,0
BRDA:345,32,0,0
BRDA:345,32,1,0
BRDA:363,33,0,0
BRDA:363,33,1,0
BRDA:375,34,0,0
BRDA:375,34,1,0
BRDA:399,35,0,0
BRDA:399,35,1,0
BRDA:399,36,0,0
BRDA:399,36,1,0
BRDA:413,37,0,0
BRDA:413,37,1,0
BRDA:417,38,0,0
BRDA:417,38,1,0
BRDA:431,39,0,0
BRDA:431,39,1,0
BRDA:452,40,0,0
BRDA:452,40,1,0
BRDA:493,41,0,0
BRDA:493,41,1,0
BRDA:493,42,0,0
BRDA:493,42,1,0
BRDA:502,43,0,0
BRDA:502,43,1,0
BRDA:508,44,0,0
BRDA:508,44,1,0
BRF:91
BRH:0
end_of_record
TN:
SF:public\js\app.js
FN:4,(anonymous_0)
FN:12,(anonymous_1)
FN:27,(anonymous_2)
FN:38,(anonymous_3)
FN:40,(anonymous_4)
FN:41,(anonymous_5)
FN:42,(anonymous_6)
FN:43,(anonymous_7)
FN:44,(anonymous_8)
FN:45,(anonymous_9)
FN:46,(anonymous_10)
FN:47,(anonymous_11)
FN:48,(anonymous_12)
FN:51,(anonymous_13)
FN:57,(anonymous_14)
FN:61,(anonymous_15)
FN:66,(anonymous_16)
FN:77,(anonymous_17)
FN:83,(anonymous_18)
FN:91,(anonymous_19)
FN:92,(anonymous_20)
FN:96,(anonymous_21)
FN:107,(anonymous_22)
FN:114,(anonymous_23)
FN:120,(anonymous_24)
FN:132,(anonymous_25)
FN:152,(anonymous_26)
FN:154,(anonymous_27)
FN:166,(anonymous_28)
FN:167,(anonymous_29)
FN:170,(anonymous_30)
FN:183,(anonymous_31)
FN:194,(anonymous_32)
FN:197,(anonymous_33)
FN:206,(anonymous_34)
FN:213,(anonymous_35)
FN:231,(anonymous_36)
FN:234,(anonymous_37)
FN:240,(anonymous_38)
FN:245,(anonymous_39)
FN:253,(anonymous_40)
FN:273,(anonymous_41)
FN:280,(anonymous_42)
FN:298,(anonymous_43)
FN:302,(anonymous_44)
FN:312,(anonymous_45)
FN:327,(anonymous_46)
FN:353,(anonymous_47)
FN:368,(anonymous_48)
FNF:49
FNH:0
FNDA:0,(anonymous_0)
FNDA:0,(anonymous_1)
FNDA:0,(anonymous_2)
FNDA:0,(anonymous_3)
FNDA:0,(anonymous_4)
FNDA:0,(anonymous_5)
FNDA:0,(anonymous_6)
FNDA:0,(anonymous_7)
FNDA:0,(anonymous_8)
FNDA:0,(anonymous_9)
FNDA:0,(anonymous_10)
FNDA:0,(anonymous_11)
FNDA:0,(anonymous_12)
FNDA:0,(anonymous_13)
FNDA:0,(anonymous_14)
FNDA:0,(anonymous_15)
FNDA:0,(anonymous_16)
FNDA:0,(anonymous_17)
FNDA:0,(anonymous_18)
FNDA:0,(anonymous_19)
FNDA:0,(anonymous_20)
FNDA:0,(anonymous_21)
FNDA:0,(anonymous_22)
FNDA:0,(anonymous_23)
FNDA:0,(anonymous_24)
FNDA:0,(anonymous_25)
FNDA:0,(anonymous_26)
FNDA:0,(anonymous_27)
FNDA:0,(anonymous_28)
FNDA:0,(anonymous_29)
FNDA:0,(anonymous_30)
FNDA:0,(anonymous_31)
FNDA:0,(anonymous_32)
FNDA:0,(anonymous_33)
FNDA:0,(anonymous_34)
FNDA:0,(anonymous_35)
FNDA:0,(anonymous_36)
FNDA:0,(anonymous_37)
FNDA:0,(anonymous_38)
FNDA:0,(anonymous_39)
FNDA:0,(anonymous_40)
FNDA:0,(anonymous_41)
FNDA:0,(anonymous_42)
FNDA:0,(anonymous_43)
FNDA:0,(anonymous_44)
FNDA:0,(anonymous_45)
FNDA:0,(anonymous_46)
FNDA:0,(anonymous_47)
FNDA:0,(anonymous_48)
DA:5,0
DA:6,0
DA:7,0
DA:8,0
DA:9,0
DA:13,0
DA:14,0
DA:17,0
DA:18,0
DA:19,0
DA:20,0
DA:21,0
DA:23,0
DA:28,0
DA:31,0
DA:32,0
DA:34,0
DA:39,0
DA:40,0
DA:41,0
DA:42,0
DA:43,0
DA:44,0
DA:45,0
DA:46,0
DA:47,0
DA:48,0
DA:51,0
DA:52,0
DA:54,0
DA:58,0
DA:62,0
DA:63,0
DA:65,0
DA:66,0
DA:67,0
DA:68,0
DA:71,0
DA:74,0
DA:75,0
DA:77,0
DA:80,0
DA:84,0
DA:85,0
DA:86,0
DA:92,0
DA:97,0
DA:98,0
DA:99,0
DA:101,0
DA:103,0
DA:108,0
DA:109,0
DA:110,0
DA:111,0
DA:115,0
DA:120,0
DA:121,0
DA:122,0
DA:123,0
DA:126,0
DA:134,0
DA:135,0
DA:136,0
DA:137,0
DA:138,0
DA:139,0
DA:140,0
DA:144,0
DA:145,0
DA:146,0
DA:149,0
DA:153,0
DA:154,0
DA:155,0
DA:158,0
DA:159,0
DA:161,0
DA:167,0
DA:171,0
DA:173,0
DA:174,0
DA:177,0
DA:178,0
DA:179,0
DA:180,0
DA:184,0
DA:185,0
DA:188,0
DA:189,0
DA:191,0
DA:195,0
DA:197,0
DA:198,0
DA:199,0
DA:201,0
DA:204,0
DA:206,0
DA:207,0
DA:208,0
DA:214,0
DA:228,0
DA:232,0
DA:234,0
DA:235,0
DA:236,0
DA:241,0
DA:246,0
DA:247,0
DA:248,0
DA:254,0
DA:255,0
DA:257,0
DA:258,0
DA:261,0
DA:262,0
DA:264,0
DA:265,0
DA:266,0
DA:267,0
DA:271,0
DA:272,0
DA:273,0
DA:276,0
DA:281,0
DA:283,0
DA:285,0
DA:287,0
DA:290,0
DA:296,0
DA:297,0
DA:300,0
DA:303,0
DA:304,0
DA:307,0
DA:308,0
DA:313,0
DA:315,0
DA:316,0
DA:322,0
DA:327,0
DA:328,0
DA:329,0
DA:333,0
DA:334,0
DA:336,0
DA:339,0
DA:340,0
DA:342,0
DA:345,0
DA:353,0
DA:355,0
DA:357,0
DA:360,0
DA:363,0
DA:364,0
DA:368,0
DA:370,0
DA:371,0
LF:159
LH:0
BRDA:13,0,0,0
BRDA:13,0,1,0
BRDA:31,1,0,0
BRDA:31,1,1,0
BRDA:57,2,0,0
BRDA:67,3,0,0
BRDA:67,3,1,0
BRDA:74,4,0,0
BRDA:74,4,1,0
BRDA:85,5,0,0
BRDA:85,5,1,0
BRDA:85,6,0,0
BRDA:85,6,1,0
BRDA:92,7,0,0
BRDA:92,7,1,0
BRDA:98,8,0,0
BRDA:98,8,1,0
BRDA:121,9,0,0
BRDA:121,9,1,0
BRDA:134,10,0,0
BRDA:134,10,1,0
BRDA:134,11,0,0
BRDA:134,11,1,0
BRDA:137,12,0,0
BRDA:137,12,1,0
BRDA:144,13,0,0
BRDA:144,13,1,0
BRDA:144,14,0,0
BRDA:144,14,1,0
BRDA:153,15,0,0
BRDA:153,15,1,0
BRDA:153,16,0,0
BRDA:153,16,1,0
BRDA:158,17,0,0
BRDA:158,17,1,0
BRDA:173,18,0,0
BRDA:173,18,1,0
BRDA:198,19,0,0
BRDA:198,19,1,0
BRDA:207,20,0,0
BRDA:207,20,1,0
BRDA:246,21,0,0
BRDA:246,21,1,0
BRDA:257,22,0,0
BRDA:257,22,1,0
BRDA:257,23,0,0
BRDA:257,23,1,0
BRDA:261,24,0,0
BRDA:261,24,1,0
BRDA:262,25,0,0
BRDA:262,25,1,0
BRDA:264,26,0,0
BRDA:264,26,1,0
BRDA:272,27,0,0
BRDA:272,27,1,0
BRDA:283,28,0,0
BRDA:283,28,1,0
BRDA:296,29,0,0
BRDA:296,29,1,0
BRDA:329,30,0,0
BRDA:329,30,1,0
BRDA:329,31,0,0
BRDA:329,31,1,0
BRDA:333,32,0,0
BRDA:333,32,1,0
BRDA:339,33,0,0
BRDA:339,33,1,0
BRDA:363,34,0,0
BRDA:363,34,1,0
BRDA:370,35,0,0
BRDA:370,35,1,0
BRF:71
BRH:0
end_of_record
TN:
SF:public\js\auth-forms.js
FN:7,(anonymous_0)
FN:12,(anonymous_1)
FN:31,(anonymous_2)
FN:34,(anonymous_3)
FN:39,(anonymous_4)
FN:42,(anonymous_5)
FN:47,(anonymous_6)
FN:70,(anonymous_7)
FN:71,(anonymous_8)
FN:100,(anonymous_9)
FN:101,(anonymous_10)
FN:134,(anonymous_11)
FN:140,(anonymous_12)
FN:145,(anonymous_13)
FN:197,(anonymous_14)
FN:233,(anonymous_15)
FN:234,(anonymous_16)
FN:284,(anonymous_17)
FN:301,(anonymous_18)
FNF:19
FNH:5
FNDA:1,(anonymous_0)
FNDA:1,(anonymous_1)
FNDA:1,(anonymous_2)
FNDA:1,(anonymous_3)
FNDA:0,(anonymous_4)
FNDA:0,(anonymous_5)
FNDA:0,(anonymous_6)
FNDA:0,(anonymous_7)
FNDA:0,(anonymous_8)
FNDA:0,(anonymous_9)
FNDA:0,(anonymous_10)
FNDA:0,(anonymous_11)
FNDA:0,(anonymous_12)
FNDA:0,(anonymous_13)
FNDA:0,(anonymous_14)
FNDA:0,(anonymous_15)
FNDA:0,(anonymous_16)
FNDA:0,(anonymous_17)
FNDA:1,(anonymous_18)
DA:8,1
DA:9,1
DA:13,1
DA:14,1
DA:17,1
DA:18,0
DA:21,0
DA:23,0
DA:26,0
DA:27,0
DA:32,1
DA:33,1
DA:34,1
DA:36,0
DA:40,0
DA:41,0
DA:42,0
DA:44,0
DA:48,0
DA:51,0
DA:52,0
DA:54,0
DA:55,0
DA:58,0
DA:59,0
DA:61,0
DA:62,0
DA:63,0
DA:70,0
DA:71,0
DA:72,0
DA:73,0
DA:84,0
DA:91,0
DA:92,0
DA:93,0
DA:100,0
DA:101,0
DA:102,0
DA:103,0
DA:114,0
DA:121,0
DA:122,0
DA:123,0
DA:126,0
DA:127,0
DA:128,0
DA:131,0
DA:135,0
DA:138,0
DA:140,0
DA:141,0
DA:146,0
DA:147,0
DA:148,0
DA:150,0
DA:151,0
DA:153,0
DA:156,0
DA:158,0
DA:159,0
DA:162,0
DA:163,0
DA:166,0
DA:167,0
DA:169,0
DA:172,0
DA:173,0
DA:175,0
DA:179,0
DA:182,0
DA:185,0
DA:188,0
DA:191,0
DA:193,0
DA:198,0
DA:199,0
DA:200,0
DA:202,0
DA:203,0
DA:205,0
DA:208,0
DA:210,0
DA:211,0
DA:214,0
DA:215,0
DA:216,0
DA:219,0
DA:228,0
DA:233,0
DA:234,0
DA:238,0
DA:239,0
DA:241,0
DA:244,0
DA:245,0
DA:247,0
DA:250,0
DA:251,0
DA:253,0
DA:256,0
DA:257,0
DA:259,0
DA:263,0
DA:266,0
DA:267,0
DA:269,0
DA:272,0
DA:275,0
DA:278,0
DA:280,0
DA:285,0
DA:286,0
DA:288,0
DA:289,0
DA:291,0
DA:292,0
DA:295,0
DA:300,1
DA:301,1
DA:302,1
DA:303,1
DA:306,0
DA:307,0
DA:311,1
LF:125
LH:13
BRDA:61,0,0,0
BRDA:61,0,1,0
BRDA:72,1,0,0
BRDA:72,1,1,0
BRDA:72,2,0,0
BRDA:72,2,1,0
BRDA:72,2,2,0
BRDA:91,3,0,0
BRDA:91,3,1,0
BRDA:102,4,0,0
BRDA:102,4,1,0
BRDA:102,5,0,0
BRDA:102,5,1,0
BRDA:102,5,2,0
BRDA:121,6,0,0
BRDA:121,6,1,0
BRDA:126,7,0,0
BRDA:126,7,1,0
BRDA:150,8,0,0
BRDA:150,8,1,0
BRDA:166,9,0,0
BRDA:166,9,1,0
BRDA:172,10,0,0
BRDA:172,10,1,0
BRDA:202,11,0,0
BRDA:202,11,1,0
BRDA:220,12,0,0
BRDA:220,12,1,0
BRDA:221,13,0,0
BRDA:221,13,1,0
BRDA:222,14,0,0
BRDA:222,14,1,0
BRDA:223,15,0,0
BRDA:223,15,1,0
BRDA:233,16,0,0
BRDA:233,16,1,0
BRDA:234,17,0,0
BRDA:234,17,1,0
BRDA:238,18,0,0
BRDA:238,18,1,0
BRDA:244,19,0,0
BRDA:244,19,1,0
BRDA:250,20,0,0
BRDA:250,20,1,0
BRDA:256,21,0,0
BRDA:256,21,1,0
BRDA:285,22,0,0
BRDA:285,22,1,0
BRDA:288,23,0,0
BRDA:288,23,1,0
BRDA:291,24,0,0
BRDA:291,24,1,0
BRDA:300,25,0,1
BRDA:300,25,1,0
BRF:54
BRH:1
end_of_record
TN:
SF:public\js\billing-modular.js
FN:10,(anonymous_0)
FN:18,(anonymous_1)
FN:39,(anonymous_2)
FN:46,(anonymous_3)
FN:55,(anonymous_4)
FN:62,(anonymous_5)
FN:71,(anonymous_6)
FN:80,(anonymous_7)
FNF:8
FNH:0
FNDA:0,(anonymous_0)
FNDA:0,(anonymous_1)
FNDA:0,(anonymous_2)
FNDA:0,(anonymous_3)
FNDA:0,(anonymous_4)
FNDA:0,(anonymous_5)
FNDA:0,(anonymous_6)
FNDA:0,(anonymous_7)
DA:10,0
DA:11,0
DA:12,0
DA:14,0
DA:17,0
DA:18,0
DA:19,0
DA:26,0
DA:27,0
DA:29,0
DA:35,0
DA:40,0
DA:47,0
DA:48,0
DA:56,0
DA:63,0
DA:64,0
DA:72,0
DA:73,0
DA:81,0
DA:82,0
DA:83,0
DA:89,0
DA:91,0
LF:24
LH:0
BRDA:11,0,0,0
BRDA:11,0,1,0
BRDA:26,1,0,0
BRDA:26,1,1,0
BRDA:47,2,0,0
BRDA:47,2,1,0
BRDA:56,3,0,0
BRDA:56,3,1,0
BRDA:63,4,0,0
BRDA:63,4,1,0
BRDA:63,5,0,0
BRDA:63,5,1,0
BRDA:72,6,0,0
BRDA:72,6,1,0
BRDA:72,7,0,0
BRDA:72,7,1,0
BRDA:81,8,0,0
BRDA:81,8,1,0
BRF:18
BRH:0
end_of_record
TN:
SF:public\js\tools.js
FN:5,(anonymous_0)
FN:19,(anonymous_1)
FN:28,(anonymous_2)
FN:36,(anonymous_3)
FN:37,(anonymous_4)
FN:43,(anonymous_5)
FN:60,(anonymous_6)
FN:68,(anonymous_7)
FN:71,(anonymous_8)
FN:73,(anonymous_9)
FNF:10
FNH:0
FNDA:0,(anonymous_0)
FNDA:0,(anonymous_1)
FNDA:0,(anonymous_2)
FNDA:0,(anonymous_3)
FNDA:0,(anonymous_4)
FNDA:0,(anonymous_5)
FNDA:0,(anonymous_6)
FNDA:0,(anonymous_7)
FNDA:0,(anonymous_8)
FNDA:0,(anonymous_9)
DA:5,0
DA:6,0
DA:11,0
DA:12,0
DA:15,0
DA:19,0
DA:20,0
DA:21,0
DA:23,0
DA:26,0
DA:28,0
DA:29,0
DA:32,0
DA:36,0
DA:37,0
DA:39,0
DA:43,0
DA:44,0
DA:45,0
DA:47,0
DA:50,0
DA:51,0
DA:53,0
DA:56,0
DA:58,0
DA:59,0
DA:60,0
DA:61,0
DA:64,0
DA:68,0
DA:71,0
DA:72,0
DA:73,0
DA:78,0
DA:79,0
DA:80,0
DA:81,0
DA:82,0
LF:38
LH:0
BRDA:11,0,0,0
BRDA:11,0,1,0
BRDA:20,1,0,0
BRDA:20,1,1,0
BRDA:20,2,0,0
BRDA:20,2,1,0
BRDA:43,3,0,0
BRDA:44,4,0,0
BRDA:44,4,1,0
BRDA:50,5,0,0
BRDA:50,5,1,0
BRF:11
BRH:0
end_of_record
TN:
SF:public\js\components\credit-balance-widget.js
FN:6,(anonymous_0)
FN:14,(anonymous_1)
FN:18,(anonymous_2)
FN:21,(anonymous_3)
FN:49,(anonymous_4)
FN:53,(anonymous_5)
FN:63,(anonymous_6)
FN:99,(anonymous_7)
FN:116,(anonymous_8)
FN:151,(anonymous_9)
FN:159,(anonymous_10)
FN:167,(anonymous_11)
FN:186,(anonymous_12)
FN:212,(anonymous_13)
FN:237,(anonymous_14)
FN:243,(anonymous_15)
FN:248,(anonymous_16)
FN:278,(anonymous_17)
FN:282,(anonymous_18)
FN:291,(anonymous_19)
FNF:20
FNH:0
FNDA:0,(anonymous_0)
FNDA:0,(anonymous_1)
FNDA:0,(anonymous_2)
FNDA:0,(anonymous_3)
FNDA:0,(anonymous_4)
FNDA:0,(anonymous_5)
FNDA:0,(anonymous_6)
FNDA:0,(anonymous_7)
FNDA:0,(anonymous_8)
FNDA:0,(anonymous_9)
FNDA:0,(anonymous_10)
FNDA:0,(anonymous_11)
FNDA:0,(anonymous_12)
FNDA:0,(anonymous_13)
FNDA:0,(anonymous_14)
FNDA:0,(anonymous_15)
FNDA:0,(anonymous_16)
FNDA:0,(anonymous_17)
FNDA:0,(anonymous_18)
FNDA:0,(anonymous_19)
DA:7,0
DA:8,0
DA:9,0
DA:10,0
DA:11,0
DA:15,0
DA:16,0
DA:18,0
DA:22,0
DA:24,0
DA:25,0
DA:27,0
DA:30,0
DA:46,0
DA:48,0
DA:49,0
DA:54,0
DA:55,0
DA:58,0
DA:59,0
DA:61,0
DA:62,0
DA:63,0
DA:65,0
DA:69,0
DA:71,0
DA:72,0
DA:74,0
DA:76,0
DA:78,0
DA:81,0
DA:83,0
DA:84,0
DA:85,0
DA:86,0
DA:89,0
DA:95,0
DA:98,0
DA:99,0
DA:101,0
DA:104,0
DA:105,0
DA:107,0
DA:112,0
DA:117,0
DA:118,0
DA:120,0
DA:121,0
DA:127,0
DA:128,0
DA:129,0
DA:130,0
DA:132,0
DA:135,0
DA:142,0
DA:143,0
DA:144,0
DA:146,0
DA:152,0
DA:154,0
DA:155,0
DA:160,0
DA:162,0
DA:163,0
DA:168,0
DA:170,0
DA:171,0
DA:173,0
DA:174,0
DA:178,0
DA:181,0
DA:182,0
DA:188,0
DA:190,0
DA:191,0
DA:195,0
DA:197,0
DA:198,0
DA:200,0
DA:212,0
DA:234,0
DA:237,0
DA:238,0
DA:239,0
DA:243,0
DA:244,0
DA:249,0
DA:250,0
DA:262,0
DA:264,0
DA:266,0
DA:268,0
DA:272,0
DA:273,0
DA:279,0
DA:283,0
DA:284,0
DA:290,0
DA:291,0
DA:292,0
DA:295,0
LF:101
LH:0
BRDA:6,0,0,0
BRDA:24,1,0,0
BRDA:24,1,1,0
BRDA:48,2,0,0
BRDA:48,2,1,0
BRDA:53,3,0,0
BRDA:54,4,0,0
BRDA:54,4,1,0
BRDA:71,5,0,0
BRDA:71,5,1,0
BRDA:72,6,0,0
BRDA:72,6,1,0
BRDA:83,7,0,0
BRDA:83,7,1,0
BRDA:98,8,0,0
BRDA:98,8,1,0
BRDA:98,9,0,0
BRDA:98,9,1,0
BRDA:98,9,2,0
BRDA:104,10,0,0
BRDA:104,10,1,0
BRDA:107,11,0,0
BRDA:107,11,1,0
BRDA:120,12,0,0
BRDA:120,12,1,0
BRDA:127,13,0,0
BRDA:127,13,1,0
BRDA:129,14,0,0
BRDA:129,14,1,0
BRDA:137,15,0,0
BRDA:137,15,1,0
BRDA:142,16,0,0
BRDA:142,16,1,0
BRDA:143,17,0,0
BRDA:143,17,1,0
BRDA:154,18,0,0
BRDA:154,18,1,0
BRDA:162,19,0,0
BRDA:162,19,1,0
BRDA:173,20,0,0
BRDA:173,20,1,0
BRDA:190,21,0,0
BRDA:190,21,1,0
BRDA:238,22,0,0
BRDA:238,22,1,0
BRDA:264,23,0,0
BRDA:264,23,1,0
BRDA:268,24,0,0
BRDA:268,24,1,0
BRDA:283,25,0,0
BRDA:283,25,1,0
BRDA:290,26,0,0
BRDA:290,26,1,0
BRF:53
BRH:0
end_of_record
TN:
SF:public\js\components\header-component.js
FN:3,(anonymous_0)
FN:7,(anonymous_1)
FN:10,(anonymous_2)
FN:24,(anonymous_3)
FN:87,(anonymous_4)
FN:89,(anonymous_5)
FN:104,(anonymous_6)
FN:108,(anonymous_7)
FN:118,(anonymous_8)
FN:125,(anonymous_9)
FN:166,(anonymous_10)
FN:168,(anonymous_11)
FN:176,(anonymous_12)
FN:185,(anonymous_13)
FN:189,(anonymous_14)
FN:195,(anonymous_15)
FN:213,(anonymous_16)
FNF:17
FNH:8
FNDA:1,(anonymous_0)
FNDA:1,(anonymous_1)
FNDA:0,(anonymous_2)
FNDA:1,(anonymous_3)
FNDA:1,(anonymous_4)
FNDA:1,(anonymous_5)
FNDA:1,(anonymous_6)
FNDA:0,(anonymous_7)
FNDA:0,(anonymous_8)
FNDA:1,(anonymous_9)
FNDA:1,(anonymous_10)
FNDA:0,(anonymous_11)
FNDA:0,(anonymous_12)
FNDA:0,(anonymous_13)
FNDA:0,(anonymous_14)
FNDA:0,(anonymous_15)
FNDA:0,(anonymous_16)
DA:4,1
DA:9,1
DA:10,0
DA:12,0
DA:15,1
DA:16,1
DA:17,1
DA:20,1
DA:26,1
DA:28,1
DA:29,0
DA:33,1
DA:35,1
DA:36,1
DA:84,1
DA:89,1
DA:90,1
DA:91,1
DA:92,1
DA:94,1
DA:97,0
DA:101,1
DA:106,1
DA:108,0
DA:109,0
DA:110,0
DA:115,0
DA:116,0
DA:118,0
DA:120,0
DA:126,1
DA:127,0
DA:129,0
DA:132,1
DA:133,1
DA:135,1
DA:137,1
DA:138,1
DA:139,1
DA:141,1
DA:143,0
DA:144,0
DA:147,0
DA:148,0
DA:150,0
DA:151,0
DA:156,1
DA:157,1
DA:160,1
DA:161,1
DA:168,1
DA:169,0
DA:170,0
DA:171,0
DA:176,1
DA:177,0
DA:178,0
DA:182,1
DA:183,1
DA:185,1
DA:186,0
DA:187,0
DA:189,0
DA:195,1
DA:196,0
DA:197,0
DA:198,0
DA:201,0
DA:204,0
DA:205,0
DA:206,0
DA:207,0
DA:214,0
DA:215,0
DA:216,0
DA:217,0
DA:220,0
DA:227,1
DA:229,1
LF:79
LH:39
BRDA:9,0,0,0
BRDA:9,0,1,1
BRDA:28,1,0,0
BRDA:28,1,1,1
BRDA:90,2,0,1
BRDA:90,2,1,0
BRDA:109,3,0,0
BRDA:109,3,1,0
BRDA:115,4,0,0
BRDA:115,4,1,0
BRDA:115,5,0,0
BRDA:115,5,1,0
BRDA:126,6,0,0
BRDA:126,6,1,1
BRDA:141,7,0,0
BRDA:141,7,1,1
BRDA:141,8,0,1
BRDA:141,8,1,0
BRDA:143,9,0,0
BRDA:143,9,1,0
BRDA:147,10,0,0
BRDA:147,10,1,0
BRDA:150,11,0,0
BRDA:150,11,1,0
BRDA:151,12,0,0
BRDA:151,12,1,0
BRDA:156,13,0,1
BRDA:156,13,1,0
BRDA:160,14,0,1
BRDA:160,14,1,0
BRDA:169,15,0,0
BRDA:169,15,1,0
BRDA:182,16,0,1
BRDA:182,16,1,0
BRDA:186,17,0,0
BRDA:186,17,1,0
BRDA:196,18,0,0
BRDA:196,18,1,0
BRDA:196,19,0,0
BRDA:196,19,1,0
BRDA:201,20,0,0
BRDA:201,20,1,0
BRDA:201,21,0,0
BRDA:201,21,1,0
BRDA:202,22,0,0
BRDA:202,22,1,0
BRDA:206,23,0,0
BRDA:206,23,1,0
BRDA:215,24,0,0
BRDA:215,24,1,0
BRF:50
BRH:9
end_of_record
TN:
SF:public\js\components\image-component.js
FN:3,(anonymous_0)
FN:8,(anonymous_1)
FN:16,(anonymous_2)
FN:21,(anonymous_3)
FN:25,(anonymous_4)
FN:29,(anonymous_5)
FN:33,(anonymous_6)
FN:37,(anonymous_7)
FN:41,(anonymous_8)
FN:45,(anonymous_9)
FN:49,(anonymous_10)
FN:53,(anonymous_11)
FN:57,(anonymous_12)
FN:61,(anonymous_13)
FN:65,(anonymous_14)
FN:69,(anonymous_15)
FN:73,(anonymous_16)
FN:77,(anonymous_17)
FN:81,(anonymous_18)
FN:86,(anonymous_19)
FN:90,(anonymous_20)
FN:95,(anonymous_21)
FN:99,(anonymous_22)
FN:103,(anonymous_23)
FN:108,(anonymous_24)
FN:112,(anonymous_25)
FN:116,(anonymous_26)
FN:121,(anonymous_27)
FN:125,(anonymous_28)
FN:129,(anonymous_29)
FN:133,(anonymous_30)
FN:137,(anonymous_31)
FN:141,(anonymous_32)
FN:159,(anonymous_33)
FNF:34
FNH:0
FNDA:0,(anonymous_0)
FNDA:0,(anonymous_1)
FNDA:0,(anonymous_2)
FNDA:0,(anonymous_3)
FNDA:0,(anonymous_4)
FNDA:0,(anonymous_5)
FNDA:0,(anonymous_6)
FNDA:0,(anonymous_7)
FNDA:0,(anonymous_8)
FNDA:0,(anonymous_9)
FNDA:0,(anonymous_10)
FNDA:0,(anonymous_11)
FNDA:0,(anonymous_12)
FNDA:0,(anonymous_13)
FNDA:0,(anonymous_14)
FNDA:0,(anonymous_15)
FNDA:0,(anonymous_16)
FNDA:0,(anonymous_17)
FNDA:0,(anonymous_18)
FNDA:0,(anonymous_19)
FNDA:0,(anonymous_20)
FNDA:0,(anonymous_21)
FNDA:0,(anonymous_22)
FNDA:0,(anonymous_23)
FNDA:0,(anonymous_24)
FNDA:0,(anonymous_25)
FNDA:0,(anonymous_26)
FNDA:0,(anonymous_27)
FNDA:0,(anonymous_28)
FNDA:0,(anonymous_29)
FNDA:0,(anonymous_30)
FNDA:0,(anonymous_31)
FNDA:0,(anonymous_32)
FNDA:0,(anonymous_33)
DA:4,0
DA:5,0
DA:10,0
DA:11,0
DA:17,0
DA:22,0
DA:26,0
DA:30,0
DA:34,0
DA:38,0
DA:42,0
DA:46,0
DA:50,0
DA:54,0
DA:58,0
DA:62,0
DA:66,0
DA:70,0
DA:74,0
DA:78,0
DA:82,0
DA:87,0
DA:91,0
DA:96,0
DA:100,0
DA:104,0
DA:109,0
DA:113,0
DA:117,0
DA:122,0
DA:126,0
DA:130,0
DA:134,0
DA:138,0
DA:142,0
DA:144,0
DA:145,0
DA:147,0
DA:148,0
DA:150,0
DA:153,0
DA:156,0
DA:160,0
DA:165,0
DA:166,0
DA:170,0
DA:171,0
DA:172,0
LF:48
LH:0
BRDA:121,0,0,0
BRDA:134,1,0,0
BRDA:134,1,1,0
BRDA:144,2,0,0
BRDA:144,2,1,0
BRDA:147,3,0,0
BRDA:147,3,1,0
BRDA:165,4,0,0
BRDA:165,4,1,0
BRDA:165,5,0,0
BRDA:165,5,1,0
BRDA:170,6,0,0
BRDA:170,6,1,0
BRF:13
BRH:0
end_of_record
TN:
SF:public\js\components\mobile-table.js
FN:2,(anonymous_0)
FN:18,(anonymous_1)
FN:32,(anonymous_2)
FN:36,(anonymous_3)
FN:40,(anonymous_4)
FN:43,(anonymous_5)
FN:52,(anonymous_6)
FN:56,(anonymous_7)
FN:61,(anonymous_8)
FN:70,(anonymous_9)
FN:78,(anonymous_10)
FN:92,(anonymous_11)
FN:112,(anonymous_12)
FN:124,(anonymous_13)
FN:129,(anonymous_14)
FN:155,(anonymous_15)
FN:163,(anonymous_16)
FN:174,(anonymous_17)
FN:177,(anonymous_18)
FNF:19
FNH:0
FNDA:0,(anonymous_0)
FNDA:0,(anonymous_1)
FNDA:0,(anonymous_2)
FNDA:0,(anonymous_3)
FNDA:0,(anonymous_4)
FNDA:0,(anonymous_5)
FNDA:0,(anonymous_6)
FNDA:0,(anonymous_7)
FNDA:0,(anonymous_8)
FNDA:0,(anonymous_9)
FNDA:0,(anonymous_10)
FNDA:0,(anonymous_11)
FNDA:0,(anonymous_12)
FNDA:0,(anonymous_13)
FNDA:0,(anonymous_14)
FNDA:0,(anonymous_15)
FNDA:0,(anonymous_16)
FNDA:0,(anonymous_17)
FNDA:0,(anonymous_18)
DA:3,0
DA:4,0
DA:12,0
DA:13,0
DA:14,0
DA:15,0
DA:19,0
DA:20,0
DA:23,0
DA:25,0
DA:27,0
DA:29,0
DA:33,0
DA:35,0
DA:36,0
DA:42,0
DA:43,0
DA:45,0
DA:47,0
DA:52,0
DA:54,0
DA:56,0
DA:62,0
DA:64,0
DA:65,0
DA:66,0
DA:71,0
DA:72,0
DA:74,0
DA:79,0
DA:81,0
DA:82,0
DA:85,0
DA:88,0
DA:90,0
DA:92,0
DA:93,0
DA:94,0
DA:96,0
DA:100,0
DA:103,0
DA:105,0
DA:106,0
DA:108,0
DA:114,0
DA:117,0
DA:119,0
DA:120,0
DA:125,0
DA:127,0
DA:129,0
DA:130,0
DA:131,0
DA:133,0
DA:135,0
DA:137,0
DA:138,0
DA:140,0
DA:142,0
DA:143,0
DA:145,0
DA:146,0
DA:147,0
DA:151,0
DA:156,0
DA:157,0
DA:158,0
DA:159,0
DA:164,0
DA:165,0
DA:169,0
DA:174,0
DA:175,0
DA:177,0
DA:178,0
LF:75
LH:0
BRDA:2,0,0,0
BRDA:19,1,0,0
BRDA:19,1,1,0
BRDA:35,2,0,0
BRDA:35,2,1,0
BRDA:42,3,0,0
BRDA:42,3,1,0
BRDA:64,4,0,0
BRDA:64,4,1,0
BRDA:71,5,0,0
BRDA:71,5,1,0
BRDA:81,6,0,0
BRDA:81,6,1,0
BRDA:105,7,0,0
BRDA:105,7,1,0
BRDA:119,8,0,0
BRDA:119,8,1,0
BRDA:130,9,0,0
BRDA:130,9,1,0
BRDA:164,10,0,0
BRDA:164,10,1,0
BRF:21
BRH:0
end_of_record
TN:
SF:public\js\components\multiselect-dropdown.js
FN:2,(anonymous_0)
FN:19,(anonymous_1)
FN:29,(anonymous_2)
FN:35,(anonymous_3)
FN:55,(anonymous_4)
FN:56,(anonymous_5)
FN:82,(anonymous_6)
FN:93,(anonymous_7)
FN:123,(anonymous_8)
FN:137,(anonymous_9)
FN:143,(anonymous_10)
FN:155,(anonymous_11)
FN:162,(anonymous_12)
FN:169,(anonymous_13)
FN:186,(anonymous_14)
FN:207,(anonymous_15)
FN:226,(anonymous_16)
FN:243,(anonymous_17)
FN:261,(anonymous_18)
FN:262,(anonymous_19)
FN:271,(anonymous_20)
FN:280,(anonymous_21)
FN:289,(anonymous_22)
FN:293,(anonymous_23)
FN:299,(anonymous_24)
FN:305,(anonymous_25)
FN:306,(anonymous_26)
FN:314,(anonymous_27)
FNF:28
FNH:0
FNDA:0,(anonymous_0)
FNDA:0,(anonymous_1)
FNDA:0,(anonymous_2)
FNDA:0,(anonymous_3)
FNDA:0,(anonymous_4)
FNDA:0,(anonymous_5)
FNDA:0,(anonymous_6)
FNDA:0,(anonymous_7)
FNDA:0,(anonymous_8)
FNDA:0,(anonymous_9)
FNDA:0,(anonymous_10)
FNDA:0,(anonymous_11)
FNDA:0,(anonymous_12)
FNDA:0,(anonymous_13)
FNDA:0,(anonymous_14)
FNDA:0,(anonymous_15)
FNDA:0,(anonymous_16)
FNDA:0,(anonymous_17)
FNDA:0,(anonymous_18)
FNDA:0,(anonymous_19)
FNDA:0,(anonymous_20)
FNDA:0,(anonymous_21)
FNDA:0,(anonymous_22)
FNDA:0,(anonymous_23)
FNDA:0,(anonymous_24)
FNDA:0,(anonymous_25)
FNDA:0,(anonymous_26)
FNDA:0,(anonymous_27)
DA:3,0
DA:4,0
DA:13,0
DA:14,0
DA:15,0
DA:16,0
DA:20,0
DA:22,0
DA:25,0
DA:26,0
DA:30,0
DA:31,0
DA:32,0
DA:36,0
DA:37,0
DA:40,0
DA:42,0
DA:43,0
DA:44,0
DA:47,0
DA:49,0
DA:50,0
DA:51,0
DA:52,0
DA:53,0
DA:55,0
DA:56,0
DA:58,0
DA:61,0
DA:65,0
DA:67,0
DA:68,0
DA:69,0
DA:70,0
DA:73,0
DA:75,0
DA:76,0
DA:77,0
DA:79,0
DA:82,0
DA:83,0
DA:85,0
DA:87,0
DA:89,0
DA:90,0
DA:94,0
DA:96,0
DA:97,0
DA:98,0
DA:100,0
DA:101,0
DA:102,0
DA:103,0
DA:105,0
DA:106,0
DA:109,0
DA:110,0
DA:112,0
DA:113,0
DA:114,0
DA:117,0
DA:118,0
DA:120,0
DA:124,0
DA:125,0
DA:127,0
DA:128,0
DA:130,0
DA:131,0
DA:133,0
DA:137,0
DA:138,0
DA:139,0
DA:143,0
DA:144,0
DA:146,0
DA:147,0
DA:150,0
DA:151,0
DA:155,0
DA:156,0
DA:157,0
DA:162,0
DA:163,0
DA:164,0
DA:170,0
DA:171,0
DA:173,0
DA:174,0
DA:176,0
DA:179,0
DA:180,0
DA:182,0
DA:187,0
DA:188,0
DA:190,0
DA:191,0
DA:193,0
DA:196,0
DA:197,0
DA:200,0
DA:202,0
DA:203,0
DA:208,0
DA:209,0
DA:211,0
DA:212,0
DA:215,0
DA:216,0
DA:219,0
DA:221,0
DA:222,0
DA:227,0
DA:228,0
DA:230,0
DA:231,0
DA:233,0
DA:236,0
DA:237,0
DA:238,0
DA:239,0
DA:244,0
DA:246,0
DA:247,0
DA:250,0
DA:252,0
DA:253,0
DA:256,0
DA:257,0
DA:258,0
DA:259,0
DA:261,0
DA:262,0
DA:264,0
DA:267,0
DA:272,0
DA:274,0
DA:275,0
DA:278,0
DA:280,0
DA:281,0
DA:283,0
DA:284,0
DA:290,0
DA:294,0
DA:295,0
DA:296,0
DA:300,0
DA:301,0
DA:302,0
DA:306,0
DA:307,0
DA:308,0
DA:309,0
DA:310,0
DA:315,0
DA:316,0
DA:317,0
DA:318,0
DA:319,0
DA:325,0
LF:161
LH:0
BRDA:2,0,0,0
BRDA:20,1,0,0
BRDA:20,1,1,0
BRDA:50,2,0,0
BRDA:50,2,1,0
BRDA:52,3,0,0
BRDA:52,3,1,0
BRDA:58,4,0,0
BRDA:58,4,1,0
BRDA:109,5,0,0
BRDA:109,5,1,0
BRDA:130,6,0,0
BRDA:130,6,1,0
BRDA:130,7,0,0
BRDA:130,7,1,0
BRDA:146,8,0,0
BRDA:146,8,1,0
BRDA:156,9,0,0
BRDA:156,9,1,0
BRDA:163,10,0,0
BRDA:163,10,1,0
BRDA:173,11,0,0
BRDA:173,11,1,0
BRDA:173,12,0,0
BRDA:173,12,1,0
BRDA:179,13,0,0
BRDA:179,13,1,0
BRDA:190,14,0,0
BRDA:190,14,1,0
BRDA:190,15,0,0
BRDA:190,15,1,0
BRDA:202,16,0,0
BRDA:202,16,1,0
BRDA:211,17,0,0
BRDA:211,17,1,0
BRDA:211,18,0,0
BRDA:211,18,1,0
BRDA:221,19,0,0
BRDA:221,19,1,0
BRDA:227,20,0,0
BRDA:227,20,1,0
BRDA:230,21,0,0
BRDA:230,21,1,0
BRDA:230,22,0,0
BRDA:230,22,1,0
BRDA:238,23,0,0
BRDA:238,23,1,0
BRDA:246,24,0,0
BRDA:246,24,1,0
BRDA:252,25,0,0
BRDA:252,25,1,0
BRDA:256,26,0,0
BRDA:256,26,1,0
BRDA:258,27,0,0
BRDA:258,27,1,0
BRDA:264,28,0,0
BRDA:264,28,1,0
BRDA:274,29,0,0
BRDA:274,29,1,0
BRDA:283,30,0,0
BRDA:283,30,1,0
BRDA:309,31,0,0
BRDA:309,31,1,0
BRDA:318,32,0,0
BRDA:318,32,1,0
BRF:65
BRH:0
end_of_record
TN:
SF:public\js\components\transaction-stats-component.js
FN:3,(anonymous_0)
FN:11,(anonymous_1)
FN:14,(anonymous_2)
FN:31,(anonymous_3)
FN:41,(anonymous_4)
FN:46,(anonymous_5)
FN:51,(anonymous_6)
FN:56,(anonymous_7)
FN:58,(anonymous_8)
FN:63,(anonymous_9)
FN:67,(anonymous_10)
FN:85,(anonymous_11)
FN:94,(anonymous_12)
FN:108,(anonymous_13)
FN:143,(anonymous_14)
FN:175,(anonymous_15)
FN:183,(anonymous_16)
FN:210,(anonymous_17)
FN:226,(anonymous_18)
FN:235,(anonymous_19)
FN:248,(anonymous_20)
FN:263,(anonymous_21)
FN:268,(anonymous_22)
FNF:23
FNH:0
FNDA:0,(anonymous_0)
FNDA:0,(anonymous_1)
FNDA:0,(anonymous_2)
FNDA:0,(anonymous_3)
FNDA:0,(anonymous_4)
FNDA:0,(anonymous_5)
FNDA:0,(anonymous_6)
FNDA:0,(anonymous_7)
FNDA:0,(anonymous_8)
FNDA:0,(anonymous_9)
FNDA:0,(anonymous_10)
FNDA:0,(anonymous_11)
FNDA:0,(anonymous_12)
FNDA:0,(anonymous_13)
FNDA:0,(anonymous_14)
FNDA:0,(anonymous_15)
FNDA:0,(anonymous_16)
FNDA:0,(anonymous_17)
FNDA:0,(anonymous_18)
FNDA:0,(anonymous_19)
FNDA:0,(anonymous_20)
FNDA:0,(anonymous_21)
FNDA:0,(anonymous_22)
DA:4,0
DA:5,0
DA:6,0
DA:7,0
DA:8,0
DA:13,0
DA:14,0
DA:16,0
DA:19,0
DA:20,0
DA:21,0
DA:22,0
DA:24,0
DA:27,0
DA:28,0
DA:31,0
DA:32,0
DA:36,0
DA:42,0
DA:43,0
DA:48,0
DA:51,0
DA:52,0
DA:57,0
DA:58,0
DA:59,0
DA:63,0
DA:68,0
DA:70,0
DA:71,0
DA:73,0
DA:75,0
DA:76,0
DA:79,0
DA:80,0
DA:86,0
DA:87,0
DA:88,0
DA:90,0
DA:95,0
DA:97,0
DA:98,0
DA:100,0
DA:104,0
DA:109,0
DA:110,0
DA:113,0
DA:114,0
DA:116,0
DA:118,0
DA:119,0
DA:120,0
DA:122,0
DA:126,0
DA:128,0
DA:129,0
DA:130,0
DA:132,0
DA:133,0
DA:136,0
DA:137,0
DA:139,0
DA:144,0
DA:145,0
DA:148,0
DA:149,0
DA:150,0
DA:152,0
DA:156,0
DA:157,0
DA:158,0
DA:160,0
DA:164,0
DA:166,0
DA:167,0
DA:168,0
DA:170,0
DA:171,0
DA:176,0
DA:177,0
DA:179,0
DA:184,0
DA:185,0
DA:189,0
DA:191,0
DA:194,0
DA:196,0
DA:211,0
DA:212,0
DA:216,0
DA:218,0
DA:227,0
DA:228,0
DA:232,0
DA:236,0
DA:237,0
DA:240,0
DA:249,0
DA:250,0
DA:254,0
DA:264,0
DA:269,0
DA:275,0
DA:278,0
LF:104
LH:0
BRDA:3,0,0,0
BRDA:13,1,0,0
BRDA:13,1,1,0
BRDA:21,2,0,0
BRDA:21,2,1,0
BRDA:57,3,0,0
BRDA:57,3,1,0
BRDA:70,4,0,0
BRDA:70,4,1,0
BRDA:86,5,0,0
BRDA:86,5,1,0
BRDA:95,6,0,0
BRDA:95,6,1,0
BRDA:97,7,0,0
BRDA:97,7,1,0
BRDA:109,8,0,0
BRDA:109,8,1,0
BRDA:118,9,0,0
BRDA:118,9,1,0
BRDA:118,10,0,0
BRDA:118,10,1,0
BRDA:128,11,0,0
BRDA:128,11,1,0
BRDA:148,12,0,0
BRDA:148,12,1,0
BRDA:156,13,0,0
BRDA:156,13,1,0
BRDA:156,14,0,0
BRDA:156,14,1,0
BRDA:166,15,0,0
BRDA:166,15,1,0
BRDA:176,16,0,0
BRDA:176,16,1,0
BRDA:184,17,0,0
BRDA:184,17,1,0
BRDA:184,18,0,0
BRDA:184,18,1,0
BRDA:211,19,0,0
BRDA:211,19,1,0
BRDA:227,20,0,0
BRDA:227,20,1,0
BRDA:236,21,0,0
BRDA:236,21,1,0
BRDA:249,22,0,0
BRDA:249,22,1,0
BRF:45
BRH:0
end_of_record
TN:
SF:public\js\components\generation\generation-component.js
FN:4,(anonymous_0)
FN:9,(anonymous_1)
FN:13,(anonymous_2)
FN:21,(anonymous_3)
FN:28,(anonymous_4)
FN:34,(anonymous_5)
FN:38,(anonymous_6)
FN:42,(anonymous_7)
FN:46,(anonymous_8)
FN:50,(anonymous_9)
FN:54,(anonymous_10)
FN:58,(anonymous_11)
FN:62,(anonymous_12)
FN:67,(anonymous_13)
FN:71,(anonymous_14)
FN:75,(anonymous_15)
FN:79,(anonymous_16)
FN:84,(anonymous_17)
FN:89,(anonymous_18)
FN:93,(anonymous_19)
FN:98,(anonymous_20)
FN:103,(anonymous_21)
FN:107,(anonymous_22)
FN:112,(anonymous_23)
FN:117,(anonymous_24)
FN:122,(anonymous_25)
FN:127,(anonymous_26)
FN:132,(anonymous_27)
FN:137,(anonymous_28)
FN:141,(anonymous_29)
FN:146,(anonymous_30)
FN:150,(anonymous_31)
FN:155,(anonymous_32)
FN:160,(anonymous_33)
FN:164,(anonymous_34)
FN:168,(anonymous_35)
FN:180,(anonymous_36)
FNF:37
FNH:0
FNDA:0,(anonymous_0)
FNDA:0,(anonymous_1)
FNDA:0,(anonymous_2)
FNDA:0,(anonymous_3)
FNDA:0,(anonymous_4)
FNDA:0,(anonymous_5)
FNDA:0,(anonymous_6)
FNDA:0,(anonymous_7)
FNDA:0,(anonymous_8)
FNDA:0,(anonymous_9)
FNDA:0,(anonymous_10)
FNDA:0,(anonymous_11)
FNDA:0,(anonymous_12)
FNDA:0,(anonymous_13)
FNDA:0,(anonymous_14)
FNDA:0,(anonymous_15)
FNDA:0,(anonymous_16)
FNDA:0,(anonymous_17)
FNDA:0,(anonymous_18)
FNDA:0,(anonymous_19)
FNDA:0,(anonymous_20)
FNDA:0,(anonymous_21)
FNDA:0,(anonymous_22)
FNDA:0,(anonymous_23)
FNDA:0,(anonymous_24)
FNDA:0,(anonymous_25)
FNDA:0,(anonymous_26)
FNDA:0,(anonymous_27)
FNDA:0,(anonymous_28)
FNDA:0,(anonymous_29)
FNDA:0,(anonymous_30)
FNDA:0,(anonymous_31)
FNDA:0,(anonymous_32)
FNDA:0,(anonymous_33)
FNDA:0,(anonymous_34)
FNDA:0,(anonymous_35)
FNDA:0,(anonymous_36)
DA:5,0
DA:6,0
DA:12,0
DA:13,0
DA:14,0
DA:17,0
DA:22,0
DA:23,0
DA:29,0
DA:35,0
DA:39,0
DA:43,0
DA:47,0
DA:51,0
DA:55,0
DA:59,0
DA:63,0
DA:68,0
DA:72,0
DA:76,0
DA:80,0
DA:85,0
DA:90,0
DA:94,0
DA:99,0
DA:104,0
DA:108,0
DA:113,0
DA:118,0
DA:123,0
DA:128,0
DA:133,0
DA:138,0
DA:142,0
DA:147,0
DA:151,0
DA:156,0
DA:161,0
DA:165,0
DA:169,0
DA:174,0
DA:175,0
DA:176,0
DA:179,0
DA:180,0
DA:181,0
DA:184,0
DA:190,0
DA:191,0
LF:49
LH:0
BRDA:12,0,0,0
BRDA:12,0,1,0
BRDA:174,1,0,0
BRDA:174,1,1,0
BRDA:179,2,0,0
BRDA:179,2,1,0
BRDA:190,3,0,0
BRDA:190,3,1,0
BRDA:190,4,0,0
BRDA:190,4,1,0
BRF:10
BRH:0
end_of_record
TN:
SF:public\js\components\generation\generation-data.js
FN:4,(anonymous_0)
FN:17,(anonymous_1)
FN:46,(anonymous_2)
FN:63,(anonymous_3)
FN:85,(anonymous_4)
FN:103,(anonymous_5)
FN:124,(anonymous_6)
FN:128,(anonymous_7)
FN:149,(anonymous_8)
FN:166,(anonymous_9)
FN:170,(anonymous_10)
FN:180,(anonymous_11)
FN:187,(anonymous_12)
FN:198,(anonymous_13)
FN:211,(anonymous_14)
FN:215,(anonymous_15)
FN:220,(anonymous_16)
FN:230,(anonymous_17)
FN:240,(anonymous_18)
FN:257,(anonymous_19)
FNF:20
FNH:0
FNDA:0,(anonymous_0)
FNDA:0,(anonymous_1)
FNDA:0,(anonymous_2)
FNDA:0,(anonymous_3)
FNDA:0,(anonymous_4)
FNDA:0,(anonymous_5)
FNDA:0,(anonymous_6)
FNDA:0,(anonymous_7)
FNDA:0,(anonymous_8)
FNDA:0,(anonymous_9)
FNDA:0,(anonymous_10)
FNDA:0,(anonymous_11)
FNDA:0,(anonymous_12)
FNDA:0,(anonymous_13)
FNDA:0,(anonymous_14)
FNDA:0,(anonymous_15)
FNDA:0,(anonymous_16)
FNDA:0,(anonymous_17)
FNDA:0,(anonymous_18)
FNDA:0,(anonymous_19)
DA:5,0
DA:18,0
DA:20,0
DA:21,0
DA:24,0
DA:25,0
DA:28,0
DA:29,0
DA:32,0
DA:33,0
DA:36,0
DA:37,0
DA:40,0
DA:47,0
DA:49,0
DA:50,0
DA:53,0
DA:54,0
DA:57,0
DA:64,0
DA:66,0
DA:67,0
DA:70,0
DA:71,0
DA:74,0
DA:75,0
DA:78,0
DA:86,0
DA:87,0
DA:90,0
DA:105,0
DA:106,0
DA:109,0
DA:110,0
DA:113,0
DA:115,0
DA:125,0
DA:126,0
DA:127,0
DA:128,0
DA:129,0
DA:130,0
DA:131,0
DA:135,0
DA:136,0
DA:146,0
DA:150,0
DA:151,0
DA:153,0
DA:154,0
DA:155,0
DA:158,0
DA:167,0
DA:171,0
DA:172,0
DA:176,0
DA:181,0
DA:188,0
DA:189,0
DA:191,0
DA:194,0
DA:200,0
DA:212,0
DA:216,0
DA:221,0
DA:222,0
DA:225,0
DA:226,0
DA:230,0
DA:232,0
DA:233,0
DA:236,0
DA:241,0
DA:242,0
DA:245,0
DA:254,0
DA:258,0
DA:259,0
DA:262,0
DA:263,0
DA:264,0
DA:265,0
DA:267,0
DA:268,0
DA:270,0
DA:271,0
DA:274,0
DA:279,0
DA:280,0
LF:89
LH:0
BRDA:20,0,0,0
BRDA:20,0,1,0
BRDA:20,1,0,0
BRDA:20,1,1,0
BRDA:24,2,0,0
BRDA:24,2,1,0
BRDA:24,3,0,0
BRDA:24,3,1,0
BRDA:28,4,0,0
BRDA:28,4,1,0
BRDA:28,5,0,0
BRDA:28,5,1,0
BRDA:32,6,0,0
BRDA:32,6,1,0
BRDA:32,7,0,0
BRDA:32,7,1,0
BRDA:36,8,0,0
BRDA:36,8,1,0
BRDA:36,9,0,0
BRDA:36,9,1,0
BRDA:36,9,2,0
BRDA:49,10,0,0
BRDA:49,10,1,0
BRDA:53,11,0,0
BRDA:53,11,1,0
BRDA:66,12,0,0
BRDA:66,12,1,0
BRDA:66,13,0,0
BRDA:66,13,1,0
BRDA:66,13,2,0
BRDA:70,14,0,0
BRDA:70,14,1,0
BRDA:70,15,0,0
BRDA:70,15,1,0
BRDA:70,15,2,0
BRDA:74,16,0,0
BRDA:74,16,1,0
BRDA:74,17,0,0
BRDA:74,17,1,0
BRDA:74,17,2,0
BRDA:86,18,0,0
BRDA:86,18,1,0
BRDA:91,19,0,0
BRDA:91,19,1,0
BRDA:92,20,0,0
BRDA:92,20,1,0
BRDA:93,21,0,0
BRDA:93,21,1,0
BRDA:97,22,0,0
BRDA:97,22,1,0
BRDA:99,23,0,0
BRDA:99,23,1,0
BRDA:99,23,2,0
BRDA:105,24,0,0
BRDA:105,24,1,0
BRDA:106,25,0,0
BRDA:106,25,1,0
BRDA:137,26,0,0
BRDA:137,26,1,0
BRDA:140,27,0,0
BRDA:140,27,1,0
BRDA:141,28,0,0
BRDA:141,28,1,0
BRDA:142,29,0,0
BRDA:142,29,1,0
BRDA:143,30,0,0
BRDA:143,30,1,0
BRDA:153,31,0,0
BRDA:153,31,1,0
BRDA:154,32,0,0
BRDA:154,32,1,0
BRDA:156,33,0,0
BRDA:156,33,1,0
BRDA:171,34,0,0
BRDA:171,34,1,0
BRDA:188,35,0,0
BRDA:188,35,1,0
BRDA:188,36,0,0
BRDA:188,36,1,0
BRDA:221,37,0,0
BRDA:221,37,1,0
BRDA:225,38,0,0
BRDA:225,38,1,0
BRDA:230,39,0,0
BRDA:230,39,1,0
BRDA:232,40,0,0
BRDA:232,40,1,0
BRDA:241,41,0,0
BRDA:241,41,1,0
BRDA:258,42,0,0
BRDA:258,42,1,0
BRDA:263,43,0,0
BRDA:263,43,1,0
BRDA:264,44,0,0
BRDA:264,44,1,0
BRDA:267,45,0,0
BRDA:267,45,1,0
BRDA:270,46,0,0
BRDA:270,46,1,0
BRDA:279,47,0,0
BRDA:279,47,1,0
BRF:101
BRH:0
end_of_record
TN:
SF:public\js\components\generation\generation-events.js
FN:4,(anonymous_0)
FN:10,(anonymous_1)
FN:21,(anonymous_2)
FN:23,(anonymous_3)
FN:30,(anonymous_4)
FN:32,(anonymous_5)
FN:38,(anonymous_6)
FN:49,(anonymous_7)
FN:55,(anonymous_8)
FN:60,(anonymous_9)
FNF:10
FNH:0
FNDA:0,(anonymous_0)
FNDA:0,(anonymous_1)
FNDA:0,(anonymous_2)
FNDA:0,(anonymous_3)
FNDA:0,(anonymous_4)
FNDA:0,(anonymous_5)
FNDA:0,(anonymous_6)
FNDA:0,(anonymous_7)
FNDA:0,(anonymous_8)
FNDA:0,(anonymous_9)
DA:5,0
DA:6,0
DA:7,0
DA:14,0
DA:15,0
DA:17,0
DA:23,0
DA:24,0
DA:25,0
DA:32,0
DA:33,0
DA:35,0
DA:38,0
DA:39,0
DA:41,0
DA:42,0
DA:44,0
DA:50,0
DA:56,0
DA:62,0
DA:63,0
DA:68,0
DA:69,0
LF:23
LH:0
BRDA:24,0,0,0
BRDA:24,0,1,0
BRDA:41,1,0,0
BRDA:41,1,1,0
BRDA:68,2,0,0
BRDA:68,2,1,0
BRF:6
BRH:0
end_of_record
TN:
SF:public\js\components\generation\generation-manager.js
FN:4,(anonymous_0)
FN:19,(anonymous_1)
FN:30,(anonymous_2)
FN:35,(anonymous_3)
FN:45,(anonymous_4)
FN:49,(anonymous_5)
FN:60,(anonymous_6)
FN:64,(anonymous_7)
FN:72,(anonymous_8)
FN:79,(anonymous_9)
FN:88,(anonymous_10)
FN:118,(anonymous_11)
FN:127,(anonymous_12)
FN:149,(anonymous_13)
FN:158,(anonymous_14)
FN:186,(anonymous_15)
FN:192,(anonymous_16)
FN:203,(anonymous_17)
FN:207,(anonymous_18)
FN:212,(anonymous_19)
FN:217,(anonymous_20)
FN:221,(anonymous_21)
FN:226,(anonymous_22)
FN:231,(anonymous_23)
FN:236,(anonymous_24)
FN:242,(anonymous_25)
FN:248,(anonymous_26)
FN:255,(anonymous_27)
FN:259,(anonymous_28)
FN:264,(anonymous_29)
FN:268,(anonymous_30)
FNF:31
FNH:0
FNDA:0,(anonymous_0)
FNDA:0,(anonymous_1)
FNDA:0,(anonymous_2)
FNDA:0,(anonymous_3)
FNDA:0,(anonymous_4)
FNDA:0,(anonymous_5)
FNDA:0,(anonymous_6)
FNDA:0,(anonymous_7)
FNDA:0,(anonymous_8)
FNDA:0,(anonymous_9)
FNDA:0,(anonymous_10)
FNDA:0,(anonymous_11)
FNDA:0,(anonymous_12)
FNDA:0,(anonymous_13)
FNDA:0,(anonymous_14)
FNDA:0,(anonymous_15)
FNDA:0,(anonymous_16)
FNDA:0,(anonymous_17)
FNDA:0,(anonymous_18)
FNDA:0,(anonymous_19)
FNDA:0,(anonymous_20)
FNDA:0,(anonymous_21)
FNDA:0,(anonymous_22)
FNDA:0,(anonymous_23)
FNDA:0,(anonymous_24)
FNDA:0,(anonymous_25)
FNDA:0,(anonymous_26)
FNDA:0,(anonymous_27)
FNDA:0,(anonymous_28)
FNDA:0,(anonymous_29)
FNDA:0,(anonymous_30)
DA:5,0
DA:6,0
DA:7,0
DA:10,0
DA:11,0
DA:12,0
DA:13,0
DA:14,0
DA:16,0
DA:21,0
DA:22,0
DA:23,0
DA:31,0
DA:32,0
DA:36,0
DA:37,0
DA:38,0
DA:40,0
DA:46,0
DA:50,0
DA:52,0
DA:53,0
DA:56,0
DA:61,0
DA:65,0
DA:66,0
DA:68,0
DA:69,0
DA:70,0
DA:72,0
DA:74,0
DA:80,0
DA:91,0
DA:92,0
DA:94,0
DA:95,0
DA:101,0
DA:103,0
DA:104,0
DA:105,0
DA:108,0
DA:109,0
DA:110,0
DA:113,0
DA:119,0
DA:120,0
DA:121,0
DA:123,0
DA:128,0
DA:130,0
DA:132,0
DA:136,0
DA:138,0
DA:139,0
DA:140,0
DA:141,0
DA:145,0
DA:146,0
DA:147,0
DA:149,0
DA:150,0
DA:154,0
DA:159,0
DA:162,0
DA:166,0
DA:168,0
DA:169,0
DA:170,0
DA:172,0
DA:175,0
DA:177,0
DA:178,0
DA:180,0
DA:182,0
DA:186,0
DA:187,0
DA:193,0
DA:204,0
DA:208,0
DA:213,0
DA:218,0
DA:222,0
DA:227,0
DA:232,0
DA:237,0
DA:238,0
DA:243,0
DA:244,0
DA:250,0
DA:251,0
DA:256,0
DA:260,0
DA:265,0
DA:269,0
DA:270,0
DA:272,0
DA:274,0
DA:277,0
DA:282,0
DA:283,0
LF:100
LH:0
BRDA:37,0,0,0
BRDA:37,0,1,0
BRDA:52,1,0,0
BRDA:52,1,1,0
BRDA:68,2,0,0
BRDA:68,2,1,0
BRDA:69,3,0,0
BRDA:69,3,1,0
BRDA:94,4,0,0
BRDA:94,4,1,0
BRDA:119,5,0,0
BRDA:119,5,1,0
BRDA:130,6,0,0
BRDA:130,6,1,0
BRDA:138,7,0,0
BRDA:138,7,1,0
BRDA:147,8,0,0
BRDA:147,8,1,0
BRDA:168,9,0,0
BRDA:168,9,1,0
BRDA:177,10,0,0
BRDA:177,10,1,0
BRDA:236,11,0,0
BRDA:237,12,0,0
BRDA:237,12,1,0
BRDA:269,13,0,0
BRDA:269,13,1,0
BRDA:282,14,0,0
BRDA:282,14,1,0
BRF:29
BRH:0
end_of_record
TN:
SF:public\js\components\generation\generation-ui.js
FN:4,(anonymous_0)
FN:8,(anonymous_1)
FN:65,(anonymous_2)
FN:72,(anonymous_3)
FN:85,(anonymous_4)
FN:96,(anonymous_5)
FN:104,(anonymous_6)
FN:106,(anonymous_7)
FN:114,(anonymous_8)
FN:119,(anonymous_9)
FN:125,(anonymous_10)
FN:129,(anonymous_11)
FN:134,(anonymous_12)
FN:138,(anonymous_13)
FN:142,(anonymous_14)
FN:146,(anonymous_15)
FN:150,(anonymous_16)
FN:154,(anonymous_17)
FN:158,(anonymous_18)
FN:162,(anonymous_19)
FN:166,(anonymous_20)
FN:170,(anonymous_21)
FN:175,(anonymous_22)
FN:186,(anonymous_23)
FN:192,(anonymous_24)
FN:199,(anonymous_25)
FNF:26
FNH:0
FNDA:0,(anonymous_0)
FNDA:0,(anonymous_1)
FNDA:0,(anonymous_2)
FNDA:0,(anonymous_3)
FNDA:0,(anonymous_4)
FNDA:0,(anonymous_5)
FNDA:0,(anonymous_6)
FNDA:0,(anonymous_7)
FNDA:0,(anonymous_8)
FNDA:0,(anonymous_9)
FNDA:0,(anonymous_10)
FNDA:0,(anonymous_11)
FNDA:0,(anonymous_12)
FNDA:0,(anonymous_13)
FNDA:0,(anonymous_14)
FNDA:0,(anonymous_15)
FNDA:0,(anonymous_16)
FNDA:0,(anonymous_17)
FNDA:0,(anonymous_18)
FNDA:0,(anonymous_19)
FNDA:0,(anonymous_20)
FNDA:0,(anonymous_21)
FNDA:0,(anonymous_22)
FNDA:0,(anonymous_23)
FNDA:0,(anonymous_24)
FNDA:0,(anonymous_25)
DA:5,0
DA:10,0
DA:11,0
DA:13,0
DA:14,0
DA:60,0
DA:66,0
DA:67,0
DA:68,0
DA:73,0
DA:74,0
DA:75,0
DA:76,0
DA:78,0
DA:79,0
DA:87,0
DA:88,0
DA:91,0
DA:97,0
DA:99,0
DA:100,0
DA:101,0
DA:104,0
DA:105,0
DA:106,0
DA:107,0
DA:108,0
DA:115,0
DA:116,0
DA:120,0
DA:122,0
DA:126,0
DA:130,0
DA:135,0
DA:139,0
DA:143,0
DA:147,0
DA:151,0
DA:155,0
DA:159,0
DA:163,0
DA:167,0
DA:171,0
DA:176,0
DA:177,0
DA:178,0
DA:180,0
DA:187,0
DA:189,0
DA:193,0
DA:195,0
DA:200,0
DA:201,0
DA:203,0
DA:204,0
DA:205,0
DA:206,0
DA:210,0
DA:211,0
DA:218,0
DA:219,0
LF:61
LH:0
BRDA:10,0,0,0
BRDA:10,0,1,0
BRDA:66,1,0,0
BRDA:66,1,1,0
BRDA:73,2,0,0
BRDA:73,2,1,0
BRDA:74,3,0,0
BRDA:74,3,1,0
BRDA:85,4,0,0
BRDA:87,5,0,0
BRDA:87,5,1,0
BRDA:96,6,0,0
BRDA:107,7,0,0
BRDA:107,7,1,0
BRDA:176,8,0,0
BRDA:176,8,1,0
BRDA:177,9,0,0
BRDA:177,9,1,0
BRDA:203,10,0,0
BRDA:203,10,1,0
BRDA:203,11,0,0
BRDA:203,11,1,0
BRDA:205,12,0,0
BRDA:205,12,1,0
BRDA:210,13,0,0
BRDA:210,13,1,0
BRDA:210,14,0,0
BRDA:210,14,1,0
BRDA:218,15,0,0
BRDA:218,15,1,0
BRF:30
BRH:0
end_of_record
TN:
SF:public\js\components\image\image-data.js
FN:3,(anonymous_0)
FN:9,(anonymous_1)
FN:13,(anonymous_2)
FN:17,(anonymous_3)
FN:22,(anonymous_4)
FN:40,(anonymous_5)
FN:58,(anonymous_6)
FN:70,(anonymous_7)
FN:78,(anonymous_8)
FN:91,(anonymous_9)
FN:99,(anonymous_10)
FN:103,(anonymous_11)
FN:109,(anonymous_12)
FN:120,(anonymous_13)
FN:137,(anonymous_14)
FN:141,(anonymous_15)
FN:144,(anonymous_16)
FN:147,(anonymous_17)
FN:160,(anonymous_18)
FN:174,(anonymous_19)
FN:178,(anonymous_20)
FN:189,(anonymous_21)
FN:200,(anonymous_22)
FN:205,(anonymous_23)
FN:209,(anonymous_24)
FN:214,(anonymous_25)
FN:222,(anonymous_26)
FN:235,(anonymous_27)
FN:239,(anonymous_28)
FN:246,(anonymous_29)
FN:250,(anonymous_30)
FNF:31
FNH:0
FNDA:0,(anonymous_0)
FNDA:0,(anonymous_1)
FNDA:0,(anonymous_2)
FNDA:0,(anonymous_3)
FNDA:0,(anonymous_4)
FNDA:0,(anonymous_5)
FNDA:0,(anonymous_6)
FNDA:0,(anonymous_7)
FNDA:0,(anonymous_8)
FNDA:0,(anonymous_9)
FNDA:0,(anonymous_10)
FNDA:0,(anonymous_11)
FNDA:0,(anonymous_12)
FNDA:0,(anonymous_13)
FNDA:0,(anonymous_14)
FNDA:0,(anonymous_15)
FNDA:0,(anonymous_16)
FNDA:0,(anonymous_17)
FNDA:0,(anonymous_18)
FNDA:0,(anonymous_19)
FNDA:0,(anonymous_20)
FNDA:0,(anonymous_21)
FNDA:0,(anonymous_22)
FNDA:0,(anonymous_23)
FNDA:0,(anonymous_24)
FNDA:0,(anonymous_25)
FNDA:0,(anonymous_26)
FNDA:0,(anonymous_27)
FNDA:0,(anonymous_28)
FNDA:0,(anonymous_29)
FNDA:0,(anonymous_30)
DA:4,0
DA:5,0
DA:10,0
DA:14,0
DA:18,0
DA:23,0
DA:24,0
DA:27,0
DA:41,0
DA:42,0
DA:45,0
DA:59,0
DA:60,0
DA:63,0
DA:65,0
DA:67,0
DA:71,0
DA:72,0
DA:75,0
DA:79,0
DA:81,0
DA:82,0
DA:85,0
DA:86,0
DA:88,0
DA:92,0
DA:93,0
DA:96,0
DA:100,0
DA:104,0
DA:105,0
DA:110,0
DA:112,0
DA:113,0
DA:117,0
DA:118,0
DA:120,0
DA:121,0
DA:123,0
DA:125,0
DA:127,0
DA:128,0
DA:130,0
DA:134,0
DA:138,0
DA:142,0
DA:144,0
DA:148,0
DA:149,0
DA:151,0
DA:152,0
DA:155,0
DA:157,0
DA:161,0
DA:162,0
DA:164,0
DA:165,0
DA:168,0
DA:170,0
DA:175,0
DA:179,0
DA:180,0
DA:182,0
DA:183,0
DA:186,0
DA:190,0
DA:191,0
DA:194,0
DA:201,0
DA:206,0
DA:210,0
DA:215,0
DA:223,0
DA:224,0
DA:227,0
DA:228,0
DA:229,0
DA:231,0
DA:236,0
DA:237,0
DA:239,0
DA:245,0
DA:246,0
DA:248,0
DA:250,0
DA:251,0
DA:253,0
DA:254,0
DA:258,0
DA:263,0
DA:264,0
LF:91
LH:0
BRDA:10,0,0,0
BRDA:10,0,1,0
BRDA:14,1,0,0
BRDA:14,1,1,0
BRDA:14,1,2,0
BRDA:18,2,0,0
BRDA:18,2,1,0
BRDA:18,2,2,0
BRDA:23,3,0,0
BRDA:23,3,1,0
BRDA:28,4,0,0
BRDA:28,4,1,0
BRDA:29,5,0,0
BRDA:29,5,1,0
BRDA:29,5,2,0
BRDA:29,5,3,0
BRDA:30,6,0,0
BRDA:30,6,1,0
BRDA:30,6,2,0
BRDA:31,7,0,0
BRDA:31,7,1,0
BRDA:32,8,0,0
BRDA:32,8,1,0
BRDA:32,8,2,0
BRDA:33,9,0,0
BRDA:33,9,1,0
BRDA:33,9,2,0
BRDA:34,10,0,0
BRDA:34,10,1,0
BRDA:35,11,0,0
BRDA:35,11,1,0
BRDA:36,12,0,0
BRDA:36,12,1,0
BRDA:41,13,0,0
BRDA:41,13,1,0
BRDA:46,14,0,0
BRDA:46,14,1,0
BRDA:46,14,2,0
BRDA:48,15,0,0
BRDA:48,15,1,0
BRDA:48,15,2,0
BRDA:49,16,0,0
BRDA:49,16,1,0
BRDA:49,16,2,0
BRDA:50,17,0,0
BRDA:50,17,1,0
BRDA:51,18,0,0
BRDA:51,18,1,0
BRDA:52,19,0,0
BRDA:52,19,1,0
BRDA:53,20,0,0
BRDA:53,20,1,0
BRDA:59,21,0,0
BRDA:59,21,1,0
BRDA:71,22,0,0
BRDA:71,22,1,0
BRDA:81,23,0,0
BRDA:81,23,1,0
BRDA:92,24,0,0
BRDA:92,24,1,0
BRDA:110,25,0,0
BRDA:110,25,1,0
BRDA:112,26,0,0
BRDA:112,26,1,0
BRDA:123,27,0,0
BRDA:123,27,1,0
BRDA:127,28,0,0
BRDA:127,28,1,0
BRDA:141,29,0,0
BRDA:142,30,0,0
BRDA:142,30,1,0
BRDA:147,31,0,0
BRDA:148,32,0,0
BRDA:148,32,1,0
BRDA:151,33,0,0
BRDA:151,33,1,0
BRDA:151,34,0,0
BRDA:151,34,1,0
BRDA:160,35,0,0
BRDA:161,36,0,0
BRDA:161,36,1,0
BRDA:164,37,0,0
BRDA:164,37,1,0
BRDA:164,38,0,0
BRDA:164,38,1,0
BRDA:168,39,0,0
BRDA:168,39,1,0
BRDA:178,40,0,0
BRDA:179,41,0,0
BRDA:179,41,1,0
BRDA:182,42,0,0
BRDA:182,42,1,0
BRDA:190,43,0,0
BRDA:190,43,1,0
BRDA:223,44,0,0
BRDA:223,44,1,0
BRDA:223,45,0,0
BRDA:223,45,1,0
BRDA:229,46,0,0
BRDA:229,46,1,0
BRDA:245,47,0,0
BRDA:245,47,1,0
BRDA:246,48,0,0
BRDA:246,48,1,0
BRDA:251,49,0,0
BRDA:251,49,1,0
BRDA:253,50,0,0
BRDA:253,50,1,0
BRDA:254,51,0,0
BRDA:254,51,1,0
BRDA:263,52,0,0
BRDA:263,52,1,0
BRF:112
BRH:0
end_of_record
TN:
SF:public\js\components\image\image-events.js
FN:4,(anonymous_0)
FN:10,(anonymous_1)
FN:14,(anonymous_2)
FN:23,(anonymous_3)
FN:44,(anonymous_4)
FN:55,(anonymous_5)
FN:60,(anonymous_6)
FN:61,(anonymous_7)
FN:92,(anonymous_8)
FN:93,(anonymous_9)
FN:107,(anonymous_10)
FN:111,(anonymous_11)
FN:115,(anonymous_12)
FN:123,(anonymous_13)
FN:131,(anonymous_14)
FN:132,(anonymous_15)
FN:137,(anonymous_16)
FN:144,(anonymous_17)
FN:150,(anonymous_18)
FN:151,(anonymous_19)
FN:152,(anonymous_20)
FN:153,(anonymous_21)
FN:161,(anonymous_22)
FN:173,(anonymous_23)
FN:185,(anonymous_24)
FNF:25
FNH:0
FNDA:0,(anonymous_0)
FNDA:0,(anonymous_1)
FNDA:0,(anonymous_2)
FNDA:0,(anonymous_3)
FNDA:0,(anonymous_4)
FNDA:0,(anonymous_5)
FNDA:0,(anonymous_6)
FNDA:0,(anonymous_7)
FNDA:0,(anonymous_8)
FNDA:0,(anonymous_9)
FNDA:0,(anonymous_10)
FNDA:0,(anonymous_11)
FNDA:0,(anonymous_12)
FNDA:0,(anonymous_13)
FNDA:0,(anonymous_14)
FNDA:0,(anonymous_15)
FNDA:0,(anonymous_16)
FNDA:0,(anonymous_17)
FNDA:0,(anonymous_18)
FNDA:0,(anonymous_19)
FNDA:0,(anonymous_20)
FNDA:0,(anonymous_21)
FNDA:0,(anonymous_22)
FNDA:0,(anonymous_23)
FNDA:0,(anonymous_24)
DA:5,0
DA:6,0
DA:7,0
DA:11,0
DA:13,0
DA:14,0
DA:15,0
DA:19,0
DA:24,0
DA:26,0
DA:27,0
DA:30,0
DA:32,0
DA:33,0
DA:36,0
DA:37,0
DA:39,0
DA:41,0
DA:45,0
DA:56,0
DA:57,0
DA:61,0
DA:62,0
DA:64,0
DA:65,0
DA:66,0
DA:69,0
DA:70,0
DA:72,0
DA:73,0
DA:80,0
DA:82,0
DA:83,0
DA:88,0
DA:89,0
DA:93,0
DA:94,0
DA:95,0
DA:96,0
DA:100,0
DA:101,0
DA:104,0
DA:108,0
DA:109,0
DA:111,0
DA:112,0
DA:113,0
DA:114,0
DA:115,0
DA:116,0
DA:117,0
DA:119,0
DA:121,0
DA:122,0
DA:123,0
DA:124,0
DA:126,0
DA:132,0
DA:133,0
DA:134,0
DA:135,0
DA:137,0
DA:138,0
DA:139,0
DA:140,0
DA:145,0
DA:146,0
DA:147,0
DA:148,0
DA:150,0
DA:151,0
DA:152,0
DA:153,0
DA:155,0
DA:156,0
DA:157,0
DA:158,0
DA:162,0
DA:164,0
DA:165,0
DA:166,0
DA:167,0
DA:168,0
DA:170,0
DA:174,0
DA:175,0
DA:176,0
DA:179,0
DA:180,0
DA:181,0
DA:187,0
DA:192,0
DA:193,0
LF:93
LH:0
BRDA:11,0,0,0
BRDA:11,0,1,0
BRDA:13,1,0,0
BRDA:13,1,1,0
BRDA:26,2,0,0
BRDA:26,2,1,0
BRDA:32,3,0,0
BRDA:32,3,1,0
BRDA:45,4,0,0
BRDA:45,4,1,0
BRDA:45,4,2,0
BRDA:45,4,3,0
BRDA:45,4,4,0
BRDA:45,4,5,0
BRDA:62,5,0,0
BRDA:62,5,1,0
BRDA:62,5,2,0
BRDA:62,5,3,0
BRDA:62,5,4,0
BRDA:62,5,5,0
BRDA:62,5,6,0
BRDA:62,5,7,0
BRDA:62,5,8,0
BRDA:94,6,0,0
BRDA:94,6,1,0
BRDA:100,7,0,0
BRDA:100,7,1,0
BRDA:100,8,0,0
BRDA:100,8,1,0
BRDA:113,9,0,0
BRDA:113,9,1,0
BRDA:167,10,0,0
BRDA:167,10,1,0
BRDA:174,11,0,0
BRDA:174,11,1,0
BRDA:179,12,0,0
BRDA:179,12,1,0
BRDA:179,13,0,0
BRDA:179,13,1,0
BRDA:192,14,0,0
BRDA:192,14,1,0
BRF:41
BRH:0
end_of_record
TN:
SF:public\js\components\image\image-manager.js
FN:4,(anonymous_0)
FN:13,(anonymous_1)
FN:22,(anonymous_2)
FN:36,(anonymous_3)
FN:40,(anonymous_4)
FN:50,(anonymous_5)
FN:55,(anonymous_6)
FN:73,(anonymous_7)
FN:80,(anonymous_8)
FN:92,(anonymous_9)
FN:133,(anonymous_10)
FN:147,(anonymous_11)
FN:171,(anonymous_12)
FN:184,(anonymous_13)
FN:210,(anonymous_14)
FN:260,(anonymous_15)
FN:271,(anonymous_16)
FN:275,(anonymous_17)
FN:279,(anonymous_18)
FN:288,(anonymous_19)
FN:293,(anonymous_20)
FN:300,(anonymous_21)
FN:303,(anonymous_22)
FN:316,(anonymous_23)
FN:322,(anonymous_24)
FN:327,(anonymous_25)
FN:331,(anonymous_26)
FN:336,(anonymous_27)
FN:340,(anonymous_28)
FN:344,(anonymous_29)
FNF:30
FNH:0
FNDA:0,(anonymous_0)
FNDA:0,(anonymous_1)
FNDA:0,(anonymous_2)
FNDA:0,(anonymous_3)
FNDA:0,(anonymous_4)
FNDA:0,(anonymous_5)
FNDA:0,(anonymous_6)
FNDA:0,(anonymous_7)
FNDA:0,(anonymous_8)
FNDA:0,(anonymous_9)
FNDA:0,(anonymous_10)
FNDA:0,(anonymous_11)
FNDA:0,(anonymous_12)
FNDA:0,(anonymous_13)
FNDA:0,(anonymous_14)
FNDA:0,(anonymous_15)
FNDA:0,(anonymous_16)
FNDA:0,(anonymous_17)
FNDA:0,(anonymous_18)
FNDA:0,(anonymous_19)
FNDA:0,(anonymous_20)
FNDA:0,(anonymous_21)
FNDA:0,(anonymous_22)
FNDA:0,(anonymous_23)
FNDA:0,(anonymous_24)
FNDA:0,(anonymous_25)
FNDA:0,(anonymous_26)
FNDA:0,(anonymous_27)
FNDA:0,(anonymous_28)
FNDA:0,(anonymous_29)
DA:5,0
DA:6,0
DA:7,0
DA:8,0
DA:9,0
DA:10,0
DA:15,0
DA:16,0
DA:17,0
DA:23,0
DA:24,0
DA:26,0
DA:29,0
DA:30,0
DA:31,0
DA:37,0
DA:41,0
DA:42,0
DA:44,0
DA:45,0
DA:46,0
DA:51,0
DA:56,0
DA:57,0
DA:60,0
DA:62,0
DA:65,0
DA:70,0
DA:74,0
DA:75,0
DA:78,0
DA:80,0
DA:81,0
DA:83,0
DA:84,0
DA:88,0
DA:94,0
DA:95,0
DA:98,0
DA:99,0
DA:101,0
DA:102,0
DA:103,0
DA:106,0
DA:109,0
DA:112,0
DA:113,0
DA:114,0
DA:117,0
DA:120,0
DA:121,0
DA:123,0
DA:124,0
DA:127,0
DA:130,0
DA:134,0
DA:135,0
DA:136,0
DA:139,0
DA:142,0
DA:149,0
DA:151,0
DA:153,0
DA:156,0
DA:158,0
DA:160,0
DA:161,0
DA:162,0
DA:165,0
DA:166,0
DA:172,0
DA:174,0
DA:175,0
DA:176,0
DA:178,0
DA:181,0
DA:185,0
DA:186,0
DA:189,0
DA:191,0
DA:192,0
DA:195,0
DA:196,0
DA:197,0
DA:199,0
DA:200,0
DA:204,0
DA:207,0
DA:211,0
DA:212,0
DA:214,0
DA:217,0
DA:220,0
DA:221,0
DA:223,0
DA:227,0
DA:230,0
DA:232,0
DA:233,0
DA:237,0
DA:239,0
DA:240,0
DA:242,0
DA:243,0
DA:248,0
DA:251,0
DA:254,0
DA:255,0
DA:261,0
DA:263,0
DA:264,0
DA:265,0
DA:266,0
DA:267,0
DA:272,0
DA:276,0
DA:280,0
DA:281,0
DA:283,0
DA:284,0
DA:289,0
DA:294,0
DA:296,0
DA:301,0
DA:303,0
DA:304,0
DA:305,0
DA:307,0
DA:308,0
DA:317,0
DA:323,0
DA:328,0
DA:332,0
DA:337,0
DA:341,0
DA:345,0
DA:350,0
DA:351,0
LF:138
LH:0
BRDA:23,0,0,0
BRDA:23,0,1,0
BRDA:23,1,0,0
BRDA:23,1,1,0
BRDA:29,2,0,0
BRDA:29,2,1,0
BRDA:44,3,0,0
BRDA:44,3,1,0
BRDA:44,4,0,0
BRDA:44,4,1,0
BRDA:56,5,0,0
BRDA:56,5,1,0
BRDA:74,6,0,0
BRDA:74,6,1,0
BRDA:83,7,0,0
BRDA:83,7,1,0
BRDA:94,8,0,0
BRDA:94,8,1,0
BRDA:134,9,0,0
BRDA:134,9,1,0
BRDA:151,10,0,0
BRDA:151,10,1,0
BRDA:158,11,0,0
BRDA:158,11,1,0
BRDA:161,12,0,0
BRDA:161,12,1,0
BRDA:165,13,0,0
BRDA:165,13,1,0
BRDA:174,14,0,0
BRDA:174,14,1,0
BRDA:174,15,0,0
BRDA:174,15,1,0
BRDA:185,16,0,0
BRDA:185,16,1,0
BRDA:191,17,0,0
BRDA:191,17,1,0
BRDA:195,18,0,0
BRDA:195,18,1,0
BRDA:199,19,0,0
BRDA:199,19,1,0
BRDA:211,20,0,0
BRDA:211,20,1,0
BRDA:211,21,0,0
BRDA:211,21,1,0
BRDA:220,22,0,0
BRDA:220,22,1,0
BRDA:220,23,0,0
BRDA:220,23,1,0
BRDA:232,24,0,0
BRDA:232,24,1,0
BRDA:233,25,0,0
BRDA:233,25,1,0
BRDA:239,26,0,0
BRDA:239,26,1,0
BRDA:242,27,0,0
BRDA:242,27,1,0
BRDA:242,28,0,0
BRDA:242,28,1,0
BRDA:243,29,0,0
BRDA:243,29,1,0
BRDA:264,30,0,0
BRDA:264,30,1,0
BRDA:283,31,0,0
BRDA:283,31,1,0
BRDA:294,32,0,0
BRDA:294,32,1,0
BRDA:294,33,0,0
BRDA:294,33,1,0
BRDA:301,34,0,0
BRDA:301,34,1,0
BRDA:304,35,0,0
BRDA:304,35,1,0
BRDA:307,36,0,0
BRDA:307,36,1,0
BRDA:350,37,0,0
BRDA:350,37,1,0
BRF:76
BRH:0
end_of_record
TN:
SF:public\js\components\image\image-ui.js
FN:4,(anonymous_0)
FN:8,(anonymous_1)
FN:23,(anonymous_2)
FN:38,(anonymous_3)
FN:70,(anonymous_4)
FN:75,(anonymous_5)
FN:81,(anonymous_6)
FN:86,(anonymous_7)
FN:93,(anonymous_8)
FN:130,(anonymous_9)
FN:179,(anonymous_10)
FN:196,(anonymous_11)
FN:215,(anonymous_12)
FN:250,(anonymous_13)
FN:287,(anonymous_14)
FN:300,(anonymous_15)
FN:326,(anonymous_16)
FN:346,(anonymous_17)
FN:363,(anonymous_18)
FN:379,(anonymous_19)
FN:404,(anonymous_20)
FN:431,(anonymous_21)
FN:442,(anonymous_22)
FN:460,(anonymous_23)
FN:468,(anonymous_24)
FN:479,(anonymous_25)
FNF:26
FNH:0
FNDA:0,(anonymous_0)
FNDA:0,(anonymous_1)
FNDA:0,(anonymous_2)
FNDA:0,(anonymous_3)
FNDA:0,(anonymous_4)
FNDA:0,(anonymous_5)
FNDA:0,(anonymous_6)
FNDA:0,(anonymous_7)
FNDA:0,(anonymous_8)
FNDA:0,(anonymous_9)
FNDA:0,(anonymous_10)
FNDA:0,(anonymous_11)
FNDA:0,(anonymous_12)
FNDA:0,(anonymous_13)
FNDA:0,(anonymous_14)
FNDA:0,(anonymous_15)
FNDA:0,(anonymous_16)
FNDA:0,(anonymous_17)
FNDA:0,(anonymous_18)
FNDA:0,(anonymous_19)
FNDA:0,(anonymous_20)
FNDA:0,(anonymous_21)
FNDA:0,(anonymous_22)
FNDA:0,(anonymous_23)
FNDA:0,(anonymous_24)
FNDA:0,(anonymous_25)
DA:5,0
DA:9,0
DA:24,0
DA:25,0
DA:28,0
DA:30,0
DA:31,0
DA:34,0
DA:39,0
DA:42,0
DA:44,0
DA:46,0
DA:48,0
DA:49,0
DA:50,0
DA:51,0
DA:52,0
DA:53,0
DA:54,0
DA:57,0
DA:58,0
DA:59,0
DA:60,0
DA:61,0
DA:62,0
DA:65,0
DA:67,0
DA:72,0
DA:75,0
DA:76,0
DA:77,0
DA:81,0
DA:82,0
DA:86,0
DA:87,0
DA:88,0
DA:95,0
DA:96,0
DA:97,0
DA:100,0
DA:118,0
DA:119,0
DA:120,0
DA:124,0
DA:127,0
DA:131,0
DA:133,0
DA:134,0
DA:137,0
DA:139,0
DA:140,0
DA:176,0
DA:180,0
DA:181,0
DA:183,0
DA:186,0
DA:187,0
DA:189,0
DA:190,0
DA:193,0
DA:197,0
DA:199,0
DA:212,0
DA:216,0
DA:218,0
DA:228,0
DA:230,0
DA:231,0
DA:232,0
DA:240,0
DA:241,0
DA:242,0
DA:243,0
DA:244,0
DA:245,0
DA:247,0
DA:251,0
DA:253,0
DA:254,0
DA:259,0
DA:261,0
DA:262,0
DA:281,0
DA:282,0
DA:284,0
DA:288,0
DA:289,0
DA:291,0
DA:293,0
DA:294,0
DA:297,0
DA:301,0
DA:302,0
DA:305,0
DA:306,0
DA:308,0
DA:309,0
DA:311,0
DA:314,0
DA:323,0
DA:327,0
DA:328,0
DA:331,0
DA:333,0
DA:334,0
DA:343,0
DA:347,0
DA:349,0
DA:360,0
DA:364,0
DA:366,0
DA:367,0
DA:376,0
DA:380,0
DA:382,0
DA:383,0
DA:399,0
DA:401,0
DA:405,0
DA:407,0
DA:408,0
DA:409,0
DA:428,0
DA:432,0
DA:434,0
DA:439,0
DA:443,0
DA:445,0
DA:446,0
DA:459,0
DA:460,0
DA:461,0
DA:462,0
DA:469,0
DA:470,0
DA:472,0
DA:473,0
DA:476,0
DA:481,0
DA:488,0
DA:489,0
LF:141
LH:0
BRDA:23,0,0,0
BRDA:24,1,0,0
BRDA:24,1,1,0
BRDA:24,2,0,0
BRDA:24,2,1,0
BRDA:24,2,2,0
BRDA:30,3,0,0
BRDA:30,3,1,0
BRDA:42,4,0,0
BRDA:42,4,1,0
BRDA:42,5,0,0
BRDA:42,5,1,0
BRDA:42,5,2,0
BRDA:48,6,0,0
BRDA:48,6,1,0
BRDA:50,7,0,0
BRDA:50,7,1,0
BRDA:51,8,0,0
BRDA:51,8,1,0
BRDA:52,9,0,0
BRDA:52,9,1,0
BRDA:53,10,0,0
BRDA:53,10,1,0
BRDA:54,11,0,0
BRDA:54,11,1,0
BRDA:87,12,0,0
BRDA:87,12,1,0
BRDA:87,13,0,0
BRDA:87,13,1,0
BRDA:119,14,0,0
BRDA:119,14,1,0
BRDA:119,14,2,0
BRDA:120,15,0,0
BRDA:120,15,1,0
BRDA:122,16,0,0
BRDA:122,16,1,0
BRDA:133,17,0,0
BRDA:133,17,1,0
BRDA:186,18,0,0
BRDA:186,18,1,0
BRDA:186,19,0,0
BRDA:186,19,1,0
BRDA:231,20,0,0
BRDA:231,20,1,0
BRDA:241,21,0,0
BRDA:241,21,1,0
BRDA:242,22,0,0
BRDA:242,22,1,0
BRDA:243,23,0,0
BRDA:243,23,1,0
BRDA:244,24,0,0
BRDA:244,24,1,0
BRDA:291,25,0,0
BRDA:291,25,1,0
BRDA:291,25,2,0
BRDA:293,26,0,0
BRDA:293,26,1,0
BRDA:301,27,0,0
BRDA:301,27,1,0
BRDA:306,28,0,0
BRDA:306,28,1,0
BRDA:308,29,0,0
BRDA:308,29,1,0
BRDA:309,30,0,0
BRDA:309,30,1,0
BRDA:311,31,0,0
BRDA:311,31,1,0
BRDA:327,32,0,0
BRDA:327,32,1,0
BRDA:327,33,0,0
BRDA:327,33,1,0
BRDA:385,34,0,0
BRDA:385,34,1,0
BRDA:390,35,0,0
BRDA:390,35,1,0
BRDA:399,36,0,0
BRDA:399,36,1,0
BRDA:461,37,0,0
BRDA:461,37,1,0
BRDA:468,38,0,0
BRDA:469,39,0,0
BRDA:469,39,1,0
BRDA:472,40,0,0
BRDA:472,40,1,0
BRDA:488,41,0,0
BRDA:488,41,1,0
BRF:86
BRH:0
end_of_record
TN:
SF:public\js\core\api-service.js
FN:8,(anonymous_0)
FN:41,(anonymous_1)
FN:63,(anonymous_2)
FN:70,(anonymous_3)
FN:81,(anonymous_4)
FN:89,(anonymous_5)
FN:108,(anonymous_6)
FN:119,(anonymous_7)
FN:127,(anonymous_8)
FN:128,(anonymous_9)
FN:129,(anonymous_10)
FN:141,(anonymous_11)
FN:160,(anonymous_12)
FN:170,(anonymous_13)
FN:195,(anonymous_14)
FN:290,(anonymous_15)
FN:294,(anonymous_16)
FN:298,(anonymous_17)
FN:302,(anonymous_18)
FN:306,(anonymous_19)
FN:316,(anonymous_20)
FN:349,(anonymous_21)
FN:379,(anonymous_22)
FN:390,(anonymous_23)
FN:397,(anonymous_24)
FN:404,(anonymous_25)
FN:419,(anonymous_26)
FN:430,(anonymous_27)
FN:445,(anonymous_28)
FN:454,(anonymous_29)
FN:464,(anonymous_30)
FN:490,(anonymous_31)
FN:503,(anonymous_32)
FN:514,(anonymous_33)
FN:529,(anonymous_34)
FN:540,(anonymous_35)
FNF:36
FNH:19
FNDA:34,(anonymous_0)
FNDA:16,(anonymous_1)
FNDA:18,(anonymous_2)
FNDA:2,(anonymous_3)
FNDA:2,(anonymous_4)
FNDA:16,(anonymous_5)
FNDA:9,(anonymous_6)
FNDA:7,(anonymous_7)
FNDA:13,(anonymous_8)
FNDA:13,(anonymous_9)
FNDA:0,(anonymous_10)
FNDA:13,(anonymous_11)
FNDA:3,(anonymous_12)
FNDA:13,(anonymous_13)
FNDA:13,(anonymous_14)
FNDA:9,(anonymous_15)
FNDA:1,(anonymous_16)
FNDA:1,(anonymous_17)
FNDA:1,(anonymous_18)
FNDA:1,(anonymous_19)
FNDA:0,(anonymous_20)
FNDA:0,(anonymous_21)
FNDA:0,(anonymous_22)
FNDA:0,(anonymous_23)
FNDA:0,(anonymous_24)
FNDA:0,(anonymous_25)
FNDA:0,(anonymous_26)
FNDA:0,(anonymous_27)
FNDA:0,(anonymous_28)
FNDA:0,(anonymous_29)
FNDA:0,(anonymous_30)
FNDA:0,(anonymous_31)
FNDA:0,(anonymous_32)
FNDA:0,(anonymous_33)
FNDA:0,(anonymous_34)
FNDA:0,(anonymous_35)
DA:9,34
DA:10,34
DA:16,34
DA:19,34
DA:26,34
DA:35,34
DA:42,16
DA:45,16
DA:47,16
DA:48,2
DA:50,2
DA:51,2
DA:54,14
DA:57,16
DA:64,18
DA:71,2
DA:72,1
DA:74,1
DA:82,2
DA:83,2
DA:90,16
DA:91,2
DA:93,2
DA:94,1
DA:96,1
DA:99,1
DA:102,14
DA:109,9
DA:110,9
DA:111,9
DA:112,1
DA:120,7
DA:121,7
DA:128,13
DA:129,13
DA:130,0
DA:132,0
DA:133,0
DA:142,13
DA:143,13
DA:145,7
DA:146,0
DA:150,7
DA:155,7
DA:156,4
DA:160,3
DA:163,0
DA:172,13
DA:173,0
DA:176,13
DA:177,13
DA:180,13
DA:181,13
DA:184,13
DA:191,13
DA:192,3
DA:195,13
DA:196,13
DA:203,10
DA:205,10
DA:206,10
DA:208,0
DA:212,9
DA:213,1
DA:216,1
DA:218,1
DA:219,0
DA:221,0
DA:222,0
DA:223,0
DA:225,0
DA:226,0
DA:229,1
DA:233,1
DA:235,1
DA:236,1
DA:239,1
DA:243,8
DA:244,1
DA:246,1
DA:250,7
DA:251,1
DA:260,1
DA:261,1
DA:265,1
DA:266,1
DA:268,1
DA:269,1
DA:270,1
DA:271,1
DA:274,6
DA:277,13
DA:278,13
DA:280,6
DA:282,6
DA:284,4
DA:285,4
DA:291,9
DA:295,1
DA:299,1
DA:303,1
DA:307,1
DA:318,0
DA:319,0
DA:322,0
DA:323,0
DA:326,0
DA:327,0
DA:330,0
DA:331,0
DA:334,0
DA:337,0
DA:339,0
DA:340,0
DA:343,0
DA:350,0
DA:353,0
DA:354,0
DA:357,0
DA:358,0
DA:361,0
DA:362,0
DA:364,0
DA:367,0
DA:369,0
DA:370,0
DA:373,0
DA:380,0
DA:381,0
DA:383,0
DA:391,0
DA:398,0
DA:405,0
DA:406,0
DA:409,0
DA:410,0
DA:413,0
DA:420,0
DA:421,0
DA:424,0
DA:431,0
DA:432,0
DA:435,0
DA:436,0
DA:439,0
DA:446,0
DA:448,0
DA:455,0
DA:465,0
DA:466,0
DA:469,0
DA:470,0
DA:473,0
DA:474,0
DA:477,0
DA:484,0
DA:491,0
DA:497,0
DA:504,0
DA:505,0
DA:508,0
DA:515,0
DA:516,0
DA:519,0
DA:520,0
DA:523,0
DA:530,0
DA:531,0
DA:534,0
DA:541,0
DA:546,2
DA:547,2
DA:548,2
DA:551,2
DA:552,2
DA:553,2
DA:554,2
DA:558,2
DA:559,2
LF:179
LH:98
BRDA:47,0,0,2
BRDA:47,0,1,14
BRDA:50,1,0,2
BRDA:50,1,1,0
BRDA:64,2,0,18
BRDA:64,2,1,16
BRDA:70,3,0,0
BRDA:71,4,0,1
BRDA:71,4,1,1
BRDA:90,5,0,2
BRDA:90,5,1,14
BRDA:93,6,0,1
BRDA:93,6,1,1
BRDA:111,7,0,1
BRDA:111,7,1,8
BRDA:141,8,0,13
BRDA:145,9,0,0
BRDA:145,9,1,7
BRDA:150,10,0,7
BRDA:150,10,1,7
BRDA:150,10,2,6
BRDA:155,11,0,4
BRDA:155,11,1,3
BRDA:170,12,0,0
BRDA:170,13,0,0
BRDA:172,14,0,0
BRDA:172,14,1,13
BRDA:176,15,0,0
BRDA:176,15,1,13
BRDA:180,16,0,13
BRDA:180,16,1,0
BRDA:180,17,0,13
BRDA:180,17,1,13
BRDA:191,18,0,3
BRDA:191,18,1,10
BRDA:191,19,0,13
BRDA:191,19,1,3
BRDA:205,20,0,10
BRDA:205,20,1,0
BRDA:205,21,0,10
BRDA:205,21,1,10
BRDA:212,22,0,1
BRDA:212,22,1,8
BRDA:218,23,0,0
BRDA:218,23,1,1
BRDA:221,24,0,0
BRDA:221,24,1,0
BRDA:221,25,0,0
BRDA:221,25,1,0
BRDA:225,26,0,0
BRDA:225,26,1,0
BRDA:235,27,0,1
BRDA:235,27,1,0
BRDA:243,28,0,1
BRDA:243,28,1,7
BRDA:246,29,0,1
BRDA:246,29,1,0
BRDA:250,30,0,1
BRDA:250,30,1,6
BRDA:260,31,0,1
BRDA:260,31,1,0
BRDA:260,32,0,1
BRDA:260,32,1,1
BRDA:265,33,0,1
BRDA:265,33,1,1
BRDA:265,33,2,0
BRDA:290,34,0,9
BRDA:294,35,0,0
BRDA:294,36,0,1
BRDA:298,37,0,0
BRDA:298,38,0,1
BRDA:302,39,0,1
BRDA:306,40,0,0
BRDA:306,41,0,1
BRDA:318,42,0,0
BRDA:318,42,1,0
BRDA:318,43,0,0
BRDA:318,43,1,0
BRDA:322,44,0,0
BRDA:322,44,1,0
BRDA:326,45,0,0
BRDA:326,45,1,0
BRDA:330,46,0,0
BRDA:330,46,1,0
BRDA:337,47,0,0
BRDA:337,47,1,0
BRDA:339,48,0,0
BRDA:339,48,1,0
BRDA:353,49,0,0
BRDA:353,49,1,0
BRDA:353,50,0,0
BRDA:353,50,1,0
BRDA:357,51,0,0
BRDA:357,51,1,0
BRDA:367,52,0,0
BRDA:367,52,1,0
BRDA:369,53,0,0
BRDA:369,53,1,0
BRDA:405,54,0,0
BRDA:405,54,1,0
BRDA:405,55,0,0
BRDA:405,55,1,0
BRDA:409,56,0,0
BRDA:409,56,1,0
BRDA:420,57,0,0
BRDA:420,57,1,0
BRDA:420,58,0,0
BRDA:420,58,1,0
BRDA:431,59,0,0
BRDA:431,59,1,0
BRDA:431,60,0,0
BRDA:431,60,1,0
BRDA:435,61,0,0
BRDA:435,61,1,0
BRDA:464,62,0,0
BRDA:464,63,0,0
BRDA:465,64,0,0
BRDA:465,64,1,0
BRDA:465,65,0,0
BRDA:465,65,1,0
BRDA:469,66,0,0
BRDA:469,66,1,0
BRDA:469,67,0,0
BRDA:469,67,1,0
BRDA:469,67,2,0
BRDA:473,68,0,0
BRDA:473,68,1,0
BRDA:473,69,0,0
BRDA:473,69,1,0
BRDA:490,70,0,0
BRDA:490,71,0,0
BRDA:490,72,0,0
BRDA:504,73,0,0
BRDA:504,73,1,0
BRDA:515,74,0,0
BRDA:515,74,1,0
BRDA:519,75,0,0
BRDA:519,75,1,0
BRDA:519,76,0,0
BRDA:519,76,1,0
BRDA:519,76,2,0
BRDA:530,77,0,0
BRDA:530,77,1,0
BRDA:551,78,0,2
BRDA:551,78,1,0
BRDA:558,79,0,2
BRDA:558,79,1,0
BRDA:558,80,0,2
BRDA:558,80,1,2
BRF:149
BRH:55
end_of_record
TN:
SF:public\js\core\constants.js
FNF:0
FNH:0
DA:2,0
DA:21,0
DA:32,0
DA:39,0
DA:48,0
DA:85,0
DA:103,0
DA:117,0
DA:137,0
DA:156,0
DA:182,0
DA:215,0
DA:240,0
DA:262,0
DA:263,0
DA:264,0
DA:265,0
DA:266,0
DA:267,0
DA:268,0
DA:269,0
DA:270,0
DA:271,0
DA:272,0
DA:273,0
DA:274,0
DA:275,0
LF:27
LH:0
BRDA:51,0,0,0
BRDA:51,0,1,0
BRDA:262,1,0,0
BRDA:262,1,1,0
BRF:4
BRH:0
end_of_record
TN:
SF:public\js\core\error-handler.js
FN:7,(anonymous_0)
FN:22,(anonymous_1)
FN:42,(anonymous_2)
FN:56,(anonymous_3)
FN:68,(anonymous_4)
FN:88,(anonymous_5)
FN:93,(anonymous_6)
FN:111,(anonymous_7)
FN:117,(anonymous_8)
FNF:9
FNH:0
FNDA:0,(anonymous_0)
FNDA:0,(anonymous_1)
FNDA:0,(anonymous_2)
FNDA:0,(anonymous_3)
FNDA:0,(anonymous_4)
FNDA:0,(anonymous_5)
FNDA:0,(anonymous_6)
FNDA:0,(anonymous_7)
FNDA:0,(anonymous_8)
DA:8,0
DA:16,0
DA:23,0
DA:25,0
DA:26,0
DA:27,0
DA:28,0
DA:29,0
DA:30,0
DA:31,0
DA:32,0
DA:33,0
DA:36,0
DA:37,0
DA:39,0
DA:43,0
DA:46,0
DA:49,0
DA:53,0
DA:58,0
DA:59,0
DA:61,0
DA:64,0
DA:69,0
DA:71,0
DA:72,0
DA:73,0
DA:86,0
DA:88,0
DA:89,0
DA:95,0
DA:97,0
DA:98,0
DA:102,0
DA:104,0
DA:105,0
DA:106,0
DA:107,0
DA:112,0
DA:113,0
DA:118,0
DA:119,0
DA:121,0
DA:122,0
DA:128,0
DA:131,0
DA:132,0
LF:47
LH:0
BRDA:7,0,0,0
BRDA:7,1,0,0
BRDA:9,2,0,0
BRDA:9,2,1,0
BRDA:22,3,0,0
BRDA:25,4,0,0
BRDA:25,4,1,0
BRDA:28,5,0,0
BRDA:28,5,1,0
BRDA:30,6,0,0
BRDA:30,6,1,0
BRDA:32,7,0,0
BRDA:32,7,1,0
BRDA:42,8,0,0
BRDA:49,9,0,0
BRDA:49,9,1,0
BRDA:58,10,0,0
BRDA:58,10,1,0
BRDA:97,11,0,0
BRDA:97,11,1,0
BRDA:104,12,0,0
BRDA:104,12,1,0
BRDA:112,13,0,0
BRDA:112,13,1,0
BRDA:117,14,0,0
BRDA:131,15,0,0
BRDA:131,15,1,0
BRDA:131,16,0,0
BRDA:131,16,1,0
BRF:29
BRH:0
end_of_record
TN:
SF:public\js\core\image-factory.js
FN:7,(anonymous_0)
FN:23,(anonymous_1)
FN:39,(anonymous_2)
FN:59,(anonymous_3)
FN:80,(anonymous_4)
FN:109,(anonymous_5)
FNF:6
FNH:0
FNDA:0,(anonymous_0)
FNDA:0,(anonymous_1)
FNDA:0,(anonymous_2)
FNDA:0,(anonymous_3)
FNDA:0,(anonymous_4)
FNDA:0,(anonymous_5)
DA:9,0
DA:24,0
DA:28,0
DA:30,0
DA:32,0
DA:34,0
DA:35,0
DA:36,0
DA:39,0
DA:40,0
DA:41,0
DA:46,0
DA:54,0
DA:56,0
DA:60,0
DA:62,0
DA:64,0
DA:66,0
DA:69,0
DA:70,0
DA:72,0
DA:73,0
DA:74,0
DA:77,0
DA:81,0
DA:83,0
DA:86,0
DA:98,0
DA:99,0
DA:100,0
DA:102,0
DA:103,0
DA:104,0
DA:106,0
DA:111,0
DA:112,0
DA:115,0
DA:117,0
DA:118,0
DA:119,0
DA:121,0
DA:123,0
DA:127,0
DA:132,0
DA:135,0
DA:136,0
LF:46
LH:0
BRDA:10,0,0,0
BRDA:10,0,1,0
BRDA:10,0,2,0
BRDA:11,1,0,0
BRDA:11,1,1,0
BRDA:11,1,2,0
BRDA:11,1,3,0
BRDA:12,2,0,0
BRDA:12,2,1,0
BRDA:12,2,2,0
BRDA:13,3,0,0
BRDA:13,3,1,0
BRDA:14,4,0,0
BRDA:14,4,1,0
BRDA:14,4,2,0
BRDA:15,5,0,0
BRDA:15,5,1,0
BRDA:15,5,2,0
BRDA:16,6,0,0
BRDA:16,6,1,0
BRDA:17,7,0,0
BRDA:17,7,1,0
BRDA:18,8,0,0
BRDA:18,8,1,0
BRDA:19,9,0,0
BRDA:19,9,1,0
BRDA:23,10,0,0
BRDA:28,11,0,0
BRDA:28,11,1,0
BRDA:28,12,0,0
BRDA:28,12,1,0
BRDA:28,12,2,0
BRDA:40,13,0,0
BRDA:40,13,1,0
BRDA:40,14,0,0
BRDA:40,14,1,0
BRDA:48,15,0,0
BRDA:48,15,1,0
BRDA:54,16,0,0
BRDA:54,16,1,0
BRDA:59,17,0,0
BRDA:69,18,0,0
BRDA:69,18,1,0
BRDA:69,19,0,0
BRDA:69,19,1,0
BRDA:80,20,0,0
BRDA:88,21,0,0
BRDA:88,21,1,0
BRDA:89,22,0,0
BRDA:89,22,1,0
BRDA:99,23,0,0
BRDA:99,23,1,0
BRDA:100,24,0,0
BRDA:100,24,1,0
BRDA:103,25,0,0
BRDA:103,25,1,0
BRDA:111,26,0,0
BRDA:111,26,1,0
BRDA:117,27,0,0
BRDA:117,27,1,0
BRDA:121,28,0,0
BRDA:121,28,1,0
BRDA:121,28,2,0
BRDA:121,29,0,0
BRDA:121,29,1,0
BRDA:135,30,0,0
BRDA:135,30,1,0
BRDA:135,31,0,0
BRDA:135,31,1,0
BRF:69
BRH:0
end_of_record
TN:
SF:public\js\core\notification-service.js
FN:7,(anonymous_0)
FN:14,(anonymous_1)
FN:33,(anonymous_2)
FN:45,(anonymous_3)
FN:56,(anonymous_4)
FN:98,(anonymous_5)
FN:109,(anonymous_6)
FN:120,(anonymous_7)
FN:128,(anonymous_8)
FN:140,(anonymous_9)
FN:141,(anonymous_10)
FN:149,(anonymous_11)
FN:153,(anonymous_12)
FN:157,(anonymous_13)
FN:161,(anonymous_14)
FN:168,(anonymous_15)
FN:184,(anonymous_16)
FN:202,(anonymous_17)
FNF:18
FNH:0
FNDA:0,(anonymous_0)
FNDA:0,(anonymous_1)
FNDA:0,(anonymous_2)
FNDA:0,(anonymous_3)
FNDA:0,(anonymous_4)
FNDA:0,(anonymous_5)
FNDA:0,(anonymous_6)
FNDA:0,(anonymous_7)
FNDA:0,(anonymous_8)
FNDA:0,(anonymous_9)
FNDA:0,(anonymous_10)
FNDA:0,(anonymous_11)
FNDA:0,(anonymous_12)
FNDA:0,(anonymous_13)
FNDA:0,(anonymous_14)
FNDA:0,(anonymous_15)
FNDA:0,(anonymous_16)
FNDA:0,(anonymous_17)
DA:8,0
DA:9,0
DA:10,0
DA:11,0
DA:16,0
DA:17,0
DA:18,0
DA:19,0
DA:20,0
DA:21,0
DA:34,0
DA:36,0
DA:38,0
DA:41,0
DA:44,0
DA:45,0
DA:46,0
DA:50,0
DA:57,0
DA:60,0
DA:63,0
DA:70,0
DA:73,0
DA:80,0
DA:82,0
DA:83,0
DA:86,0
DA:88,0
DA:89,0
DA:90,0
DA:93,0
DA:94,0
DA:96,0
DA:97,0
DA:98,0
DA:99,0
DA:101,0
DA:105,0
DA:106,0
DA:109,0
DA:110,0
DA:111,0
DA:114,0
DA:121,0
DA:123,0
DA:125,0
DA:126,0
DA:128,0
DA:129,0
DA:130,0
DA:132,0
DA:141,0
DA:142,0
DA:150,0
DA:154,0
DA:158,0
DA:162,0
DA:169,0
DA:170,0
DA:172,0
DA:173,0
DA:175,0
DA:178,0
DA:185,0
DA:187,0
DA:188,0
DA:190,0
DA:191,0
DA:195,0
DA:197,0
DA:198,0
DA:202,0
DA:203,0
DA:210,0
DA:213,0
DA:214,0
DA:215,0
DA:219,0
DA:220,0
LF:79
LH:0
BRDA:17,0,0,0
BRDA:17,0,1,0
BRDA:33,1,0,0
BRDA:33,2,0,0
BRDA:33,3,0,0
BRDA:44,4,0,0
BRDA:44,4,1,0
BRDA:70,5,0,0
BRDA:70,5,1,0
BRDA:82,6,0,0
BRDA:82,6,1,0
BRDA:93,7,0,0
BRDA:93,7,1,0
BRDA:123,8,0,0
BRDA:123,8,1,0
BRDA:129,9,0,0
BRDA:129,9,1,0
BRDA:149,10,0,0
BRDA:153,11,0,0
BRDA:157,12,0,0
BRDA:161,13,0,0
BRDA:168,14,0,0
BRDA:172,15,0,0
BRDA:172,15,1,0
BRDA:184,16,0,0
BRDA:187,17,0,0
BRDA:187,17,1,0
BRDA:190,18,0,0
BRDA:190,18,1,0
BRDA:197,19,0,0
BRDA:197,19,1,0
BRDA:198,20,0,0
BRDA:198,20,1,0
BRDA:213,21,0,0
BRDA:213,21,1,0
BRDA:219,22,0,0
BRDA:219,22,1,0
BRDA:219,23,0,0
BRDA:219,23,1,0
BRF:39
BRH:0
end_of_record
TN:
SF:public\js\core\user-system.js
FN:8,(anonymous_0)
FN:29,(anonymous_1)
FN:54,(anonymous_2)
FN:59,(anonymous_3)
FN:73,(anonymous_4)
FN:87,(anonymous_5)
FN:152,(anonymous_6)
FN:180,(anonymous_7)
FN:201,(anonymous_8)
FN:205,(anonymous_9)
FN:209,(anonymous_10)
FN:213,(anonymous_11)
FN:217,(anonymous_12)
FN:233,(anonymous_13)
FN:256,(anonymous_14)
FN:262,(anonymous_15)
FN:275,(anonymous_16)
FN:294,(anonymous_17)
FN:321,(anonymous_18)
FN:339,(anonymous_19)
FN:350,(anonymous_20)
FN:386,(anonymous_21)
FN:401,(anonymous_22)
FN:430,(anonymous_23)
FN:454,(anonymous_24)
FN:476,(anonymous_25)
FN:478,(anonymous_26)
FN:486,(anonymous_27)
FN:498,(anonymous_28)
FN:513,(anonymous_29)
FN:532,(anonymous_30)
FN:536,(anonymous_31)
FN:540,(anonymous_32)
FN:551,(anonymous_33)
FN:566,(anonymous_34)
FN:575,(anonymous_35)
FN:583,(anonymous_36)
FN:588,(anonymous_37)
FN:592,(anonymous_38)
FN:593,(anonymous_39)
FN:602,(anonymous_40)
FN:609,(anonymous_41)
FN:622,(anonymous_42)
FN:626,(anonymous_43)
FN:642,(anonymous_44)
FN:646,(anonymous_45)
FN:650,(anonymous_46)
FNF:47
FNH:0
FNDA:0,(anonymous_0)
FNDA:0,(anonymous_1)
FNDA:0,(anonymous_2)
FNDA:0,(anonymous_3)
FNDA:0,(anonymous_4)
FNDA:0,(anonymous_5)
FNDA:0,(anonymous_6)
FNDA:0,(anonymous_7)
FNDA:0,(anonymous_8)
FNDA:0,(anonymous_9)
FNDA:0,(anonymous_10)
FNDA:0,(anonymous_11)
FNDA:0,(anonymous_12)
FNDA:0,(anonymous_13)
FNDA:0,(anonymous_14)
FNDA:0,(anonymous_15)
FNDA:0,(anonymous_16)
FNDA:0,(anonymous_17)
FNDA:0,(anonymous_18)
FNDA:0,(anonymous_19)
FNDA:0,(anonymous_20)
FNDA:0,(anonymous_21)
FNDA:0,(anonymous_22)
FNDA:0,(anonymous_23)
FNDA:0,(anonymous_24)
FNDA:0,(anonymous_25)
FNDA:0,(anonymous_26)
FNDA:0,(anonymous_27)
FNDA:0,(anonymous_28)
FNDA:0,(anonymous_29)
FNDA:0,(anonymous_30)
FNDA:0,(anonymous_31)
FNDA:0,(anonymous_32)
FNDA:0,(anonymous_33)
FNDA:0,(anonymous_34)
FNDA:0,(anonymous_35)
FNDA:0,(anonymous_36)
FNDA:0,(anonymous_37)
FNDA:0,(anonymous_38)
FNDA:0,(anonymous_39)
FNDA:0,(anonymous_40)
FNDA:0,(anonymous_41)
FNDA:0,(anonymous_42)
FNDA:0,(anonymous_43)
FNDA:0,(anonymous_44)
FNDA:0,(anonymous_45)
FNDA:0,(anonymous_46)
DA:10,0
DA:11,0
DA:12,0
DA:15,0
DA:18,0
DA:19,0
DA:22,0
DA:30,0
DA:31,0
DA:34,0
DA:36,0
DA:39,0
DA:42,0
DA:45,0
DA:47,0
DA:48,0
DA:50,0
DA:55,0
DA:56,0
DA:58,0
DA:59,0
DA:60,0
DA:63,0
DA:64,0
DA:75,0
DA:76,0
DA:79,0
DA:80,0
DA:82,0
DA:84,0
DA:88,0
DA:90,0
DA:91,0
DA:93,0
DA:95,0
DA:99,0
DA:101,0
DA:103,0
DA:104,0
DA:106,0
DA:108,0
DA:112,0
DA:114,0
DA:116,0
DA:119,0
DA:121,0
DA:122,0
DA:124,0
DA:126,0
DA:128,0
DA:130,0
DA:132,0
DA:135,0
DA:138,0
DA:139,0
DA:140,0
DA:143,0
DA:145,0
DA:153,0
DA:156,0
DA:157,0
DA:159,0
DA:166,0
DA:167,0
DA:169,0
DA:175,0
DA:177,0
DA:181,0
DA:182,0
DA:184,0
DA:187,0
DA:190,0
DA:191,0
DA:194,0
DA:202,0
DA:206,0
DA:210,0
DA:214,0
DA:218,0
DA:219,0
DA:221,0
DA:223,0
DA:226,0
DA:227,0
DA:229,0
DA:230,0
DA:231,0
DA:233,0
DA:234,0
DA:237,0
DA:239,0
DA:243,0
DA:245,0
DA:248,0
DA:249,0
DA:250,0
DA:252,0
DA:257,0
DA:258,0
DA:259,0
DA:261,0
DA:262,0
DA:263,0
DA:266,0
DA:268,0
DA:270,0
DA:271,0
DA:276,0
DA:277,0
DA:280,0
DA:282,0
DA:284,0
DA:287,0
DA:288,0
DA:290,0
DA:291,0
DA:292,0
DA:294,0
DA:295,0
DA:298,0
DA:300,0
DA:304,0
DA:306,0
DA:309,0
DA:310,0
DA:311,0
DA:313,0
DA:322,0
DA:323,0
DA:326,0
DA:327,0
DA:330,0
DA:331,0
DA:334,0
DA:335,0
DA:340,0
DA:341,0
DA:345,0
DA:347,0
DA:351,0
DA:352,0
DA:354,0
DA:355,0
DA:356,0
DA:358,0
DA:359,0
DA:360,0
DA:362,0
DA:363,0
DA:364,0
DA:366,0
DA:367,0
DA:368,0
DA:370,0
DA:371,0
DA:372,0
DA:374,0
DA:388,0
DA:389,0
DA:391,0
DA:395,0
DA:398,0
DA:403,0
DA:404,0
DA:406,0
DA:409,0
DA:411,0
DA:413,0
DA:421,0
DA:423,0
DA:424,0
DA:427,0
DA:432,0
DA:433,0
DA:435,0
DA:438,0
DA:440,0
DA:442,0
DA:445,0
DA:447,0
DA:448,0
DA:451,0
DA:455,0
DA:456,0
DA:459,0
DA:461,0
DA:463,0
DA:464,0
DA:465,0
DA:471,0
DA:472,0
DA:478,0
DA:479,0
DA:480,0
DA:481,0
DA:487,0
DA:488,0
DA:499,0
DA:501,0
DA:502,0
DA:504,0
DA:505,0
DA:506,0
DA:508,0
DA:514,0
DA:516,0
DA:517,0
DA:519,0
DA:520,0
DA:521,0
DA:523,0
DA:533,0
DA:537,0
DA:542,0
DA:543,0
DA:546,0
DA:553,0
DA:555,0
DA:556,0
DA:557,0
DA:558,0
DA:561,0
DA:562,0
DA:563,0
DA:566,0
DA:567,0
DA:576,0
DA:579,0
DA:580,0
DA:583,0
DA:584,0
DA:589,0
DA:593,0
DA:594,0
DA:595,0
DA:597,0
DA:604,0
DA:609,0
DA:610,0
DA:611,0
DA:613,0
DA:623,0
DA:627,0
DA:628,0
DA:630,0
DA:632,0
DA:635,0
DA:643,0
DA:647,0
DA:651,0
DA:656,0
DA:659,0
DA:660,0
DA:661,0
DA:664,0
DA:665,0
DA:666,0
DA:667,0
DA:668,0
DA:672,0
DA:673,0
LF:261
LH:0
BRDA:30,0,0,0
BRDA:30,0,1,0
BRDA:58,1,0,0
BRDA:58,1,1,0
BRDA:63,2,0,0
BRDA:63,2,1,0
BRDA:75,3,0,0
BRDA:75,3,1,0
BRDA:90,4,0,0
BRDA:90,4,1,0
BRDA:103,5,0,0
BRDA:103,5,1,0
BRDA:119,6,0,0
BRDA:119,6,1,0
BRDA:119,6,2,0
BRDA:121,7,0,0
BRDA:121,7,1,0
BRDA:121,8,0,0
BRDA:121,8,1,0
BRDA:138,9,0,0
BRDA:138,9,1,0
BRDA:152,10,0,0
BRDA:156,11,0,0
BRDA:156,11,1,0
BRDA:156,12,0,0
BRDA:156,12,1,0
BRDA:190,13,0,0
BRDA:190,13,1,0
BRDA:194,14,0,0
BRDA:194,14,1,0
BRDA:226,15,0,0
BRDA:226,15,1,0
BRDA:226,16,0,0
BRDA:226,16,1,0
BRDA:227,17,0,0
BRDA:227,17,1,0
BRDA:227,17,2,0
BRDA:229,18,0,0
BRDA:229,18,1,0
BRDA:243,19,0,0
BRDA:243,19,1,0
BRDA:243,19,2,0
BRDA:249,20,0,0
BRDA:249,20,1,0
BRDA:287,21,0,0
BRDA:287,21,1,0
BRDA:287,22,0,0
BRDA:287,22,1,0
BRDA:288,23,0,0
BRDA:288,23,1,0
BRDA:288,23,2,0
BRDA:290,24,0,0
BRDA:290,24,1,0
BRDA:304,25,0,0
BRDA:304,25,1,0
BRDA:304,25,2,0
BRDA:310,26,0,0
BRDA:310,26,1,0
BRDA:322,27,0,0
BRDA:322,27,1,0
BRDA:322,28,0,0
BRDA:322,28,1,0
BRDA:326,29,0,0
BRDA:326,29,1,0
BRDA:330,30,0,0
BRDA:330,30,1,0
BRDA:334,31,0,0
BRDA:334,31,1,0
BRDA:340,32,0,0
BRDA:340,32,1,0
BRDA:340,33,0,0
BRDA:340,33,1,0
BRDA:354,34,0,0
BRDA:354,34,1,0
BRDA:358,35,0,0
BRDA:358,35,1,0
BRDA:362,36,0,0
BRDA:362,36,1,0
BRDA:366,37,0,0
BRDA:366,37,1,0
BRDA:370,38,0,0
BRDA:370,38,1,0
BRDA:376,39,0,0
BRDA:376,39,1,0
BRDA:377,40,0,0
BRDA:377,40,1,0
BRDA:388,41,0,0
BRDA:388,41,1,0
BRDA:395,42,0,0
BRDA:395,42,1,0
BRDA:398,43,0,0
BRDA:398,43,1,0
BRDA:403,44,0,0
BRDA:403,44,1,0
BRDA:423,45,0,0
BRDA:423,45,1,0
BRDA:432,46,0,0
BRDA:432,46,1,0
BRDA:447,47,0,0
BRDA:447,47,1,0
BRDA:455,48,0,0
BRDA:455,48,1,0
BRDA:455,49,0,0
BRDA:455,49,1,0
BRDA:461,50,0,0
BRDA:461,50,1,0
BRDA:479,51,0,0
BRDA:479,51,1,0
BRDA:501,52,0,0
BRDA:501,52,1,0
BRDA:504,53,0,0
BRDA:504,53,1,0
BRDA:506,54,0,0
BRDA:506,54,1,0
BRDA:516,55,0,0
BRDA:516,55,1,0
BRDA:519,56,0,0
BRDA:519,56,1,0
BRDA:521,57,0,0
BRDA:521,57,1,0
BRDA:540,58,0,0
BRDA:542,59,0,0
BRDA:542,59,1,0
BRDA:551,60,0,0
BRDA:555,61,0,0
BRDA:555,61,1,0
BRDA:579,62,0,0
BRDA:579,62,1,0
BRDA:627,63,0,0
BRDA:627,63,1,0
BRDA:651,64,0,0
BRDA:651,64,1,0
BRDA:651,64,2,0
BRDA:659,65,0,0
BRDA:659,65,1,0
BRDA:672,66,0,0
BRDA:672,66,1,0
BRDA:672,67,0,0
BRDA:672,67,1,0
BRF:139
BRH:0
end_of_record
TN:
SF:public\js\core\utils.js
FN:7,(anonymous_0)
FN:19,(anonymous_1)
FN:20,(anonymous_2)
FN:27,(anonymous_3)
FN:31,(anonymous_4)
FN:44,(anonymous_5)
FN:51,(anonymous_6)
FN:61,(anonymous_7)
FN:69,(anonymous_8)
FN:72,debounced
FN:74,(anonymous_10)
FN:81,(anonymous_11)
FN:85,(anonymous_12)
FN:91,(anonymous_13)
FN:100,(anonymous_14)
FN:110,(anonymous_15)
FN:120,(anonymous_16)
FN:130,(anonymous_17)
FN:143,(anonymous_18)
FN:149,(anonymous_19)
FN:153,(anonymous_20)
FN:159,(anonymous_21)
FN:163,(anonymous_22)
FN:170,(anonymous_23)
FN:176,(anonymous_24)
FN:187,(anonymous_25)
FN:203,(anonymous_26)
FN:208,(anonymous_27)
FN:212,(anonymous_28)
FN:215,(anonymous_29)
FN:219,(anonymous_30)
FNF:31
FNH:0
FNDA:0,(anonymous_0)
FNDA:0,(anonymous_1)
FNDA:0,(anonymous_2)
FNDA:0,(anonymous_3)
FNDA:0,(anonymous_4)
FNDA:0,(anonymous_5)
FNDA:0,(anonymous_6)
FNDA:0,(anonymous_7)
FNDA:0,(anonymous_8)
FNDA:0,debounced
FNDA:0,(anonymous_10)
FNDA:0,(anonymous_11)
FNDA:0,(anonymous_12)
FNDA:0,(anonymous_13)
FNDA:0,(anonymous_14)
FNDA:0,(anonymous_15)
FNDA:0,(anonymous_16)
FNDA:0,(anonymous_17)
FNDA:0,(anonymous_18)
FNDA:0,(anonymous_19)
FNDA:0,(anonymous_20)
FNDA:0,(anonymous_21)
FNDA:0,(anonymous_22)
FNDA:0,(anonymous_23)
FNDA:0,(anonymous_24)
FNDA:0,(anonymous_25)
FNDA:0,(anonymous_26)
FNDA:0,(anonymous_27)
FNDA:0,(anonymous_28)
FNDA:0,(anonymous_29)
FNDA:0,(anonymous_30)
DA:2,0
DA:8,0
DA:9,0
DA:11,0
DA:12,0
DA:16,0
DA:20,0
DA:21,0
DA:24,0
DA:28,0
DA:32,0
DA:34,0
DA:35,0
DA:37,0
DA:38,0
DA:41,0
DA:45,0
DA:52,0
DA:54,0
DA:55,0
DA:58,0
DA:62,0
DA:66,0
DA:72,0
DA:73,0
DA:74,0
DA:82,0
DA:87,0
DA:92,0
DA:94,0
DA:101,0
DA:102,0
DA:104,0
DA:106,0
DA:111,0
DA:112,0
DA:114,0
DA:116,0
DA:121,0
DA:122,0
DA:124,0
DA:126,0
DA:131,0
DA:132,0
DA:134,0
DA:136,0
DA:144,0
DA:150,0
DA:154,0
DA:156,0
DA:160,0
DA:164,0
DA:171,0
DA:177,0
DA:178,0
DA:180,0
DA:181,0
DA:184,0
DA:188,0
DA:194,0
DA:204,0
DA:205,0
DA:209,0
DA:214,0
DA:215,0
DA:220,0
DA:221,0
DA:223,0
DA:224,0
DA:226,0
DA:231,0
DA:234,0
DA:235,0
DA:236,0
DA:237,0
LF:75
LH:0
BRDA:8,0,0,0
BRDA:8,0,1,0
BRDA:11,1,0,0
BRDA:11,1,1,0
BRDA:31,2,0,0
BRDA:31,3,0,0
BRDA:34,4,0,0
BRDA:34,4,1,0
BRDA:37,5,0,0
BRDA:37,5,1,0
BRDA:44,6,0,0
BRDA:45,7,0,0
BRDA:45,7,1,0
BRDA:51,8,0,0
BRDA:54,9,0,0
BRDA:54,9,1,0
BRDA:104,10,0,0
BRDA:104,10,1,0
BRDA:144,11,0,0
BRDA:144,11,1,0
BRDA:144,11,2,0
BRDA:144,11,3,0
BRDA:150,12,0,0
BRDA:150,12,1,0
BRDA:150,12,2,0
BRDA:150,12,3,0
BRDA:156,13,0,0
BRDA:156,13,1,0
BRDA:156,13,2,0
BRDA:160,14,0,0
BRDA:160,14,1,0
BRDA:160,14,2,0
BRDA:164,15,0,0
BRDA:164,15,1,0
BRDA:176,16,0,0
BRDA:177,17,0,0
BRDA:177,17,1,0
BRDA:180,18,0,0
BRDA:180,18,1,0
BRDA:188,19,0,0
BRDA:188,19,1,0
BRDA:188,19,2,0
BRDA:188,19,3,0
BRDA:214,20,0,0
BRDA:214,20,1,0
BRDA:214,21,0,0
BRDA:214,21,1,0
BRDA:220,22,0,0
BRDA:220,22,1,0
BRDA:223,23,0,0
BRDA:223,23,1,0
BRDA:234,24,0,0
BRDA:234,24,1,0
BRF:53
BRH:0
end_of_record
TN:
SF:public\js\models\AdminModels.js
FN:19,(anonymous_0)
FN:34,(anonymous_1)
FN:48,(anonymous_2)
FN:64,(anonymous_3)
FN:70,(anonymous_4)
FN:123,(anonymous_5)
FN:142,(anonymous_6)
FN:292,(anonymous_7)
FN:302,(anonymous_8)
FN:308,(anonymous_9)
FN:344,(anonymous_10)
FN:352,(anonymous_11)
FN:433,(anonymous_12)
FN:455,(anonymous_13)
FN:468,(anonymous_14)
FN:475,(anonymous_15)
FN:490,(anonymous_16)
FN:496,(anonymous_17)
FNF:18
FNH:0
FNDA:0,(anonymous_0)
FNDA:0,(anonymous_1)
FNDA:0,(anonymous_2)
FNDA:0,(anonymous_3)
FNDA:0,(anonymous_4)
FNDA:0,(anonymous_5)
FNDA:0,(anonymous_6)
FNDA:0,(anonymous_7)
FNDA:0,(anonymous_8)
FNDA:0,(anonymous_9)
FNDA:0,(anonymous_10)
FNDA:0,(anonymous_11)
FNDA:0,(anonymous_12)
FNDA:0,(anonymous_13)
FNDA:0,(anonymous_14)
FNDA:0,(anonymous_15)
FNDA:0,(anonymous_16)
FNDA:0,(anonymous_17)
DA:2,0
DA:19,0
DA:34,0
DA:49,0
DA:56,0
DA:64,0
DA:70,0
DA:123,0
DA:142,0
DA:293,0
DA:295,0
DA:302,0
DA:308,0
DA:344,0
DA:352,0
DA:433,0
DA:455,0
DA:468,0
DA:476,0
DA:482,0
DA:490,0
DA:496,0
LF:22
LH:0
BRDA:56,0,0,0
BRDA:56,0,1,0
BRDA:74,1,0,0
BRDA:74,1,1,0
BRDA:455,2,0,0
BRDA:455,2,1,0
BRDA:468,3,0,0
BRDA:468,3,1,0
BRDA:482,4,0,0
BRDA:482,4,1,0
BRDA:503,5,0,0
BRDA:503,5,1,0
BRF:12
BRH:0
end_of_record
TN:
SF:public\js\modules\image-dom-manager.js
FN:7,(anonymous_0)
FN:11,(anonymous_1)
FN:27,(anonymous_2)
FN:34,(anonymous_3)
FN:41,(anonymous_4)
FN:59,(anonymous_5)
FN:88,(anonymous_6)
FN:98,(anonymous_7)
FN:128,(anonymous_8)
FN:162,(anonymous_9)
FN:223,(anonymous_10)
FN:245,(anonymous_11)
FN:254,(anonymous_12)
FN:303,(anonymous_13)
FN:304,(anonymous_14)
FN:340,(anonymous_15)
FN:348,(anonymous_16)
FN:350,(anonymous_17)
FN:351,(anonymous_18)
FN:365,(anonymous_19)
FN:384,(anonymous_20)
FN:400,(anonymous_21)
FN:425,(anonymous_22)
FN:454,(anonymous_23)
FN:462,(anonymous_24)
FN:512,(anonymous_25)
FN:526,(anonymous_26)
FN:534,(anonymous_27)
FN:542,(anonymous_28)
FNF:29
FNH:0
FNDA:0,(anonymous_0)
FNDA:0,(anonymous_1)
FNDA:0,(anonymous_2)
FNDA:0,(anonymous_3)
FNDA:0,(anonymous_4)
FNDA:0,(anonymous_5)
FNDA:0,(anonymous_6)
FNDA:0,(anonymous_7)
FNDA:0,(anonymous_8)
FNDA:0,(anonymous_9)
FNDA:0,(anonymous_10)
FNDA:0,(anonymous_11)
FNDA:0,(anonymous_12)
FNDA:0,(anonymous_13)
FNDA:0,(anonymous_14)
FNDA:0,(anonymous_15)
FNDA:0,(anonymous_16)
FNDA:0,(anonymous_17)
FNDA:0,(anonymous_18)
FNDA:0,(anonymous_19)
FNDA:0,(anonymous_20)
FNDA:0,(anonymous_21)
FNDA:0,(anonymous_22)
FNDA:0,(anonymous_23)
FNDA:0,(anonymous_24)
FNDA:0,(anonymous_25)
FNDA:0,(anonymous_26)
FNDA:0,(anonymous_27)
FNDA:0,(anonymous_28)
DA:8,0
DA:12,0
DA:15,0
DA:16,0
DA:17,0
DA:20,0
DA:21,0
DA:22,0
DA:23,0
DA:24,0
DA:27,0
DA:28,0
DA:29,0
DA:30,0
DA:31,0
DA:34,0
DA:35,0
DA:36,0
DA:37,0
DA:41,0
DA:42,0
DA:43,0
DA:44,0
DA:45,0
DA:50,0
DA:51,0
DA:54,0
DA:56,0
DA:61,0
DA:62,0
DA:64,0
DA:68,0
DA:71,0
DA:72,0
DA:76,0
DA:78,0
DA:79,0
DA:82,0
DA:83,0
DA:84,0
DA:90,0
DA:91,0
DA:93,0
DA:94,0
DA:99,0
DA:102,0
DA:103,0
DA:104,0
DA:107,0
DA:108,0
DA:109,0
DA:110,0
DA:111,0
DA:112,0
DA:113,0
DA:114,0
DA:115,0
DA:118,0
DA:119,0
DA:120,0
DA:122,0
DA:125,0
DA:128,0
DA:129,0
DA:131,0
DA:133,0
DA:134,0
DA:137,0
DA:139,0
DA:140,0
DA:146,0
DA:155,0
DA:159,0
DA:163,0
DA:164,0
DA:167,0
DA:168,0
DA:170,0
DA:171,0
DA:220,0
DA:225,0
DA:226,0
DA:228,0
DA:229,0
DA:231,0
DA:232,0
DA:234,0
DA:235,0
DA:237,0
DA:238,0
DA:240,0
DA:241,0
DA:246,0
DA:247,0
DA:249,0
DA:250,0
DA:251,0
DA:255,0
DA:257,0
DA:259,0
DA:261,0
DA:263,0
DA:266,0
DA:267,0
DA:269,0
DA:271,0
DA:273,0
DA:274,0
DA:286,0
DA:287,0
DA:288,0
DA:289,0
DA:291,0
DA:292,0
DA:293,0
DA:297,0
DA:299,0
DA:300,0
DA:303,0
DA:304,0
DA:305,0
DA:306,0
DA:307,0
DA:312,0
DA:314,0
DA:317,0
DA:318,0
DA:319,0
DA:321,0
DA:322,0
DA:325,0
DA:327,0
DA:329,0
DA:332,0
DA:334,0
DA:336,0
DA:341,0
DA:343,0
DA:344,0
DA:349,0
DA:350,0
DA:351,0
DA:352,0
DA:353,0
DA:354,0
DA:359,0
DA:360,0
DA:362,0
DA:367,0
DA:369,0
DA:370,0
DA:371,0
DA:373,0
DA:375,0
DA:377,0
DA:378,0
DA:379,0
DA:385,0
DA:387,0
DA:389,0
DA:390,0
DA:391,0
DA:392,0
DA:393,0
DA:395,0
DA:396,0
DA:401,0
DA:402,0
DA:404,0
DA:405,0
DA:407,0
DA:412,0
DA:413,0
DA:416,0
DA:418,0
DA:419,0
DA:420,0
DA:426,0
DA:428,0
DA:430,0
DA:431,0
DA:432,0
DA:433,0
DA:434,0
DA:435,0
DA:436,0
DA:437,0
DA:440,0
DA:442,0
DA:443,0
DA:444,0
DA:446,0
DA:447,0
DA:448,0
DA:451,0
DA:455,0
DA:457,0
DA:459,0
DA:463,0
DA:464,0
DA:466,0
DA:467,0
DA:468,0
DA:469,0
DA:470,0
DA:471,0
DA:472,0
DA:473,0
DA:474,0
DA:476,0
DA:478,0
DA:479,0
DA:481,0
DA:483,0
DA:484,0
DA:485,0
DA:486,0
DA:488,0
DA:490,0
DA:491,0
DA:492,0
DA:494,0
DA:496,0
DA:499,0
DA:500,0
DA:501,0
DA:503,0
DA:504,0
DA:505,0
DA:506,0
DA:507,0
DA:509,0
DA:513,0
DA:515,0
[...]
FN:234,(anonymous_24)
FN:242,(anonymous_25)
FN:250,(anonymous_26)
FN:281,(anonymous_27)
FN:297,(anonymous_28)
FN:310,(anonymous_29)
FN:320,(anonymous_30)
FN:335,(anonymous_31)
FN:337,(anonymous_32)
FN:343,(anonymous_33)
FN:355,(anonymous_34)
FN:360,(anonymous_35)
FN:365,(anonymous_36)
FN:379,(anonymous_37)
FN:385,(anonymous_38)
FN:405,(anonymous_39)
FN:412,(anonymous_40)
FN:435,(anonymous_41)
FN:446,(anonymous_42)
FN:451,(anonymous_43)
FN:456,(anonymous_44)
FN:461,(anonymous_45)
FN:464,(anonymous_46)
FN:476,(anonymous_47)
FN:479,(anonymous_48)
FN:491,(anonymous_49)
FN:502,(anonymous_50)
FN:513,(anonymous_51)
FN:537,(anonymous_52)
FN:544,(anonymous_53)
FN:551,(anonymous_54)
FN:565,(anonymous_55)
FN:574,(anonymous_56)
FN:588,(anonymous_57)
FN:600,(anonymous_58)
FN:611,(anonymous_59)
FNF:60
FNH:7
FNDA:9,(anonymous_0)
FNDA:0,(anonymous_1)
FNDA:0,(anonymous_2)
FNDA:0,(anonymous_3)
FNDA:0,(anonymous_4)
FNDA:0,(anonymous_5)
FNDA:0,(anonymous_6)
FNDA:0,(anonymous_7)
FNDA:0,(anonymous_8)
FNDA:0,(anonymous_9)
FNDA:0,(anonymous_10)
FNDA:0,(anonymous_11)
FNDA:0,(anonymous_12)
FNDA:0,(anonymous_13)
FNDA:0,(anonymous_14)
FNDA:0,(anonymous_15)
FNDA:0,(anonymous_16)
FNDA:0,(anonymous_17)
FNDA:2,(anonymous_18)
FNDA:4,(anonymous_19)
FNDA:0,(anonymous_20)
FNDA:0,(anonymous_21)
FNDA:0,(anonymous_22)
FNDA:2,(anonymous_23)
FNDA:2,(anonymous_24)
FNDA:2,(anonymous_25)
FNDA:0,(anonymous_26)
FNDA:2,(anonymous_27)
FNDA:0,(anonymous_28)
FNDA:0,(anonymous_29)
FNDA:0,(anonymous_30)
FNDA:0,(anonymous_31)
FNDA:0,(anonymous_32)
FNDA:0,(anonymous_33)
FNDA:0,(anonymous_34)
FNDA:0,(anonymous_35)
FNDA:0,(anonymous_36)
FNDA:0,(anonymous_37)
FNDA:0,(anonymous_38)
FNDA:0,(anonymous_39)
FNDA:0,(anonymous_40)
FNDA:0,(anonymous_41)
FNDA:0,(anonymous_42)
FNDA:0,(anonymous_43)
FNDA:0,(anonymous_44)
FNDA:0,(anonymous_45)
FNDA:0,(anonymous_46)
FNDA:0,(anonymous_47)
FNDA:0,(anonymous_48)
FNDA:0,(anonymous_49)
FNDA:0,(anonymous_50)
FNDA:0,(anonymous_51)
FNDA:0,(anonymous_52)
FNDA:0,(anonymous_53)
FNDA:0,(anonymous_54)
FNDA:0,(anonymous_55)
FNDA:0,(anonymous_56)
FNDA:0,(anonymous_57)
FNDA:0,(anonymous_58)
FNDA:0,(anonymous_59)
DA:5,9
DA:6,9
DA:7,9
DA:8,9
DA:9,9
DA:10,9
DA:11,9
DA:16,0
DA:17,0
DA:20,0
DA:21,0
DA:22,0
DA:27,0
DA:28,0
DA:29,0
DA:34,0
DA:36,0
DA:37,0
DA:38,0
DA:39,0
DA:43,0
DA:45,0
DA:46,0
DA:47,0
DA:48,0
DA:49,0
DA:53,0
DA:54,0
DA:57,0
DA:58,0
DA:59,0
DA:66,0
DA:68,0
DA:69,0
DA:70,0
DA:71,0
DA:75,0
DA:77,0
DA:78,0
DA:79,0
DA:82,0
DA:83,0
DA:86,0
DA:87,0
DA:91,0
DA:93,0
DA:94,0
DA:95,0
DA:102,0
DA:103,0
DA:106,0
DA:107,0
DA:113,0
DA:114,0
DA:117,0
DA:119,0
DA:120,0
DA:123,0
DA:125,0
DA:126,0
DA:128,0
DA:132,0
DA:137,2
DA:139,2
DA:140,0
DA:143,2
DA:145,2
DA:146,1
DA:148,1
DA:149,1
DA:155,4
DA:157,4
DA:159,4
DA:161,4
DA:162,1
DA:164,1
DA:166,1
DA:170,3
DA:171,1
DA:173,1
DA:176,3
DA:178,3
DA:179,0
DA:181,0
DA:187,0
DA:189,0
DA:191,0
DA:193,0
DA:194,0
DA:196,0
DA:198,0
DA:200,0
DA:203,0
DA:205,0
DA:206,0
DA:207,0
DA:208,0
DA:210,0
DA:211,0
DA:212,0
DA:218,2
DA:220,2
DA:222,2
DA:224,2
DA:225,1
DA:227,1
DA:230,1
DA:232,1
DA:234,1
DA:236,2
DA:237,2
DA:239,2
DA:241,2
DA:242,2
DA:244,1
DA:246,1
DA:251,0
DA:253,0
DA:255,0
DA:257,0
DA:258,0
DA:260,0
DA:264,0
DA:267,0
DA:269,0
DA:270,0
DA:272,0
DA:273,0
DA:276,0
DA:277,0
DA:282,2
DA:284,2
DA:286,2
DA:288,2
DA:289,0
DA:290,0
DA:292,2
DA:299,0
DA:300,0
DA:303,0
DA:305,0
DA:307,0
DA:310,0
DA:311,0
DA:314,0
DA:315,0
DA:321,0
DA:323,0
DA:324,0
DA:327,0
DA:329,0
DA:330,0
DA:337,0
DA:338,0
DA:344,0
DA:346,0
DA:347,0
DA:348,0
DA:349,0
DA:350,0
DA:356,0
DA:361,0
DA:366,0
DA:368,0
DA:369,0
DA:370,0
DA:372,0
DA:373,0
DA:381,0
DA:387,0
DA:388,0
DA:389,0
DA:393,0
DA:394,0
DA:395,0
DA:399,0
DA:400,0
DA:406,0
DA:407,0
DA:413,0
DA:415,0
DA:416,0
DA:419,0
DA:420,0
DA:421,0
DA:423,0
DA:424,0
DA:426,0
DA:427,0
DA:429,0
DA:436,0
DA:438,0
DA:439,0
DA:440,0
DA:441,0
DA:447,0
DA:452,0
DA:457,0
DA:462,0
DA:464,0
DA:465,0
DA:466,0
DA:467,0
DA:469,0
DA:470,0
DA:477,0
DA:479,0
DA:480,0
DA:481,0
DA:482,0
DA:484,0
DA:485,0
DA:492,0
DA:493,0
DA:494,0
DA:496,0
DA:497,0
DA:503,0
DA:504,0
DA:505,0
DA:507,0
DA:508,0
DA:515,0
DA:516,0
DA:520,0
DA:521,0
DA:523,0
DA:524,0
DA:526,0
DA:527,0
DA:529,0
DA:533,0
DA:538,0
DA:539,0
DA:540,0
DA:545,0
DA:546,0
DA:547,0
DA:552,0
DA:553,0
DA:556,0
DA:558,0
DA:559,0
DA:562,0
DA:563,0
DA:565,0
DA:566,0
DA:567,0
DA:569,0
DA:575,0
DA:576,0
DA:577,0
DA:580,0
DA:582,0
DA:583,0
DA:589,0
DA:592,0
DA:593,0
DA:595,0
DA:601,0
DA:607,0
DA:612,0
DA:613,0
DA:615,0
DA:616,0
DA:618,0
DA:619,0
DA:621,0
DA:622,0
DA:628,1
DA:629,1
DA:633,1
DA:634,1
LF:273
LH:51
BRDA:16,0,0,0
BRDA:16,0,1,0
BRDA:36,1,0,0
BRDA:36,1,1,0
BRDA:45,2,0,0
BRDA:45,2,1,0
BRDA:47,3,0,0
BRDA:47,3,1,0
BRDA:68,4,0,0
BRDA:68,4,1,0
BRDA:77,5,0,0
BRDA:77,5,1,0
BRDA:93,6,0,0
BRDA:93,6,1,0
BRDA:113,7,0,0
BRDA:113,7,1,0
BRDA:119,8,0,0
BRDA:119,8,1,0
BRDA:125,9,0,0
BRDA:125,9,1,0
BRDA:139,10,0,0
BRDA:139,10,1,2
BRDA:145,11,0,1
BRDA:145,11,1,1
BRDA:161,12,0,1
BRDA:161,12,1,3
BRDA:170,13,0,1
BRDA:170,13,1,2
BRDA:194,14,0,0
BRDA:194,14,1,0
BRDA:205,15,0,0
BRDA:205,15,1,0
BRDA:224,16,0,1
BRDA:224,16,1,1
BRDA:237,17,0,2
BRDA:237,17,1,0
BRDA:257,18,0,0
BRDA:257,18,1,0
BRDA:288,19,0,0
BRDA:288,19,1,2
BRDA:299,20,0,0
BRDA:299,20,1,0
BRDA:305,21,0,0
BRDA:305,21,1,0
BRDA:323,22,0,0
BRDA:323,22,1,0
BRDA:329,23,0,0
BRDA:329,23,1,0
BRDA:346,24,0,0
BRDA:346,24,1,0
BRDA:368,25,0,0
BRDA:368,25,1,0
BRDA:372,26,0,0
BRDA:372,26,1,0
BRDA:387,27,0,0
BRDA:387,27,1,0
BRDA:387,28,0,0
BRDA:387,28,1,0
BRDA:387,28,2,0
BRDA:393,29,0,0
BRDA:393,29,1,0
BRDA:393,30,0,0
BRDA:393,30,1,0
BRDA:393,30,2,0
BRDA:399,31,0,0
BRDA:399,31,1,0
BRDA:406,32,0,0
BRDA:406,32,1,0
BRDA:415,33,0,0
BRDA:415,33,1,0
BRDA:423,34,0,0
BRDA:423,34,1,0
BRDA:426,35,0,0
BRDA:426,35,1,0
BRDA:438,36,0,0
BRDA:438,36,1,0
BRDA:469,37,0,0
BRDA:469,37,1,0
BRDA:469,38,0,0
BRDA:469,38,1,0
BRDA:484,39,0,0
BRDA:484,39,1,0
BRDA:484,40,0,0
BRDA:484,40,1,0
BRDA:493,41,0,0
BRDA:493,41,1,0
BRDA:496,42,0,0
BRDA:496,42,1,0
BRDA:504,43,0,0
BRDA:504,43,1,0
BRDA:507,44,0,0
BRDA:507,44,1,0
BRDA:513,45,0,0
BRDA:515,46,0,0
BRDA:515,46,1,0
BRDA:520,47,0,0
BRDA:520,47,1,0
BRDA:521,48,0,0
BRDA:521,48,1,0
BRDA:521,48,2,0
BRDA:552,49,0,0
BRDA:552,49,1,0
BRDA:558,50,0,0
BRDA:558,50,1,0
BRDA:575,51,0,0
BRDA:575,51,1,0
BRDA:582,52,0,0
BRDA:582,52,1,0
BRDA:592,53,0,0
BRDA:592,53,1,0
BRDA:600,54,0,0
BRDA:612,55,0,0
BRDA:612,55,1,0
BRDA:615,56,0,0
BRDA:615,56,1,0
BRDA:618,57,0,0
BRDA:618,57,1,0
BRDA:621,58,0,0
BRDA:621,58,1,0
BRDA:628,59,0,1
BRDA:628,59,1,0
BRDA:633,60,0,1
BRDA:633,60,1,0
BRDA:633,61,0,1
BRDA:633,61,1,1
BRF:125
BRH:15
end_of_record
TN:
SF:public\js\services\FormGenerator.js
FN:2,(anonymous_0)
FN:15,(anonymous_1)
FN:30,(anonymous_2)
FN:35,(anonymous_3)
FN:50,(anonymous_4)
FN:62,(anonymous_5)
FN:63,(anonymous_6)
FN:87,(anonymous_7)
FN:120,(anonymous_8)
FN:121,(anonymous_9)
FN:122,(anonymous_10)
FN:123,(anonymous_11)
FN:124,(anonymous_12)
FN:128,(anonymous_13)
FN:206,(anonymous_14)
FN:232,(anonymous_15)
FN:259,(anonymous_16)
FN:274,(anonymous_17)
FN:296,(anonymous_18)
FN:314,(anonymous_19)
FN:335,(anonymous_20)
FN:354,(anonymous_21)
FN:371,(anonymous_22)
FN:380,(anonymous_23)
FN:388,(anonymous_24)
FN:389,(anonymous_25)
FN:412,(anonymous_26)
FN:420,(anonymous_27)
FN:491,(anonymous_28)
FN:503,(anonymous_29)
FN:513,(anonymous_30)
FN:519,(anonymous_31)
FN:524,(anonymous_32)
FN:529,(anonymous_33)
FN:535,(anonymous_34)
FN:561,(anonymous_35)
FN:565,(anonymous_36)
FN:573,(anonymous_37)
FN:575,(anonymous_38)
FN:586,(anonymous_39)
FN:590,(anonymous_40)
FN:592,(anonymous_41)
FN:599,(anonymous_42)
FN:601,(anonymous_43)
FN:605,(anonymous_44)
FN:626,(anonymous_45)
FN:633,(anonymous_46)
FN:645,(anonymous_47)
FN:647,(anonymous_48)
FN:653,(anonymous_49)
FN:667,(anonymous_50)
FN:676,(anonymous_51)
FN:678,(anonymous_52)
FN:684,(anonymous_53)
FN:690,(anonymous_54)
FN:699,(anonymous_55)
FN:708,(anonymous_56)
FNF:57
FNH:0
FNDA:0,(anonymous_0)
FNDA:0,(anonymous_1)
FNDA:0,(anonymous_2)
FNDA:0,(anonymous_3)
FNDA:0,(anonymous_4)
FNDA:0,(anonymous_5)
FNDA:0,(anonymous_6)
FNDA:0,(anonymous_7)
FNDA:0,(anonymous_8)
FNDA:0,(anonymous_9)
FNDA:0,(anonymous_10)
FNDA:0,(anonymous_11)
FNDA:0,(anonymous_12)
FNDA:0,(anonymous_13)
FNDA:0,(anonymous_14)
FNDA:0,(anonymous_15)
FNDA:0,(anonymous_16)
FNDA:0,(anonymous_17)
FNDA:0,(anonymous_18)
FNDA:0,(anonymous_19)
FNDA:0,(anonymous_20)
FNDA:0,(anonymous_21)
FNDA:0,(anonymous_22)
FNDA:0,(anonymous_23)
FNDA:0,(anonymous_24)
FNDA:0,(anonymous_25)
FNDA:0,(anonymous_26)
FNDA:0,(anonymous_27)
FNDA:0,(anonymous_28)
FNDA:0,(anonymous_29)
FNDA:0,(anonymous_30)
FNDA:0,(anonymous_31)
FNDA:0,(anonymous_32)
FNDA:0,(anonymous_33)
FNDA:0,(anonymous_34)
FNDA:0,(anonymous_35)
FNDA:0,(anonymous_36)
FNDA:0,(anonymous_37)
FNDA:0,(anonymous_38)
FNDA:0,(anonymous_39)
FNDA:0,(anonymous_40)
FNDA:0,(anonymous_41)
FNDA:0,(anonymous_42)
FNDA:0,(anonymous_43)
FNDA:0,(anonymous_44)
FNDA:0,(anonymous_45)
FNDA:0,(anonymous_46)
FNDA:0,(anonymous_47)
FNDA:0,(anonymous_48)
FNDA:0,(anonymous_49)
FNDA:0,(anonymous_50)
FNDA:0,(anonymous_51)
FNDA:0,(anonymous_52)
FNDA:0,(anonymous_53)
FNDA:0,(anonymous_54)
FNDA:0,(anonymous_55)
FNDA:0,(anonymous_56)
DA:3,0
DA:10,0
DA:11,0
DA:12,0
DA:16,0
DA:17,0
DA:18,0
DA:19,0
DA:22,0
DA:23,0
DA:25,0
DA:26,0
DA:28,0
DA:30,0
DA:31,0
DA:32,0
DA:33,0
DA:35,0
DA:36,0
DA:39,0
DA:40,0
DA:42,0
DA:45,0
DA:47,0
DA:51,0
DA:53,0
DA:54,0
DA:55,0
DA:56,0
DA:59,0
DA:63,0
DA:64,0
DA:66,0
DA:88,0
DA:90,0
DA:91,0
DA:92,0
DA:95,0
DA:96,0
DA:98,0
DA:101,0
DA:103,0
DA:105,0
DA:106,0
DA:108,0
DA:111,0
DA:113,0
DA:114,0
DA:115,0
DA:117,0
DA:120,0
DA:121,0
DA:122,0
DA:123,0
DA:124,0
DA:131,0
DA:137,0
DA:139,0
DA:143,0
DA:145,0
DA:148,0
DA:150,0
DA:153,0
DA:155,0
DA:158,0
DA:160,0
DA:163,0
DA:165,0
DA:169,0
DA:171,0
DA:174,0
DA:176,0
DA:179,0
DA:181,0
DA:184,0
DA:187,0
DA:188,0
DA:189,0
DA:191,0
DA:192,0
DA:194,0
DA:195,0
DA:197,0
DA:198,0
DA:201,0
DA:203,0
DA:207,0
DA:209,0
DA:210,0
DA:211,0
DA:212,0
DA:214,0
DA:215,0
DA:217,0
DA:219,0
DA:221,0
DA:223,0
DA:225,0
DA:229,0
DA:233,0
DA:235,0
DA:236,0
DA:237,0
DA:238,0
DA:240,0
DA:241,0
DA:243,0
DA:245,0
DA:247,0
DA:249,0
DA:251,0
DA:255,0
DA:256,0
DA:257,0
DA:259,0
DA:261,0
DA:263,0
DA:265,0
DA:271,0
DA:275,0
DA:277,0
DA:278,0
DA:279,0
DA:280,0
DA:282,0
DA:283,0
DA:285,0
DA:287,0
DA:289,0
DA:293,0
DA:297,0
DA:299,0
DA:300,0
DA:303,0
DA:304,0
DA:306,0
DA:307,0
DA:308,0
DA:309,0
DA:310,0
DA:313,0
DA:314,0
DA:316,0
DA:318,0
DA:320,0
DA:322,0
DA:324,0
DA:328,0
DA:332,0
DA:336,0
DA:338,0
DA:339,0
DA:341,0
DA:342,0
DA:343,0
DA:345,0
DA:346,0
DA:347,0
DA:349,0
DA:351,0
DA:355,0
DA:357,0
DA:358,0
DA:359,0
DA:360,0
DA:361,0
DA:363,0
DA:364,0
DA:365,0
DA:368,0
DA:372,0
DA:374,0
DA:375,0
DA:377,0
DA:381,0
DA:383,0
DA:385,0
DA:389,0
DA:390,0
DA:392,0
DA:393,0
DA:394,0
DA:395,0
DA:397,0
DA:399,0
DA:401,0
DA:403,0
DA:405,0
DA:408,0
DA:413,0
DA:415,0
DA:417,0
DA:421,0
DA:424,0
DA:425,0
DA:428,0
DA:429,0
DA:432,0
DA:434,0
DA:436,0
DA:438,0
DA:441,0
DA:443,0
DA:445,0
DA:447,0
DA:451,0
DA:454,0
DA:458,0
DA:461,0
DA:468,0
DA:470,0
DA:473,0
DA:475,0
DA:477,0
DA:479,0
DA:485,0
DA:492,0
DA:493,0
DA:494,0
DA:495,0
DA:497,0
DA:499,0
DA:504,0
DA:505,0
DA:507,0
DA:509,0
DA:514,0
DA:515,0
DA:516,0
DA:520,0
DA:521,0
DA:525,0
DA:531,0
DA:533,0
DA:535,0
DA:537,0
DA:539,0
DA:542,0
DA:545,0
DA:548,0
DA:553,0
DA:559,0
DA:563,0
DA:565,0
DA:567,0
DA:571,0
DA:575,0
DA:577,0
DA:580,0
DA:588,0
DA:590,0
DA:594,0
DA:600,0
DA:601,0
DA:603,0
DA:605,0
DA:607,0
DA:609,0
DA:612,0
DA:617,0
DA:627,0
DA:628,0
DA:630,0
DA:631,0
DA:633,0
DA:634,0
DA:636,0
DA:638,0
DA:640,0
DA:646,0
DA:649,0
DA:651,0
DA:655,0
DA:657,0
DA:659,0
DA:663,0
DA:669,0
DA:671,0
DA:677,0
DA:680,0
DA:682,0
DA:686,0
DA:688,0
DA:692,0
DA:694,0
DA:700,0
DA:702,0
DA:703,0
DA:705,0
DA:709,0
DA:711,0
DA:712,0
DA:714,0
LF:293
LH:0
BRDA:2,0,0,0
BRDA:15,1,0,0
BRDA:19,2,0,0
BRDA:19,2,1,0
BRDA:22,3,0,0
BRDA:22,3,1,0
BRDA:25,4,0,0
BRDA:25,4,1,0
BRDA:32,5,0,0
BRDA:32,5,1,0
BRDA:53,6,0,0
BRDA:53,6,1,0
BRDA:54,7,0,0
BRDA:54,7,1,0
BRDA:55,8,0,0
BRDA:55,8,1,0
BRDA:91,9,0,0
BRDA:91,9,1,0
BRDA:95,10,0,0
BRDA:95,10,1,0
BRDA:105,11,0,0
BRDA:105,11,1,0
BRDA:131,12,0,0
BRDA:131,12,1,0
BRDA:131,12,2,0
BRDA:131,12,3,0
BRDA:131,12,4,0
BRDA:131,12,5,0
BRDA:131,12,6,0
BRDA:131,12,7,0
BRDA:131,12,8,0
BRDA:131,12,9,0
BRDA:131,12,10,0
BRDA:131,12,11,0
BRDA:131,12,12,0
BRDA:131,12,13,0
BRDA:131,12,14,0
BRDA:187,13,0,0
BRDA:187,13,1,0
BRDA:191,14,0,0
BRDA:191,14,1,0
BRDA:194,15,0,0
BRDA:194,15,1,0
BRDA:197,16,0,0
BRDA:197,16,1,0
BRDA:201,17,0,0
BRDA:201,17,1,0
BRDA:209,18,0,0
BRDA:209,18,1,0
BRDA:210,19,0,0
BRDA:210,19,1,0
BRDA:211,20,0,0
BRDA:211,20,1,0
BRDA:214,21,0,0
BRDA:214,21,1,0
BRDA:215,22,0,0
BRDA:215,22,1,0
BRDA:219,23,0,0
BRDA:219,23,1,0
BRDA:223,24,0,0
BRDA:223,24,1,0
BRDA:236,25,0,0
BRDA:236,25,1,0
BRDA:237,26,0,0
BRDA:237,26,1,0
BRDA:240,27,0,0
BRDA:240,27,1,0
BRDA:241,28,0,0
BRDA:241,28,1,0
BRDA:245,29,0,0
BRDA:245,29,1,0
BRDA:249,30,0,0
BRDA:249,30,1,0
BRDA:255,31,0,0
BRDA:255,31,1,0
BRDA:263,32,0,0
BRDA:263,32,1,0
BRDA:277,33,0,0
BRDA:277,33,1,0
BRDA:278,34,0,0
BRDA:278,34,1,0
BRDA:279,35,0,0
BRDA:279,35,1,0
BRDA:282,36,0,0
BRDA:282,36,1,0
BRDA:283,37,0,0
BRDA:283,37,1,0
BRDA:287,38,0,0
BRDA:287,38,1,0
BRDA:299,39,0,0
BRDA:299,39,1,0
BRDA:303,40,0,0
BRDA:303,40,1,0
BRDA:313,41,0,0
BRDA:313,41,1,0
BRDA:320,42,0,0
BRDA:320,42,1,0
BRDA:322,43,0,0
BRDA:322,43,1,0
BRDA:345,44,0,0
BRDA:345,44,1,0
BRDA:360,45,0,0
BRDA:360,45,1,0
BRDA:383,46,0,0
BRDA:383,46,1,0
BRDA:392,47,0,0
BRDA:392,47,1,0
BRDA:394,48,0,0
BRDA:394,48,1,0
BRDA:395,49,0,0
BRDA:395,49,1,0
BRDA:403,50,0,0
BRDA:403,50,1,0
BRDA:424,51,0,0
BRDA:424,51,1,0
BRDA:424,52,0,0
BRDA:424,52,1,0
BRDA:424,52,2,0
BRDA:425,53,0,0
BRDA:425,53,1,0
BRDA:428,54,0,0
BRDA:428,54,1,0
BRDA:428,55,0,0
BRDA:428,55,1,0
BRDA:432,56,0,0
BRDA:432,56,1,0
BRDA:432,57,0,0
BRDA:432,57,1,0
BRDA:436,58,0,0
BRDA:436,58,1,0
BRDA:436,59,0,0
BRDA:436,59,1,0
BRDA:441,60,0,0
BRDA:441,60,1,0
BRDA:441,61,0,0
BRDA:441,61,1,0
BRDA:441,61,2,0
BRDA:445,62,0,0
BRDA:445,62,1,0
BRDA:451,63,0,0
BRDA:451,63,1,0
BRDA:451,64,0,0
BRDA:451,64,1,0
BRDA:458,65,0,0
BRDA:458,65,1,0
BRDA:458,66,0,0
BRDA:458,66,1,0
BRDA:468,67,0,0
BRDA:468,67,1,0
BRDA:468,68,0,0
BRDA:468,68,1,0
BRDA:470,69,0,0
BRDA:470,69,1,0
BRDA:473,70,0,0
BRDA:473,70,1,0
BRDA:473,71,0,0
BRDA:473,71,1,0
BRDA:477,72,0,0
BRDA:477,72,1,0
BRDA:479,73,0,0
BRDA:479,73,1,0
BRDA:492,74,0,0
BRDA:492,74,1,0
BRDA:493,75,0,0
BRDA:493,75,1,0
BRDA:494,76,0,0
BRDA:494,76,1,0
BRDA:494,77,0,0
BRDA:494,77,1,0
BRDA:497,78,0,0
BRDA:497,78,1,0
BRDA:504,79,0,0
BRDA:504,79,1,0
BRDA:505,80,0,0
BRDA:505,80,1,0
BRDA:539,81,0,0
BRDA:539,81,1,0
BRDA:577,82,0,0
BRDA:577,82,1,0
BRDA:600,83,0,0
BRDA:600,83,1,0
BRDA:603,84,0,0
BRDA:603,84,1,0
BRDA:609,85,0,0
BRDA:609,85,1,0
BRDA:627,86,0,0
BRDA:627,86,1,0
BRDA:627,87,0,0
BRDA:627,87,1,0
BRDA:630,88,0,0
BRDA:630,88,1,0
BRDA:634,89,0,0
BRDA:634,89,1,0
BRDA:638,90,0,0
BRDA:638,90,1,0
BRDA:651,91,0,0
BRDA:651,91,1,0
BRDA:671,92,0,0
BRDA:671,92,1,0
BRDA:682,93,0,0
BRDA:682,93,1,0
BRDA:688,94,0,0
BRDA:688,94,1,0
BRDA:694,95,0,0
BRDA:694,95,1,0
BRF:205
BRH:0
end_of_record
TN:
SF:public\js\services\stats-service.js
FN:4,(anonymous_0)
FN:13,(anonymous_1)
FN:16,(anonymous_2)
FN:20,(anonymous_3)
FN:21,(anonymous_4)
FN:31,(anonymous_5)
FN:40,(anonymous_6)
FN:62,(anonymous_7)
FN:110,(anonymous_8)
FN:118,(anonymous_9)
FN:132,(anonymous_10)
FN:139,(anonymous_11)
FN:154,(anonymous_12)
FN:169,(anonymous_13)
FN:174,(anonymous_14)
FN:179,(anonymous_15)
FN:190,(anonymous_16)
FN:209,(anonymous_17)
FN:231,(anonymous_18)
FNF:19
FNH:0
FNDA:0,(anonymous_0)
FNDA:0,(anonymous_1)
FNDA:0,(anonymous_2)
FNDA:0,(anonymous_3)
FNDA:0,(anonymous_4)
FNDA:0,(anonymous_5)
FNDA:0,(anonymous_6)
FNDA:0,(anonymous_7)
FNDA:0,(anonymous_8)
FNDA:0,(anonymous_9)
FNDA:0,(anonymous_10)
FNDA:0,(anonymous_11)
FNDA:0,(anonymous_12)
FNDA:0,(anonymous_13)
FNDA:0,(anonymous_14)
FNDA:0,(anonymous_15)
FNDA:0,(anonymous_16)
FNDA:0,(anonymous_17)
FNDA:0,(anonymous_18)
DA:5,0
DA:6,0
DA:7,0
DA:8,0
DA:9,0
DA:14,0
DA:16,0
DA:21,0
DA:22,0
DA:23,0
DA:25,0
DA:32,0
DA:33,0
DA:36,0
DA:42,0
DA:43,0
DA:45,0
DA:49,0
DA:50,0
DA:54,0
DA:55,0
DA:58,0
DA:63,0
DA:64,0
DA:67,0
DA:68,0
DA:71,0
DA:72,0
DA:74,0
DA:78,0
DA:79,0
DA:81,0
DA:85,0
DA:87,0
DA:88,0
DA:89,0
DA:92,0
DA:94,0
DA:96,0
DA:98,0
DA:101,0
DA:103,0
DA:105,0
DA:112,0
DA:114,0
DA:118,0
DA:120,0
DA:121,0
DA:123,0
DA:125,0
DA:127,0
DA:133,0
DA:134,0
DA:135,0
DA:140,0
DA:141,0
DA:144,0
DA:146,0
DA:155,0
DA:156,0
DA:160,0
DA:170,0
DA:175,0
DA:177,0
DA:179,0
DA:180,0
DA:182,0
DA:185,0
DA:190,0
DA:192,0
DA:193,0
DA:195,0
DA:200,0
DA:201,0
DA:207,0
DA:209,0
DA:210,0
DA:211,0
DA:213,0
DA:216,0
DA:217,0
DA:219,0
DA:222,0
DA:224,0
DA:226,0
DA:231,0
DA:233,0
DA:235,0
DA:238,0
DA:243,0
DA:245,0
DA:246,0
DA:248,0
DA:252,0
LF:94
LH:0
BRDA:32,0,0,0
BRDA:32,0,1,0
BRDA:32,1,0,0
BRDA:32,1,1,0
BRDA:40,2,0,0
BRDA:42,3,0,0
BRDA:42,3,1,0
BRDA:42,4,0,0
BRDA:42,4,1,0
BRDA:49,5,0,0
BRDA:49,5,1,0
BRDA:49,6,0,0
BRDA:49,6,1,0
BRDA:54,7,0,0
BRDA:54,7,1,0
BRDA:63,8,0,0
BRDA:63,8,1,0
BRDA:71,9,0,0
BRDA:71,9,1,0
BRDA:71,10,0,0
BRDA:71,10,1,0
BRDA:78,11,0,0
BRDA:78,11,1,0
BRDA:87,12,0,0
BRDA:87,12,1,0
BRDA:112,13,0,0
BRDA:112,13,1,0
BRDA:112,14,0,0
BRDA:112,14,1,0
BRDA:140,15,0,0
BRDA:140,15,1,0
BRDA:144,16,0,0
BRDA:144,17,0,0
BRDA:155,18,0,0
BRDA:155,18,1,0
BRDA:180,19,0,0
BRDA:180,19,1,0
BRDA:216,20,0,0
BRDA:216,20,1,0
BRDA:233,21,0,0
BRDA:233,21,1,0
BRDA:233,22,0,0
BRDA:233,22,1,0
BRDA:233,22,2,0
BRDA:243,23,0,0
BRDA:243,23,1,0
BRDA:245,24,0,0
BRDA:245,24,1,0
BRF:48
BRH:0
end_of_record
TN:
SF:public\js\shared\auth-messaging.js
FN:7,(anonymous_0)
FN:14,(anonymous_1)
FN:36,(anonymous_2)
FN:63,(anonymous_3)
FN:89,(anonymous_4)
FN:115,(anonymous_5)
FN:128,(anonymous_6)
FN:141,(anonymous_7)
FN:146,(anonymous_8)
FN:179,(anonymous_9)
FN:189,(anonymous_10)
FN:202,(anonymous_11)
FN:225,(anonymous_12)
FN:239,(anonymous_13)
FN:242,(anonymous_14)
FNF:15
FNH:0
FNDA:0,(anonymous_0)
FNDA:0,(anonymous_1)
FNDA:0,(anonymous_2)
FNDA:0,(anonymous_3)
FNDA:0,(anonymous_4)
FNDA:0,(anonymous_5)
FNDA:0,(anonymous_6)
FNDA:0,(anonymous_7)
FNDA:0,(anonymous_8)
FNDA:0,(anonymous_9)
FNDA:0,(anonymous_10)
FNDA:0,(anonymous_11)
FNDA:0,(anonymous_12)
FNDA:0,(anonymous_13)
FNDA:0,(anonymous_14)
DA:8,0
DA:9,0
DA:10,0
DA:11,0
DA:15,0
DA:18,0
DA:19,0
DA:20,0
DA:22,0
DA:29,0
DA:30,0
DA:33,0
DA:37,0
DA:39,0
DA:40,0
DA:41,0
DA:42,0
DA:53,0
DA:55,0
DA:56,0
DA:57,0
DA:59,0
DA:64,0
DA:65,0
DA:67,0
DA:68,0
DA:79,0
DA:80,0
DA:82,0
DA:83,0
DA:86,0
DA:90,0
DA:91,0
DA:93,0
DA:94,0
DA:105,0
DA:106,0
DA:108,0
DA:109,0
DA:112,0
DA:116,0
DA:117,0
DA:119,0
DA:120,0
DA:121,0
DA:122,0
DA:124,0
DA:129,0
DA:130,0
DA:131,0
DA:133,0
DA:134,0
DA:136,0
DA:137,0
DA:142,0
DA:147,0
DA:148,0
DA:151,0
DA:152,0
DA:155,0
DA:156,0
DA:159,0
DA:160,0
DA:163,0
DA:164,0
DA:167,0
DA:168,0
DA:171,0
DA:172,0
DA:175,0
DA:180,0
DA:182,0
DA:183,0
DA:186,0
DA:190,0
DA:191,0
DA:194,0
DA:195,0
DA:198,0
DA:203,0
DA:205,0
DA:207,0
DA:209,0
DA:212,0
DA:214,0
DA:215,0
DA:216,0
DA:217,0
DA:219,0
DA:221,0
DA:226,0
DA:228,0
DA:229,0
DA:231,0
DA:233,0
DA:234,0
DA:240,0
DA:242,0
DA:247,0
DA:248,0
DA:250,0
DA:251,0
DA:252,0
DA:253,0
LF:104
LH:0
BRDA:29,0,0,0
BRDA:29,0,1,0
BRDA:55,1,0,0
BRDA:55,1,1,0
BRDA:63,2,0,0
BRDA:67,3,0,0
BRDA:67,3,1,0
BRDA:75,4,0,0
BRDA:75,4,1,0
BRDA:83,5,0,0
BRDA:83,5,1,0
BRDA:89,6,0,0
BRDA:93,7,0,0
BRDA:93,7,1,0
BRDA:101,8,0,0
BRDA:101,8,1,0
BRDA:109,9,0,0
BRDA:109,9,1,0
BRDA:115,10,0,0
BRDA:119,11,0,0
BRDA:119,11,1,0
BRDA:130,12,0,0
BRDA:130,12,1,0
BRDA:133,13,0,0
BRDA:133,13,1,0
BRDA:136,14,0,0
BRDA:136,14,1,0
BRDA:147,15,0,0
BRDA:147,15,1,0
BRDA:151,16,0,0
BRDA:151,16,1,0
BRDA:155,17,0,0
BRDA:155,17,1,0
BRDA:159,18,0,0
BRDA:159,18,1,0
BRDA:163,19,0,0
BRDA:163,19,1,0
BRDA:167,20,0,0
BRDA:167,20,1,0
BRDA:171,21,0,0
BRDA:171,21,1,0
BRDA:182,22,0,0
BRDA:182,22,1,0
BRDA:182,23,0,0
BRDA:182,23,1,0
BRDA:189,24,0,0
BRDA:190,25,0,0
BRDA:190,25,1,0
BRDA:190,26,0,0
BRDA:190,26,1,0
BRDA:194,27,0,0
BRDA:194,27,1,0
BRDA:194,28,0,0
BRDA:194,28,1,0
BRDA:207,29,0,0
BRDA:207,29,1,0
BRDA:214,30,0,0
BRDA:214,30,1,0
BRDA:228,31,0,0
BRDA:228,31,1,0
BRDA:233,32,0,0
BRDA:233,32,1,0
BRDA:250,33,0,0
BRDA:250,33,1,0
BRF:64
BRH:0
end_of_record
